Input file: C:\Users\Garrett\Desktop\School\Thesis\TMMC\Confirmation_Results\Isobutane_Mie\290K\out_ISB_290K_2750_RUN1.log
Temperature     Box Volume      Midpoint        
290             27000           75              
Vap Dens mol/m3 Liq Dens mol/m3 Vapor Pressure  Surface Tension 
161.99          9648.76         0.3556          0.00982213      
Weight Function 
1
1.78996
1.95181
1.77257
1.37122
0.814178
0.139733
-0.627111
-1.46236
-2.3511
-3.28224
-4.24869
-5.24123
-6.25218
-7.27522
-8.30267
-9.33721
-10.3736
-11.4056
-12.4371
-13.4581
-14.4732
-15.4748
-16.4652
-17.444
-18.4051
-19.3537
-20.2853
-21.2029
-22.0979
-22.9786
-23.8445
-24.6947
-25.526
-26.334
-27.1213
-27.8925
-28.6429
-29.3729
-30.0834
-30.7767
-31.4522
-32.1097
-32.7455
-33.3587
-33.9539
-34.5301
-35.0833
-35.617
-36.1268
-36.6228
-37.0985
-37.5496
-37.9867
-38.4052
-38.8
-39.1733
-39.5283
-39.8645
-40.1776
-40.4748
-40.7529
-41.0126
-41.2477
-41.4663
-41.6672
-41.843
-42.0094
-42.1528
-42.2759
-42.377
-42.4601
-42.5248
-42.5665
-42.5933
-42.5989
-42.5894
-42.5525
-42.5043
-42.4334
-42.3499
-42.2429
-42.1169
-41.9725
-41.807
-41.6205
-41.4191
-41.2049
-40.9684
-40.7078
-40.4309
-40.1287
-39.8101
-39.4709
-39.1156
-38.7454
-38.3485
-37.9325
-37.4998
-37.0485
-36.5829
-36.1014
-35.5867
-35.0644
-34.5181
-33.9582
-33.3745
-32.7781
-32.1558
-31.5207
-30.865
-30.1966
-29.5118
-28.8092
-28.089
-27.3654
-26.6198
-25.8613
-25.0901
-24.3085
-23.5107
-22.7004
-21.8749
-21.0536
-20.2084
-19.3621
-18.5106
-17.6447
-16.7707
-15.894
-15.0242
-14.1665
-13.2921
-12.4159
-11.545
-10.692
-9.85225
-9.02509
-8.19654
-7.40308
-6.61793
-5.86617
-5.14082
-4.43486
-3.7808
-3.12775
-2.52849
-1.96154
-1.41898
-0.927726
-0.485371
-0.101315
0.24354
0.532696
0.777051
0.960807
1.06596
1.15102
1.16377
1.08803
0.916684
0.62944
0.255995
-0.198549
-0.760693
-1.37034
-2.04928
-2.83913
-3.75427
-4.72252
-5.98426
-7.3212
-8.86165
-10.5491
-12.2396
-14.0768
-15.9547
-18.0318
-20.3851
-23.0667
-25.9557
-28.9902
-32.1681
-35.3364
-38.8415
0
0
