Input file: C:\Users\Garrett\Desktop\School\Thesis\TMMC\Confirmation_Results\Isobutane_Mie\290K\out_ISB_290K_2750_RUN2.log
Temperature     Box Volume      Midpoint        
290             27000           75              
Vap Dens mol/m3 Liq Dens mol/m3 Vapor Pressure  Surface Tension 
162.74          9637.22         0.357705        0.00981232      
Weight Function 
1
1.79655
1.9649
1.78985
1.3932
0.837747
0.164296
-0.602154
-1.4378
-2.33026
-3.26541
-4.22636
-5.21421
-6.22276
-7.24521
-8.27526
-9.30601
-10.3413
-11.3719
-12.3985
-13.4176
-14.4293
-15.4286
-16.4216
-17.4015
-18.3661
-19.3183
-20.2553
-21.1759
-22.0729
-22.9562
-23.8235
-24.6687
-25.4974
-26.3087
-27.1011
-27.8741
-28.6281
-29.3611
-30.0699
-30.7599
-31.4352
-32.0877
-32.7172
-33.3289
-33.9213
-34.4932
-35.0428
-35.5741
-36.0848
-36.5781
-37.046
-37.498
-37.9277
-38.3437
-38.7395
-39.1143
-39.4688
-39.8055
-40.1172
-40.4103
-40.6892
-40.948
-41.1839
-41.3982
-41.5972
-41.7785
-41.9397
-42.0783
-42.1946
-42.296
-42.3799
-42.4468
-42.4953
-42.5262
-42.5345
-42.5263
-42.4959
-42.4443
-42.3802
-42.2973
-42.1857
-42.0598
-41.9117
-41.7513
-41.5628
-41.358
-41.1325
-40.8901
-40.6258
-40.3473
-40.0486
-39.7268
-39.3924
-39.0398
-38.667
-38.2774
-37.8607
-37.4298
-36.9746
-36.5011
-36.0102
-35.4998
-34.9709
-34.4229
-33.8647
-33.2847
-32.6852
-32.0665
-31.4376
-30.7869
-30.1186
-29.4363
-28.7247
-28.0115
-27.2741
-26.5231
-25.7583
-24.9772
-24.1855
-23.377
-22.5658
-21.7474
-20.9137
-20.0833
-19.2418
-18.3871
-17.532
-16.6621
-15.8036
-14.9347
-14.0693
-13.2077
-12.3429
-11.4924
-10.6417
-9.81298
-8.99843
-8.19268
-7.39733
-6.60808
-5.85083
-5.11108
-4.41124
-3.71079
-3.07464
-2.46359
-1.90184
-1.38179
-0.894739
-0.440189
-0.0439398
0.30881
0.614159
0.821108
1.01626
1.15301
1.19136
1.15891
1.07736
0.863405
0.590554
0.200704
-0.309847
-0.892597
-1.58335
-2.3259
-3.13785
-4.0516
-5.16055
-6.4015
-7.75485
-9.2691
-10.7595
-12.2625
-14.0476
-15.9317
-18.1631
-20.6652
-23.1156
-25.9518
-28.9988
-32.1386
-35.5566
-39.511
-42.6875
-46.2185
0
0
0
0
0
0
0
0
0
0
0
0
0
0
0
0
0
0
0
0
0
0
0
0
0
0
0
0
0
0
0
0
0
0
0
0
0
0
0
0
0
0
0
0
0
0
0
0
0
0
0
0
0
0
0
0
0
0
0
0
0
0
0
0
0
0
0
0
0
0
0
0
0
0
0
0
0
0
0
0
0
0
0
0
0
0
0
0
0
0
0
0
0
0
0
0
0
0
0
0
0
0
0
0
0
0
0
0
0
0
0
0
0
0
0
0
0
0
0
0
0
0
0
0
0
0
0
0
0
0
0
0
0
0
0
0
0
0
0
0
0
0
0
0
0
0
0
0
0
0
0
0
0
0
0
0
0
0
0
0
0
0
0
0
0
0
0
0
0
0
0
0
0
0
0
0
0
0
0
0
0
0
0
0
0
0
0
0
0
0
0
0
0
0
0
0
0
0
0
0
0
0
0
0
0
0
0
0
0
0
0
0
0
0
0
0
0
0
0
0
0
0
0
0
0
0
0
0
0
0
0
0
0
0
0
0
0
0
0
0
0
0
0
0
0
0
0
0
0
0
0
0
0
0
0
0
0
0
0
0
0
0
0
0
0
0
0
0
0
0
0
0
0
0
0
0
0
0
0
0
0
0
0
0
0
0
0
0
0
0
0
0
0
0
0
0
0
0
0
0
0
0
0
0
0
0
0
0
0
0
0
0
0
0
0
0
0
0
0
0
0
0
0
0
0
0
0
0
0
0
0
0
0
0
0
0
0
0
0
0
0
0
0
0
0
0
0
0
0
0
0
0
0
0
0
0
0
0
0
0
0
0
0
0
0
0
0
0
0
0
0
0
0
0
0
0
0
0
0
0
0
0
0
0
0
0
0
0
0
0
0
0
0
0
0
0
0
0
0
0
0
0
0
0
0
0
0
0
0
0
0
0
0
0
0
0
