Input file: C:\Users\Garrett\Desktop\School\Thesis\TMMC\Confirmation_Results\Isobutane_Mie\290K\out_ISB_290K_2750_RUN3.log
Temperature     Box Volume      Midpoint        
290             27000           75              
Vap Dens mol/m3 Liq Dens mol/m3 Vapor Pressure  Surface Tension 
162.668         9626.66         0.357181        0.00980599      
Weight Function 
1
1.7939
1.9599
1.7868
1.389
0.832005
0.158906
-0.603393
-1.44019
-2.32709
-3.26069
-4.22629
-5.21739
-6.22319
-7.24199
-8.26589
-9.29718
-10.3279
-11.3576
-12.3877
-13.414
-14.4322
-15.4361
-16.4271
-17.4044
-18.3707
-19.3225
-20.2583
-21.1753
-22.072
-22.9569
-23.8228
-24.6716
-25.504
-26.3167
-27.1088
-27.8859
-28.6407
-29.3712
-30.0867
-30.7787
-31.4519
-32.1057
-32.734
-33.3485
-33.9416
-34.5112
-35.0651
-35.5997
-36.1175
-36.6108
-37.0786
-37.5282
-37.9558
-38.3659
-38.7553
-39.1292
-39.4784
-39.8127
-40.1273
-40.4287
-40.7075
-40.9669
-41.1995
-41.4177
-41.616
-41.7931
-41.9539
-42.0899
-42.2062
-42.3092
-42.3934
-42.457
-42.501
-42.5216
-42.5272
-42.5137
-42.4863
-42.4396
-42.3729
-42.2838
-42.1701
-42.0431
-41.8987
-41.7291
-41.5437
-41.3437
-41.1237
-40.879
-40.6163
-40.3349
-40.0349
-39.718
-39.3799
-39.0203
-38.639
-38.2416
-37.8282
-37.3955
-36.9434
-36.4728
-35.9854
-35.4762
-34.948
-34.401
-33.8392
-33.2636
-32.6665
-32.0468
-31.4108
-30.7529
-30.0846
-29.3959
-28.6986
-27.9823
-27.2507
-26.5047
-25.7368
-24.9633
-24.1732
-23.3771
-22.5623
-21.7371
-20.9003
-20.0626
-19.2151
-18.3608
-17.4957
-16.6323
-15.7613
-14.9014
-14.0289
-13.1558
-12.2898
-11.4372
-10.5918
-9.74887
-8.92447
-8.10306
-7.31066
-6.53716
-5.78946
-5.06236
-4.35266
-3.67086
-3.01676
-2.40746
-1.83236
-1.28106
-0.770554
-0.315753
0.0609479
0.384949
0.67625
0.894551
1.02965
1.11485
1.15405
1.11025
1.01706
0.809157
0.533958
0.148459
-0.30944
-0.856539
-1.51424
-2.35594
-3.31784
-4.35564
-5.46463
-6.85573
-8.32123
-9.79233
-11.3731
-13.062
-15.077
-17.2289
-19.4258
-21.9666
-24.8068
-27.5783
-30.1608
-33.1326
0
0
0
0
