Input file: C:\Users\Garrett\Desktop\School\Thesis\TMMC\Confirmation_Results\Ethane\output\260K\out_ETH_260K_1950_Mie_RUN4.log
Temperature     Box Volume      Midpoint        
260             27000           120             
Vap Dens mol/m3 Liq Dens mol/m3 Vapor Pressure  Surface Tension 
1042.7          14312.2         1.74478         0.0042786       
Weight Function 
0
2.37393
4.08545
5.41908
6.4877
7.36633
8.08955
8.67888
9.16171
9.55443
9.86436
10.1002
10.2795
10.4077
10.4914
10.5308
10.5306
10.4959
10.4315
10.3366
10.2156
10.0703
9.90307
9.71439
9.50592
9.28934
9.05197
8.8056
8.54422
8.27375
8.00147
7.7237
7.43592
7.13435
6.82558
6.5195
6.20123
5.88285
5.55848
5.23191
4.89943
4.56806
4.23358
3.90041
3.56983
3.23996
2.90559
2.57071
2.23524
1.90526
1.57939
1.25551
0.92774
0.601566
0.282492
-0.0339822
-0.347856
-0.657131
-0.969805
-1.27888
-1.58255
-1.88143
-2.1789
-2.46428
-2.75255
-3.03522
-3.3185
-3.59467
-3.86795
-4.14002
-4.4038
-4.67517
-4.93864
-5.19202
-5.43759
-5.67727
-5.91234
-6.14042
-6.36249
-6.58496
-6.79974
-7.01041
-7.21929
-7.42676
-7.62673
-7.81141
-7.99578
-8.17506
-8.34703
-8.51531
-8.67828
-8.83475
-8.98673
-9.1265
-9.26988
-9.40945
-9.54093
-9.6695
-9.79067
-9.90755
-10.0064
-10.1096
-10.2104
-10.3005
-10.3938
-10.4804
-10.5562
-10.6282
-10.6928
-10.7569
-10.8189
-10.8773
-10.9246
-10.9616
-10.9954
-11.0276
-11.059
-11.0833
-11.0901
-11.1006
-11.1138
-11.1138
-11.1052
-11.0944
-11.0702
-11.0506
-11.018
-10.9787
-10.936
-10.8893
-10.8401
-10.7875
-10.7263
-10.658
-10.584
-10.5051
-10.4276
-10.3385
-10.2433
-10.1462
-10.0452
-9.93437
-9.82014
-9.70041
-9.58589
-9.45846
-9.32934
-9.19341
-9.04738
-8.89516
-8.74643
-8.58831
-8.42318
-8.25546
-8.08163
-7.9052
-7.72638
-7.54305
-7.35233
-7.1612
-6.95508
-6.74845
-6.54132
-6.3218
-6.10217
-5.87705
-5.64962
-5.4127
-5.17137
-4.92944
-4.68812
-4.43859
-4.19217
-3.94264
-3.68881
-3.42689
-3.16916
-2.91094
-2.64111
-2.37069
-2.09576
-1.81273
-1.53431
-1.24988
-0.968957
-0.676231
-0.380905
-0.0927795
0.194746
0.495572
0.797398
1.09802
1.38605
1.68068
1.9694
2.26363
2.55675
2.86018
3.1563
3.44623
3.74166
4.03118
4.32261
4.60883
4.90776
5.19108
5.47631
5.75064
6.02296
6.29159
6.55491
6.80444
7.05517
7.30839
7.54302
7.77474
7.99547
8.21229
8.42282
8.61075
8.79907
8.9738
9.14142
9.28405
9.42337
9.559
9.68563
9.78395
9.87728
9.9606
10.0281
10.0728
10.1104
10.1318
10.1458
10.1506
10.1199
10.0865
10.0144
9.92986
9.82459
9.70751
9.56654
9.37796
9.14799
8.92232
8.65994
8.39917
8.09819
7.77382
7.42874
7.04617
6.6405
6.16662
5.67945
5.16547
4.6405
4.05553
3.45725
2.80968
2.1297
1.40923
0.653854
-0.15792
-1.02099
-1.92317
-2.83934
-3.80302
-4.82009
-5.91867
-7.03944
-8.21161
-9.43849
