Input file: C:\Users\Garrett\Desktop\School\Thesis\TMMC\Confirmation_Results\Ethane\output\260K\out_ETH_260K_1950_RUN1.log
Temperature     Box Volume      Midpoint        
260             27000           121             
Vap Dens mol/m3 Liq Dens mol/m3 Vapor Pressure  Surface Tension 
1258.6          14169.8         2.04182         0.00350084      
Weight Function 
0
2.51356
4.36282
5.83308
7.03353
8.03329
8.87845
9.59491
10.2069
10.7228
11.157
11.5199
11.8239
12.0724
12.2675
12.4163
12.5244
12.5973
12.6353
12.6444
12.619
12.5705
12.5027
12.4109
12.2966
12.1665
12.0233
11.8679
11.695
11.5132
11.3185
11.1122
10.8988
10.676
10.445
10.2072
9.9681
9.71866
9.46212
9.20288
8.94014
8.67369
8.40225
8.13021
7.85797
7.58573
7.30759
7.03125
6.7531
6.47556
6.20072
5.91768
5.63814
5.3533
5.07825
4.80551
4.53247
4.25993
3.98699
3.72375
3.4648
3.20516
2.94242
2.68288
2.42924
2.1782
1.93146
1.68961
1.45017
1.21823
0.987789
0.759347
0.534105
0.311864
0.0929223
-0.123319
-0.333361
-0.535802
-0.739344
-0.935286
-1.12983
-1.31977
-1.50391
-1.68245
-1.86059
-2.03284
-2.20198
-2.36192
-2.51636
-2.6714
-2.81874
-2.96658
-3.10183
-3.23897
-3.36611
-3.49305
-3.61539
-3.72683
-3.84028
-3.94822
-4.05336
-4.1551
-4.25174
-4.33878
-4.41833
-4.49527
-4.57261
-4.63695
-4.70369
-4.76193
-4.81607
-4.86222
-4.90956
-4.9541
-4.99384
-5.01988
-5.04002
-5.05597
-5.07261
-5.07915
-5.07799
-5.08233
-5.07617
-5.06692
-5.05216
-5.0329
-5.00904
-4.98458
-4.94822
-4.90997
-4.86771
-4.81655
-4.76559
-4.70423
-4.64687
-4.57851
-4.51026
-4.4393
-4.36104
-4.27048
-4.18712
-4.08946
-3.99021
-3.88655
-3.78239
-3.66793
-3.55127
-3.42881
-3.30626
-3.1787
-3.03794
-2.89678
-2.75502
-2.61796
-2.4687
-2.31335
-2.15759
-1.99663
-1.83217
-1.65891
-1.47895
-1.3002
-1.11594
-0.924179
-0.726121
-0.530162
-0.329504
-0.136746
0.0638128
0.272371
0.47703
0.686788
0.908546
1.1217
1.34256
1.56422
1.78508
2.01114
2.2411
2.47636
2.71051
2.94717
3.17923
3.41699
3.65435
3.89821
4.13996
4.38332
4.62568
4.87134
5.1148
5.36036
5.60021
5.84447
6.08653
6.32829
6.57215
6.81761
7.05697
7.30332
7.54398
7.77824
8.0044
8.23326
8.45572
8.68377
8.89953
9.11679
9.33185
9.53941
9.73337
9.93512
10.1349
10.3204
10.4994
10.6707
10.8418
11.0105
11.1698
11.3141
11.449
11.5823
11.6929
11.8021
11.9024
11.9875
12.0657
12.141
12.198
12.2305
12.2697
12.2934
12.3
12.2894
12.2733
12.2339
12.1763
12.1095
12.0042
11.8871
11.7707
11.6273
11.4564
11.2656
11.0583
10.8145
10.555
10.2906
10.0011
9.68984
9.3553
8.98636
8.60502
8.19038
7.74814
7.30149
6.80585
6.29361
5.74697
5.18743
4.58019
3.90994
3.2245
2.51926
1.77112
0.980278
0.160337
-0.707105
-1.62825
-2.55149
-3.54563
