Input file: C:\Users\Garrett\Desktop\School\Thesis\TMMC\Confirmation_Results\Ethane\output\260K\out_ETH_260K_1950_RUN3.log
Temperature     Box Volume      Midpoint        
260             27000           121             
Vap Dens mol/m3 Liq Dens mol/m3 Vapor Pressure  Surface Tension 
1262.45         14138.6         2.04101         0.00350333      
Weight Function 
0
2.51514
4.36517
5.82871
7.03005
8.03359
8.87982
9.59746
10.2092
10.7234
11.1571
11.5178
11.8178
12.0615
12.2553
12.4017
12.5068
12.5761
12.6146
12.6233
12.6032
12.5581
12.4893
12.4015
12.2976
12.1751
12.0377
11.8805
11.7109
11.526
11.3347
11.139
10.929
10.7055
10.4709
10.2308
9.98195
9.73408
9.47622
9.21806
8.9575
8.69063
8.41807
8.14691
7.87535
7.60438
7.32842
7.05216
6.7766
6.49743
6.21367
5.93691
5.65394
5.38058
5.11012
4.83956
4.56449
4.29363
4.02337
3.75151
3.48854
3.22198
2.96642
2.70806
2.45389
2.20263
1.95677
1.71461
1.46814
1.23108
0.999318
0.768855
0.542693
0.31663
0.0977674
-0.112795
-0.317558
-0.52342
-0.724683
-0.921846
-1.11661
-1.30697
-1.49333
-1.6761
-1.85246
-2.02692
-2.19118
-2.35415
-2.50871
-2.66587
-2.81463
-2.9605
-3.09796
-3.23312
-3.36498
-3.49215
-3.61431
-3.72487
-3.83883
-3.9484
-4.04946
-4.14342
-4.23599
-4.32655
-4.41151
-4.48967
-4.55964
-4.6337
-4.70686
-4.76942
-4.82129
-4.86715
-4.91391
-4.95747
-4.99544
-5.0308
-5.05936
-5.08322
-5.09809
-5.10605
-5.11121
-5.11317
-5.10394
-5.1003
-5.08936
-5.06903
-5.04119
-5.00515
-4.96541
-4.92098
-4.88094
-4.8372
-4.79156
-4.74023
-4.68119
-4.61355
-4.53721
-4.45888
-4.37774
-4.2941
-4.20136
-4.10573
-4.01439
-3.91575
-3.81061
-3.69668
-3.57834
-3.459
-3.33257
-3.20403
-3.06979
-2.93275
-2.78962
-2.64838
-2.49604
-2.3406
-2.18327
-2.02093
-1.85009
-1.68095
-1.50052
-1.32098
-1.13974
-0.953704
-0.762667
-0.572229
-0.376692
-0.178155
0.0277829
0.23712
0.447658
0.659595
0.873732
1.09077
1.31041
1.53004
1.75638
1.98532
2.21106
2.44499
2.67973
2.91857
3.15991
3.39944
3.64158
3.88742
4.13186
4.38189
4.62683
4.87077
5.11581
5.36554
5.61338
5.86182
6.10916
6.34879
6.58983
6.83467
7.0797
7.32304
7.55608
7.80132
8.03135
8.26069
8.49623
8.72597
8.9568
9.17924
9.38958
9.59842
9.80855
10.0035
10.1956
10.3867
10.5733
10.7495
10.9191
11.0917
11.2455
11.3957
11.5269
11.6517
11.763
11.8736
11.9683
12.0525
12.1309
12.1861
12.2265
12.2546
12.2766
12.2843
12.2772
12.2496
12.2185
12.1571
12.0969
12.0231
11.9241
11.8093
11.6699
11.5183
11.3632
11.183
10.9684
10.7469
10.4925
10.2116
9.90797
9.60931
9.26415
8.90739
8.51822
8.08586
7.6379
7.17694
6.65727
6.11231
5.54345
4.95419
4.33012
3.68746
2.9926
2.24044
1.47947
0.67561
-0.172652
-1.05791
-1.98688
-2.93614
-3.9105
