Input file: C:\Users\Garrett\Desktop\School\Thesis\TMMC\Confirmation_Results\Ethane\output\260K\out_ETH_260K_1950_Mie_RUN3.log
Temperature     Box Volume      Midpoint        
260             27000           119             
Vap Dens mol/m3 Liq Dens mol/m3 Vapor Pressure  Surface Tension 
1041.76         14324           1.74397         0.00430504      
Weight Function 
0
2.37519
4.08438
5.41197
6.48246
7.35625
8.07374
8.66834
9.15153
9.54212
9.85801
10.0994
10.2791
10.4109
10.4896
10.5278
10.5254
10.4883
10.4217
10.3274
10.2061
10.0644
9.891
9.70639
9.50528
9.28337
9.04436
8.79785
8.54054
8.26903
7.98992
7.70131
7.40331
7.1001
6.78779
6.46878
6.14767
5.82336
5.49655
5.16904
4.83553
4.50222
4.16781
3.8361
3.50149
3.16449
2.83128
2.49497
2.16316
1.83255
1.50044
1.17093
0.845321
0.527312
0.206703
-0.115406
-0.437115
-0.750025
-1.06363
-1.37344
-1.68315
-1.98266
-2.28057
-2.57418
-2.86159
-3.1445
-3.42801
-3.70962
-3.97923
-4.24524
-4.51064
-4.77105
-5.02296
-5.27347
-5.51928
-5.75889
-5.9942
-6.22691
-6.44862
-6.66903
-6.88474
-7.09405
-7.30345
-7.50296
-7.69907
-7.89358
-8.08229
-8.2672
-8.44541
-8.61482
-8.77773
-8.93454
-9.08905
-9.23426
-9.37867
-9.51937
-9.65628
-9.78419
-9.9042
-10.0203
-10.1298
-10.239
-10.336
-10.434
-10.5274
-10.6092
-10.6909
-10.7636
-10.8351
-10.8972
-10.9529
-11.0025
-11.0498
-11.0859
-11.1228
-11.1514
-11.1835
-11.2026
-11.2235
-11.2306
-11.2295
-11.2269
-11.2244
-11.2146
-11.1973
-11.1744
-11.1379
-11.103
-11.0623
-11.0155
-10.9584
-10.8972
-10.8386
-10.7723
-10.7004
-10.6219
-10.5395
-10.4527
-10.3629
-10.2601
-10.1552
-10.0494
-9.93541
-9.81762
-9.69553
-9.56033
-9.42764
-9.29485
-9.15636
-9.01377
-8.86048
-8.70619
-8.5428
-8.37971
-8.20282
-8.01893
-7.83514
-7.65125
-7.45685
-7.25726
-7.05257
-6.84798
-6.63139
-6.4176
-6.20551
-5.97372
-5.74873
-5.51784
-5.27995
-5.03476
-4.78826
-4.55527
-4.29948
-4.04379
-3.7946
-3.52761
-3.25992
-2.98633
-2.71474
-2.44735
-2.17926
-1.89937
-1.62138
-1.33488
-1.05369
-0.767903
-0.479112
-0.182521
0.113269
0.41156
0.706651
1.00054
1.30423
1.60902
1.90221
2.19801
2.4865
2.78099
3.08398
3.37187
3.65606
3.95325
4.24664
4.53583
4.81912
5.09771
5.3839
5.66579
5.92709
6.20088
6.46047
6.71996
6.96415
7.20474
7.43953
7.66682
7.89501
8.1103
8.33109
8.53768
8.72657
8.89547
9.06736
9.22665
9.37904
9.51103
9.63872
9.75151
9.8641
9.95299
10.0226
10.103
10.1436
10.1656
10.1851
10.1678
10.1326
10.1006
10.0276
9.9276
9.81249
9.68818
9.55047
9.35946
9.17295
8.95184
8.69894
8.43993
8.11662
7.80361
7.4395
7.02559
6.60648
6.14997
5.63036
5.10355
4.55204
3.95783
3.35603
2.66372
1.93541
1.1386
0.357788
-0.504921
-1.37893
-2.31624
-3.27965
-4.30306
-5.34227
-6.50018
-7.72159
-8.97079
