Input file: C:\Users\Garrett\Desktop\School\Thesis\TMMC\Confirmation_Results\Ethane\output\260K\out_ETH_260K_1950_Mie_RUN2.log
Temperature     Box Volume      Midpoint        
260             27000           121             
Vap Dens mol/m3 Liq Dens mol/m3 Vapor Pressure  Surface Tension 
1044.35         14311.1         1.7459          0.00428669      
Weight Function 
0
2.37023
4.07976
5.40808
6.48191
7.35664
8.07057
8.66289
9.14682
9.53955
9.85788
10.104
10.286
10.4189
10.5001
10.5395
10.5415
10.5103
10.4452
10.3518
10.227
10.0771
9.91001
9.72423
9.52256
9.30509
9.06982
8.82574
8.56797
8.2998
8.02093
7.72715
7.42988
7.12731
6.81744
6.50296
6.18609
5.86162
5.54435
5.21897
4.8912
4.56013
4.23196
3.89948
3.56661
3.23044
2.89167
2.55349
2.21772
1.88065
1.54058
1.2049
0.878931
0.553559
0.231886
-0.0898865
-0.406759
-0.718931
-1.0317
-1.33888
-1.63745
-1.93392
-2.22759
-2.52197
-2.81274
-3.09971
-3.38288
-3.65536
-3.92373
-4.1937
-4.45327
-4.70765
-4.96482
-5.21099
-5.45846
-5.69634
-5.93401
-6.16968
-6.40145
-6.61783
-6.8344
-7.04877
-7.25564
-7.45342
-7.64459
-7.83296
-8.01903
-8.19401
-8.36418
-8.53665
-8.69972
-8.8596
-9.01277
-9.15534
-9.29701
-9.43659
-9.56826
-9.69083
-9.8121
-9.92548
-10.034
-10.1369
-10.2378
-10.334
-10.4245
-10.5089
-10.5859
-10.6662
-10.7317
-10.7994
-10.8615
-10.9132
-10.9588
-11.0021
-11.0393
-11.0741
-11.1023
-11.1206
-11.1369
-11.1433
-11.1479
-11.1504
-11.1399
-11.125
-11.1074
-11.0815
-11.0472
-11.0132
-10.9689
-10.9244
-10.8742
-10.8162
-10.7475
-10.6823
-10.6131
-10.5371
-10.4484
-10.3636
-10.2695
-10.17
-10.0639
-9.96212
-9.84839
-9.72556
-9.60884
-9.48341
-9.34608
-9.21145
-9.07233
-8.9261
-8.77077
-8.60954
-8.45132
-8.28419
-8.10866
-7.92433
-7.73781
-7.55078
-7.35975
-7.16412
-6.9624
-6.75207
-6.54444
-6.32801
-6.11509
-5.89186
-5.66523
-5.4361
-5.20208
-4.95595
-4.71392
-4.46769
-4.22047
-3.96244
-3.70551
-3.45038
-3.18216
-2.91503
-2.6498
-2.37487
-2.10145
-1.82202
-1.54359
-1.25796
-0.975137
-0.682709
-0.396181
-0.106354
0.185474
0.487601
0.791929
1.08116
1.38148
1.67791
1.97144
2.27587
2.56959
2.86002
3.15655
3.44988
3.745
4.03383
4.32306
4.60819
4.89041
5.17644
5.45867
5.7305
6.00882
6.28065
6.53968
6.80121
7.06043
7.29786
7.53639
7.76732
7.99214
8.21637
8.4239
8.62963
8.81465
8.98768
9.15551
9.31094
9.45226
9.59479
9.71672
9.81235
9.89787
9.9632
10.0266
10.0733
10.1237
10.1447
10.1477
10.1348
10.1098
10.0665
10.0213
9.93558
9.8382
9.70623
9.55736
9.38179
9.19111
8.96454
8.71897
8.4164
8.11932
7.77895
7.42288
7.03821
6.62923
6.17136
5.68319
5.15032
4.59794
3.99397
3.3374
2.64073
1.93815
1.20728
0.46971
-0.318262
-1.12043
-2.00721
-2.90928
-3.87695
-4.89302
-5.9781
-7.11317
-8.33584
-9.58751
