Input file: C:\Users\Garrett\Desktop\School\Thesis\TMMC\Confirmation_Results\Ethane\output\260K\out_ETH_260K_1950_Mie_RUN1.log
Temperature     Box Volume      Midpoint        
260             27000           120             
Vap Dens mol/m3 Liq Dens mol/m3 Vapor Pressure  Surface Tension 
1045.84         14308           1.74756         0.00427527      
Weight Function 
0
2.37902
4.08614
5.42216
6.49258
7.3679
8.08422
8.67634
9.15736
9.55218
9.8662
10.1106
10.2956
10.4291
10.5114
10.5504
10.5513
10.5197
10.4555
10.3565
10.2368
10.0936
9.93114
9.74606
9.54387
9.32519
9.09121
8.84833
8.59035
8.32387
8.04279
7.75831
7.46393
7.16475
6.85997
6.54829
6.23161
5.91593
5.59535
5.26107
4.93079
4.59991
4.26873
3.93685
3.60077
3.26069
2.92481
2.58773
2.25765
1.92877
1.59829
1.26721
0.938229
0.608749
0.289369
-0.0263115
-0.341492
-0.654172
-0.965052
-1.27493
-1.58181
-1.88399
-2.18267
-2.47295
-2.76773
-3.04731
-3.32929
-3.60677
-3.88225
-4.15183
-4.41971
-4.67819
-4.93328
-5.18466
-5.43154
-5.67222
-5.91
-6.14708
-6.37436
-6.59344
-6.81182
-7.0229
-7.22528
-7.42566
-7.61804
-7.79862
-7.9834
-8.17228
-8.34436
-8.51474
-8.67872
-8.8365
-8.98968
-9.13726
-9.27234
-9.41002
-9.5373
-9.66198
-9.78206
-9.89814
-10.0071
-10.1068
-10.2058
-10.2982
-10.3844
-10.4735
-10.5506
-10.6187
-10.6824
-10.7452
-10.797
-10.8468
-10.8929
-10.9349
-10.9686
-10.9956
-11.0182
-11.0346
-11.0515
-11.063
-11.0654
-11.0633
-11.0516
-11.0403
-11.0214
-10.9947
-10.9715
-10.9351
-10.8983
-10.8544
-10.8046
-10.7536
-10.6934
-10.6236
-10.5461
-10.4724
-10.3825
-10.2922
-10.2048
-10.1022
-9.99913
-9.89831
-9.78289
-9.66847
-9.54325
-9.41973
-9.29191
-9.15659
-9.01307
-8.86645
-8.71123
-8.55431
-8.39669
-8.22957
-8.05805
-7.88533
-7.70281
-7.51059
-7.32487
-7.12715
-6.92233
-6.71751
-6.50209
-6.28407
-6.06535
-5.84473
-5.62021
-5.38879
-5.15278
-4.91186
-4.67034
-4.42632
-4.1726
-3.92708
-3.67486
-3.41104
-3.15622
-2.889
-2.61568
-2.32706
-2.06114
-1.78262
-1.4937
-1.20918
-0.914858
-0.631039
-0.331519
-0.039599
0.247321
0.533541
0.82836
1.12148
1.4217
1.71382
2.01184
2.30886
2.60558
2.8966
3.19212
3.49424
3.78596
4.08408
4.3694
4.64562
4.92994
5.20896
5.48568
5.7579
6.02982
6.29254
6.54896
6.80568
7.0539
7.29232
7.53264
7.76256
7.98277
8.19079
8.38841
8.58433
8.78425
8.97247
9.15159
9.30281
9.44713
9.58255
9.70197
9.82219
9.92521
10.0243
10.0934
10.1451
10.1757
10.1934
10.1871
10.1636
10.1309
10.0992
10.0095
9.90823
9.81725
9.69027
9.53979
9.36031
9.16583
8.92285
8.66947
8.38439
8.08071
7.75273
7.39485
7.00257
6.58629
6.15141
5.68603
5.18105
4.64417
4.05319
3.42551
2.73963
2.04285
1.32467
0.548985
-0.251695
-1.12708
-2.05826
-2.97884
-3.99712
-5.0078
-6.07588
-7.20956
-8.40884
-9.62972
