Input file: C:\Users\Garrett\Desktop\School\Thesis\TMMC\Confirmation_Results\Ethane\output\260K\out_ETH_260K_1950_RUN4.log
Temperature     Box Volume      Midpoint        
260             27000           121             
Vap Dens mol/m3 Liq Dens mol/m3 Vapor Pressure  Surface Tension 
1263.09         14138           2.04185         0.0034805       
Weight Function 
0
2.51169
4.35617
5.82366
7.02864
8.03343
8.88012
9.5921
10.1975
10.7157
11.1535
11.5214
11.8225
12.0705
12.2637
12.4089
12.5159
12.5888
12.6248
12.629
12.6065
12.5597
12.4949
12.4062
12.2979
12.1777
12.0409
11.8874
11.718
11.5378
11.3468
11.1437
10.9284
10.7116
10.4833
10.2467
10.0054
9.75759
9.50797
9.24776
8.98585
8.72363
8.45252
8.18051
7.91169
7.63658
7.35896
7.07705
6.79844
6.51772
6.24001
5.96349
5.68548
5.41277
5.14305
4.87704
4.61053
4.34251
4.073
3.80488
3.54317
3.28006
3.02364
2.77063
2.51501
2.2622
2.01319
1.76527
1.52526
1.28975
1.05393
0.826818
0.603404
0.38679
0.173377
-0.0408373
-0.249751
-0.447765
-0.648379
-0.846793
-1.04071
-1.22142
-1.41053
-1.59885
-1.78386
-1.95078
-2.11639
-2.2756
-2.43562
-2.58743
-2.74234
-2.88286
-3.02417
-3.16069
-3.2875
-3.41101
-3.53303
-3.64904
-3.75546
-3.86047
-3.95558
-4.05
-4.13861
-4.22372
-4.30934
-4.39155
-4.46687
-4.54218
-4.60619
-4.66351
-4.72192
-4.77354
-4.81385
-4.85726
-4.89148
-4.92169
-4.9416
-4.96542
-4.97563
-4.98485
-4.98816
-4.98867
-4.98589
-4.979
-4.96411
-4.94373
-4.92714
-4.90646
-4.87637
-4.84078
-4.7985
-4.74771
-4.69763
-4.64534
-4.57855
-4.51467
-4.44528
-4.36549
-4.28421
-4.20182
-4.11074
-4.01555
-3.91616
-3.81888
-3.71449
-3.60121
-3.48032
-3.35813
-3.23255
-3.10176
-2.97267
-2.83949
-2.6975
-2.54942
-2.40013
-2.25044
-2.09146
-1.92467
-1.76309
-1.5902
-1.41081
-1.23513
-1.05914
-0.879154
-0.686968
-0.495282
-0.299896
-0.10081
0.106576
0.320963
0.526949
0.745835
0.970821
1.19661
1.41289
1.64018
1.86057
2.08255
2.30884
2.53532
2.76761
3.0081
3.24818
3.48637
3.72906
3.97334
4.22143
4.47591
4.723
4.96659
5.20467
5.44926
5.70174
5.95413
6.20732
6.4512
6.69859
6.94808
7.18936
7.42285
7.65063
7.88972
8.12521
8.35129
8.58258
8.80816
9.03065
9.24494
9.45742
9.66351
9.8676
10.065
10.2517
10.4371
10.6193
10.7953
10.9519
11.1045
11.252
11.3961
11.5309
11.6481
11.7541
11.847
11.9504
12.0376
12.1117
12.1689
12.2206
12.2549
12.2913
12.2986
12.2857
12.2543
12.2217
12.1755
12.1107
12.0207
11.9184
11.8163
11.6765
11.5406
11.4001
11.2176
11.0042
10.7677
10.5111
10.2232
9.92977
9.60656
9.27334
8.89863
8.50671
8.0998
7.65069
7.16847
6.65906
6.11375
5.56903
4.97222
4.3367
3.67689
2.99348
2.25066
1.47615
0.672535
-0.158879
-1.02429
-1.92941
-2.87062
-3.86813
