Input file: C:\Users\Garrett\Desktop\School\Thesis\TMMC\Confirmation_Results\Ethane\output\260K\out_ETH_260K_1950_RUN2.log
Temperature     Box Volume      Midpoint        
260             27000           120             
Vap Dens mol/m3 Liq Dens mol/m3 Vapor Pressure  Surface Tension 
1262.16         14160.3         2.04732         0.00350711      
Weight Function 
0
2.5133
4.365
5.8342
7.0418
8.0489
8.89391
9.61311
10.2266
10.7456
11.1832
11.5493
11.8563
12.1024
12.3009
12.454
12.5633
12.6307
12.6689
12.6767
12.6569
12.6125
12.5417
12.4526
12.3485
12.2235
12.0814
11.9214
11.7494
11.5698
11.3768
11.1694
10.9535
10.7326
10.5055
10.2696
10.0239
9.76994
9.51964
9.26344
9.00254
8.73384
8.46284
8.18924
7.91394
7.63694
7.36334
7.08725
6.80965
6.52645
6.24675
5.96785
5.69225
5.41995
5.15045
4.87715
4.59955
4.32446
4.05656
3.79296
3.52786
3.26676
3.01476
2.75686
2.50566
2.25356
2.00826
1.76386
1.52267
1.28577
1.04697
0.813569
0.58557
0.362071
0.143072
-0.0695275
-0.284427
-0.490526
-0.695125
-0.896624
-1.09252
-1.28142
-1.46942
-1.65022
-1.82892
-1.99942
-2.16802
-2.33132
-2.48881
-2.63891
-2.79001
-2.93811
-3.08411
-3.22071
-3.35011
-3.47591
-3.59361
-3.71561
-3.83031
-3.9392
-4.0418
-4.1398
-4.231
-4.3242
-4.4125
-4.4869
-4.5643
-4.6337
-4.6989
-4.76059
-4.81579
-4.87269
-4.91669
-4.95589
-4.99249
-5.02229
-5.04559
-5.06249
-5.07619
-5.08308
-5.08368
-5.08048
-5.07478
-5.06178
-5.04808
-5.03218
-5.01298
-4.99118
-4.96288
-4.92878
-4.89077
-4.84077
-4.79327
-4.73787
-4.67707
-4.60997
-4.54047
-4.46627
-4.37837
-4.28657
-4.19466
-4.10596
-4.00796
-3.90306
-3.79866
-3.68846
-3.57356
-3.45086
-3.32156
-3.18846
-3.04705
-2.90615
-2.76885
-2.61905
-2.45965
-2.30935
-2.15435
-1.99525
-1.83125
-1.65815
-1.48195
-1.30034
-1.11414
-0.923042
-0.731641
-0.53784
-0.342639
-0.144239
0.0615625
0.261163
0.461364
0.680965
0.892666
1.11137
1.33417
1.55307
1.77977
2.00827
2.24207
2.47487
2.71117
2.95058
3.18768
3.42648
3.67148
3.92328
4.17108
4.41608
4.66078
4.90468
5.15408
5.40158
5.65489
5.90289
6.14489
6.39289
6.64309
6.88429
7.12999
7.37909
7.60919
7.84759
8.0867
8.3128
8.5369
8.7606
8.9773
9.1953
9.403
9.6079
9.8073
10.0076
10.2038
10.3792
10.5646
10.7401
10.9063
11.0641
11.2274
11.3846
11.5146
11.6502
11.7716
11.8785
11.9781
12.0615
12.1397
12.1984
12.249
12.2967
12.3246
12.3278
12.3147
12.3154
12.2996
12.2357
12.1665
12.0889
12.0043
11.9045
11.779
11.6369
11.4798
11.2992
11.0983
10.8807
10.6445
10.3776
10.0763
9.76214
9.41964
9.06294
8.65654
8.23544
7.79755
7.30845
6.80155
6.27395
5.70475
5.09515
4.46005
3.79935
3.09225
2.36205
1.60066
0.764656
-0.0869428
-0.959242
-1.89624
-2.88104
