Input file: 220K\out_ETH_220K_1750_RUN4.log
Temperature     Box Volume      Midpoint        
220             27000           129             
Vap Dens mol/m3 Liq Dens mol/m3 Vapor Pressure  Surface Tension 
394.907         16391.1         0.64261         0.00965969      
Weight Function 
0
1.63504
2.61909
3.22893
3.58007
3.74511
3.75906
3.6544
3.44924
3.15729
2.79703
2.37707
1.90392
1.38116
0.819201
0.218244
-0.412613
-1.07667
-1.75273
-2.45908
-3.18264
-3.9246
-4.68416
-5.44631
-6.22527
-7.00673
-7.79468
-8.59264
-9.3912
-10.192
-10.9955
-11.8065
-12.6128
-13.4179
-14.2216
-15.0234
-15.8237
-16.6174
-17.4049
-18.1863
-18.9658
-19.7475
-20.5132
-21.2761
-22.0357
-22.7833
-23.528
-24.265
-24.986
-25.699
-26.4097
-27.1121
-27.8097
-28.4917
-29.1689
-29.8373
-30.4959
-31.1473
-31.7918
-32.4271
-33.0528
-33.6644
-34.2676
-34.8628
-35.4478
-36.0251
-36.5886
-37.1382
-37.6815
-38.2128
-38.7396
-39.2519
-39.7594
-40.2624
-40.7515
-41.2351
-41.7008
-42.1645
-42.6073
-43.0412
-43.4688
-43.8998
-44.3183
-44.7191
-45.1099
-45.4982
-45.88
-46.2515
-46.6062
-46.9575
-47.2989
-47.6366
-47.9599
-48.2802
-48.5899
-48.8884
-49.1757
-49.4563
-49.7191
-49.9748
-50.2257
-50.4712
-50.6998
-50.9226
-51.139
-51.3439
-51.5324
-51.7287
-51.9111
-52.0754
-52.2371
-52.3962
-52.5433
-52.6794
-52.8165
-52.9385
-53.0535
-53.1644
-53.2702
-53.3581
-53.4405
-53.5092
-53.5776
-53.6395
-53.6904
-53.7359
-53.768
-53.793
-53.8059
-53.8119
-53.8115
-53.8009
-53.785
-53.7564
-53.719
-53.678
-53.6299
-53.5799
-53.5067
-53.4245
-53.3338
-53.2402
-53.1417
-53.03
-52.9068
-52.7851
-52.6409
-52.4993
-52.3409
-52.1746
-52.0007
-51.824
-51.6393
-51.4353
-51.2259
-51.0155
-50.7981
-50.5728
-50.3363
-50.0866
-49.8271
-49.5636
-49.2882
-49.0095
-48.7197
-48.4139
-48.1008
-47.7773
-47.4443
-47.1072
-46.7585
-46.4087
-46.0465
-45.6818
-45.3012
-44.9136
-44.5162
-44.1125
-43.6919
-43.2555
-42.8303
-42.3884
-41.9483
-41.4839
-41.0266
-40.5433
-40.0477
-39.5548
-39.054
-38.5426
-38.0226
-37.4848
-36.9512
-36.408
-35.8596
-35.2984
-34.7297
-34.1559
-33.567
-32.9792
-32.3771
-31.7745
-31.1679
-30.5557
-29.9272
-29.2895
-28.6634
-28.0197
-27.3693
-26.725
-26.0711
-25.4121
-24.7507
-24.0703
-23.4065
-22.7244
-22.0588
-21.3665
-20.6891
-20.0064
-19.3127
-18.6183
-17.9381
-17.2505
-16.5725
-15.9018
-15.2273
-14.5546
-13.8704
-13.2031
-12.5315
-11.8766
-11.219
-10.5742
-9.93706
-9.29511
-8.67287
-8.05303
-7.45248
-6.83944
-6.2486
-5.67186
-5.10541
-4.54397
-4.00183
-3.47728
-2.96864
-2.4631
-1.97195
-1.51211
-1.04277
-0.590026
-0.176883
0.21836
0.617103
0.967446
1.31009
1.60403
1.88257
2.11812
2.31166
2.5408
2.72315
2.87479
2.93313
3.02417
3.06532
3.10516
3.0704
3.01595
2.90759
2.78453
2.61818
2.42702
2.18636
1.9262
1.60765
1.27949
0.898033
0.451176
-0.0461812
-0.559038
-1.1109
-1.73185
-2.38811
-3.05337
-3.82012
-4.59418
-5.46264
-6.39539
-7.38925
-8.43061
-9.55687
-10.7246
-11.9684
-13.2781
-14.671
-16.0261
-17.4595
-19.0169
