Input file: C:\Users\Garrett\Desktop\School\Thesis\TMMC\Confirmation_Results\Perfluoroethane\output\230K\out_PERETH_230K_1925_Mie_RUN3.log
Temperature     Box Volume      Midpoint        
230             27000           83              
Vap Dens mol/m3 Liq Dens mol/m3 Vapor Pressure  Surface Tension 
301.382         10436           0.502212        0.00603132      
Weight Function 
0
1.33203
2.02097
2.3558
2.45764
2.38257
2.17971
1.87314
1.47878
1.01411
0.496345
-0.0654206
-0.671486
-1.30715
-1.96202
-2.64068
-3.33685
-4.04301
-4.76068
-5.48374
-6.20791
-6.93858
-7.66684
-8.39621
-9.12287
-9.84704
-10.5662
-11.2802
-11.9843
-12.6836
-13.3762
-14.0595
-14.7259
-15.3848
-16.0389
-16.6825
-17.3151
-17.9326
-18.541
-19.1344
-19.7126
-20.279
-20.8317
-21.3748
-21.8995
-22.4131
-22.9169
-23.4027
-23.8825
-24.3408
-24.7873
-25.2238
-25.6437
-26.054
-26.45
-26.8274
-27.1908
-27.5417
-27.8813
-28.2082
-28.5232
-28.8204
-29.1025
-29.37
-29.6271
-29.8681
-30.1043
-30.3188
-30.5199
-30.7108
-30.8925
-31.0546
-31.2048
-31.3422
-31.4734
-31.5781
-31.6781
-31.7618
-31.8388
-31.8992
-31.9433
-31.9749
-31.9948
-32.0042
-32.0002
-31.9828
-31.9532
-31.9129
-31.8613
-31.7958
-31.7122
-31.6154
-31.5089
-31.3813
-31.2526
-31.1021
-30.9465
-30.7714
-30.5853
-30.3768
-30.1609
-29.9371
-29.7022
-29.4474
-29.1787
-28.9043
-28.615
-28.3125
-28.0038
-27.6683
-27.3234
-26.9674
-26.6011
-26.2193
-25.8277
-25.4301
-25.011
-24.5845
-24.1462
-23.6834
-23.2243
-22.7432
-22.2517
-21.7435
-21.23
-20.7075
-20.176
-19.6302
-19.085
-18.5144
-17.9409
-17.3614
-16.7692
-16.1731
-15.5771
-14.9741
-14.3525
-13.7323
-13.1154
-12.4784
-11.8533
-11.2208
-10.5799
-9.93737
-9.29903
-8.6742
-8.04856
-7.42863
-6.8034
-6.19526
-5.58403
-4.98959
-4.41326
-3.85422
-3.31339
-2.78885
-2.27462
-1.77288
-1.30725
-0.858216
-0.456881
-0.0770467
0.271388
0.627822
0.916057
1.17269
1.37763
1.61326
1.75659
1.83973
1.90996
1.8922
1.85963
1.71997
1.5248
1.25444
0.939171
0.347105
-0.29946
-1.03743
-1.71389
-2.58206
-3.39012
-4.32959
-5.40695
-6.43662
-7.77058
-8.96165
-10.4179
-12.0352
-14.2846
-16.2729
