Input file: C:\Users\Garrett\Desktop\School\Thesis\TMMC\Confirmation_Results\Perfluoroethane\output\230K\out_PERETH_230K_1925_Mie_RUN1.log
Temperature     Box Volume      Midpoint        
230             27000           83              
Vap Dens mol/m3 Liq Dens mol/m3 Vapor Pressure  Surface Tension 
302.218         10455.8         0.503144        0.00602469      
Weight Function 
0
1.33141
2.02493
2.36394
2.46386
2.38807
2.18479
1.8797
1.49402
1.03763
0.521046
-0.0402393
-0.643625
-1.27051
-1.9235
-2.59638
-3.28337
-3.99315
-4.71704
-5.44282
-6.17761
-6.90889
-7.64448
-8.37846
-9.10145
-9.82013
-10.533
-11.2421
-11.9466
-12.642
-13.3305
-14.0082
-14.6797
-15.3417
-15.9902
-16.6296
-17.2588
-17.8761
-18.4792
-19.0718
-19.6533
-20.2218
-20.7765
-21.3176
-21.841
-22.3569
-22.8518
-23.3363
-23.8105
-24.2687
-24.714
-25.1521
-25.5703
-25.9794
-26.3754
-26.761
-27.1209
-27.4719
-27.8095
-28.1388
-28.4605
-28.7564
-29.0473
-29.3222
-29.5739
-29.8128
-30.0408
-30.2559
-30.4642
-30.66
-30.8353
-31.01
-31.1635
-31.2994
-31.4205
-31.5425
-31.6435
-31.7303
-31.803
-31.8614
-31.9112
-31.946
-31.9695
-31.9857
-31.9755
-31.9612
-31.9291
-31.8867
-31.8274
-31.762
-31.6861
-31.5926
-31.4752
-31.3381
-31.2069
-31.0668
-30.9058
-30.7308
-30.5519
-30.3472
-30.1344
-29.901
-29.6672
-29.4239
-29.1649
-28.8743
-28.5958
-28.2937
-27.9847
-27.6446
-27.3049
-26.9388
-26.5615
-26.1802
-25.7887
-25.3697
-24.94
-24.5138
-24.0693
-23.5973
-23.1193
-22.6276
-22.1356
-21.6398
-21.1146
-20.5989
-20.0767
-19.5235
-18.9731
-18.407
-17.8393
-17.2603
-16.6746
-16.0728
-15.4605
-14.847
-14.2244
-13.5867
-12.9776
-12.3767
-11.7414
-11.117
-10.494
-9.86561
-9.2359
-8.60108
-7.98887
-7.37435
-6.80384
-6.20732
-5.62231
-5.02299
-4.44068
-3.89396
-3.35565
-2.83714
-2.36052
-1.88651
-1.41139
-0.963477
-0.552763
-0.169148
0.187267
0.555781
0.879096
1.19031
1.45443
1.61834
1.73405
1.82837
1.85528
1.8656
1.78551
1.62323
1.42214
1.22506
1.05187
0.801486
0.4594
-0.088885
-0.83807
-1.54976
-2.41594
-3.41423
-4.54641
-5.6998
-6.99778
-8.26957
-9.64815
-11.0847
-12.4798
-14.2958
-16.2589
