Input file: C:\Users\Garrett\Desktop\School\Thesis\TMMC\Confirmation_Results\Perfluoroethane\output\230K\out_PERETH_230K_1925_Mie_RUN4.log
Temperature     Box Volume      Midpoint        
230             27000           82              
Vap Dens mol/m3 Liq Dens mol/m3 Vapor Pressure  Surface Tension 
301.014         10436.3         0.501763        0.00604478      
Weight Function 
0
1.32847
2.02004
2.35651
2.45328
2.37986
2.17613
1.8644
1.46657
1.00784
0.492112
-0.073017
-0.677746
-1.30937
-1.9715
-2.65283
-3.34716
-4.05779
-4.77452
-5.50175
-6.23628
-6.96611
-7.69433
-8.42266
-9.14919
-9.87582
-10.6013
-11.3175
-12.023
-12.7155
-13.4058
-14.0891
-14.7615
-15.4216
-16.0728
-16.712
-17.3409
-17.9586
-18.5597
-19.1477
-19.7273
-20.2923
-20.8449
-21.3929
-21.921
-22.4299
-22.9313
-23.424
-23.9065
-24.3733
-24.8262
-25.2603
-25.6813
-26.0889
-26.4856
-26.8629
-27.2275
-27.5863
-27.9269
-28.2464
-28.5487
-28.8466
-29.1292
-29.4051
-29.666
-29.9115
-30.1386
-30.3508
-30.5504
-30.7469
-30.9277
-31.1025
-31.2552
-31.401
-31.5317
-31.6423
-31.7474
-31.8288
-31.9101
-31.9682
-32.0131
-32.0555
-32.0792
-32.0734
-32.0558
-32.0399
-32.0047
-31.9587
-31.9007
-31.8333
-31.7568
-31.6574
-31.5523
-31.4332
-31.3003
-31.1564
-30.9978
-30.8169
-30.6365
-30.4405
-30.226
-29.9989
-29.7555
-29.5002
-29.2279
-28.9617
-28.6694
-28.3697
-28.0495
-27.7283
-27.3894
-27.0362
-26.6635
-26.279
-25.8839
-25.4765
-25.0596
-24.6269
-24.1878
-23.7346
-23.2674
-22.7897
-22.303
-21.8058
-21.2947
-20.7747
-20.232
-19.6869
-19.1395
-18.5856
-18.0035
-17.4236
-16.8308
-16.2357
-15.6335
-15.0215
-14.3949
-13.7703
-13.1451
-12.5181
-11.8848
-11.2579
-10.6199
-9.98322
-9.33795
-8.70018
-8.07941
-7.46414
-6.84127
-6.25259
-5.65702
-5.06575
-4.50218
-3.93901
-3.38574
-2.84747
-2.3357
-1.81912
-1.33985
-0.896283
-0.494911
-0.10774
0.242731
0.599902
0.909873
1.19754
1.43572
1.61249
1.76366
1.86583
1.9013
1.91707
1.80764
1.65971
1.51939
1.19216
0.799427
0.408899
-0.13723
-0.739159
-1.32979
-2.05002
-2.83765
-3.76207
-4.811
-5.81173
-7.05966
-8.22069
-9.56142
-11.0139
-12.8403
-14.7821
-16.7861
