Input file: C:\Users\Garrett\Desktop\School\Thesis\TMMC\Confirmation_Results\Perfluoroethane\output\230K\out_PERETH_230K_1925_Mie_RUN2.log
Temperature     Box Volume      Midpoint        
230             27000           83              
Vap Dens mol/m3 Liq Dens mol/m3 Vapor Pressure  Surface Tension 
302.159         10426.5         0.503823        0.006029        
Weight Function 
0
1.33439
2.02998
2.36847
2.47116
2.39685
2.19394
1.88563
1.49372
1.03911
0.526405
-0.0364047
-0.637514
-1.26942
-1.92833
-2.60874
-3.30255
-4.00636
-4.72607
-5.44768
-6.17159
-6.9102
-7.64051
-8.36522
-9.09703
-9.82564
-10.5442
-11.2537
-11.9576
-12.6543
-13.3371
-14.0131
-14.6873
-15.3516
-16.0039
-16.6414
-17.2676
-17.8822
-18.4887
-19.086
-19.6673
-20.2372
-20.7954
-21.3384
-21.8706
-22.3836
-22.8883
-23.372
-23.8446
-24.3052
-24.7565
-25.1898
-25.616
-26.0274
-26.4211
-26.8001
-27.1644
-27.52
-27.8577
-28.1854
-28.4925
-28.7961
-29.0833
-29.3601
-29.6177
-29.8648
-30.0943
-30.3128
-30.5178
-30.7043
-30.8856
-31.0502
-31.201
-31.3396
-31.471
-31.5794
-31.6818
-31.7705
-31.8488
-31.9031
-31.953
-31.9856
-32.0069
-32.0154
-32.0097
-31.9959
-31.9612
-31.913
-31.8614
-31.7971
-31.7155
-31.6239
-31.5155
-31.3926
-31.2567
-31.1133
-30.9586
-30.7859
-30.6008
-30.4067
-30.1974
-29.973
-29.7412
-29.4916
-29.2268
-28.9547
-28.6674
-28.3655
-28.0546
-27.7249
-27.3855
-27.0349
-26.6676
-26.286
-25.8913
-25.4896
-25.0776
-24.6502
-24.208
-23.7513
-23.2866
-22.7972
-22.3094
-21.8199
-21.3051
-20.7758
-20.2419
-19.6869
-19.13
-18.5543
-17.9745
-17.3884
-16.7937
-16.1834
-15.5778
-14.9694
-14.3629
-13.7321
-13.1113
-12.4837
-11.8459
-11.199
-10.5629
-9.91226
-9.26807
-8.63008
-8.00039
-7.3769
-6.75801
-6.14952
-5.55733
-4.97954
-4.41645
-3.85746
-3.30997
-2.76128
-2.24849
-1.72379
-1.2102
-0.747614
-0.297923
0.0928673
0.437258
0.759048
1.05714
1.28433
1.46552
1.62401
1.7574
1.81159
1.83958
1.84777
1.81796
1.68955
1.52314
1.26573
0.845124
0.401115
-0.0538946
-0.737304
-1.46611
-2.38612
-3.31263
-4.24344
-5.21285
-6.36046
-7.66117
-8.86738
-10.2481
-11.7797
-13.5497
-15.4899
-17.0608
