Input file: C:\Users\Garrett\Desktop\School\Thesis\TMMC\Confirmation_Results\Ethane\output\280K\out_ETH_280K_2000_RUN4.log
Temperature     Box Volume      Midpoint        
280             27000           117             
Vap Dens mol/m3 Liq Dens mol/m3 Vapor Pressure  Surface Tension 
2176.38         12605.2         3.23237         0.00146337      
Weight Function 
0
2.8321
4.9912
6.7591
8.2677
9.5763
10.7215
11.729
12.6296
13.4337
14.1543
14.7988
15.3774
15.8961
16.3631
16.7827
17.1611
17.494
17.7921
18.0581
18.2934
18.5023
18.6837
18.8419
18.9768
19.0902
19.179
19.25
19.3082
19.348
19.3758
19.3894
19.389
19.3774
19.3577
19.327
19.287
19.2381
19.1796
19.1138
19.0421
18.9673
18.883
18.7982
18.7067
18.6157
18.519
18.4167
18.3074
18.1939
18.0769
17.9599
17.8416
17.7204
17.5986
17.4711
17.3495
17.2214
17.0935
16.9641
16.8398
16.715
16.5868
16.461
16.3345
16.2156
16.0889
15.9631
15.8411
15.7183
15.5975
15.4814
15.3625
15.2423
15.1299
15.0193
14.9063
14.7942
14.6857
14.5783
14.4761
14.3767
14.2777
14.1869
14.0939
14
13.9142
13.824
13.7394
13.6564
13.5707
13.4907
13.4146
13.3384
13.2698
13.2057
13.1393
13.0747
13.0203
12.9691
12.924
12.8751
12.8259
12.7794
12.736
12.6963
12.6603
12.6264
12.6007
12.5725
12.5475
12.5271
12.5122
12.4985
12.4891
12.4812
12.4743
12.4739
12.4764
12.4853
12.4909
12.5027
12.511
12.5244
12.5401
12.5641
12.5909
12.6168
12.6438
12.675
12.7064
12.7471
12.7933
12.8365
12.8837
12.9314
12.9847
13.043
13.0979
13.1522
13.2128
13.2772
13.3424
13.4159
13.4899
13.5694
13.6458
13.7223
13.8014
13.8782
13.9626
14.0501
14.1308
14.2184
14.3166
14.4168
14.513
14.6124
14.7219
14.8292
14.9376
15.0399
15.1475
15.2545
15.3593
15.472
15.5855
15.6974
15.8082
15.9181
16.0265
16.141
16.2571
16.3675
16.4864
16.602
16.7213
16.8331
16.939
17.0552
17.1644
17.273
17.3806
17.4865
17.5907
17.6943
17.7917
17.8906
17.9892
18.0794
18.1786
18.2658
18.3589
18.4419
18.5234
18.6017
18.683
18.7536
18.8211
18.8928
18.945
18.9973
19.0408
19.0823
19.1175
19.1411
19.1636
19.1798
19.1859
19.185
19.1787
19.1567
19.1257
19.0916
19.0395
18.9854
18.9229
18.8517
18.7705
18.67
18.5652
18.4488
18.3196
18.1785
18.019
17.8463
17.6686
17.4707
17.2528
17.0184
16.7842
16.5222
16.2424
15.949
15.6468
15.3189
14.9632
14.5978
14.2094
13.7957
13.3644
12.9124
12.4289
11.9357
11.4075
10.8733
10.3
9.71669
9.11789
8.47629
7.79179
7.09719
6.38369
5.62469
4.83939
4.02459
3.17559
2.27829
1.37989
0.443089
