Input file: C:\Users\Garrett\Desktop\School\Thesis\TMMC\Confirmation_Results\Ethane\output\280K\out_ETH_280K_2000_RUN1.log
Temperature     Box Volume      Midpoint        
280             27000           117             
Vap Dens mol/m3 Liq Dens mol/m3 Vapor Pressure  Surface Tension 
2182.45         12581.5         3.23662         0.00146111      
Weight Function 
0
2.82856
4.98511
6.76237
8.27272
9.57658
10.7199
11.7307
12.638
13.4435
14.1648
14.8106
15.3951
15.9166
16.3849
16.8055
17.1858
17.52
17.8186
18.0849
18.3153
18.5214
18.7004
18.8555
18.9884
19.1031
19.1952
19.2732
19.3326
19.3767
19.4027
19.4208
19.4193
19.4052
19.3832
19.3533
19.3154
19.2681
19.2113
19.1504
19.0849
19.0088
18.9244
18.8333
18.7443
18.6517
18.5489
18.4429
18.335
18.2242
18.1099
17.9943
17.8741
17.7537
17.6368
17.5187
17.3966
17.2742
17.1505
17.0247
16.9012
16.7704
16.6407
16.516
16.3951
16.275
16.1483
16.0286
15.9066
15.789
15.6712
15.5558
15.4379
15.3208
15.2084
15.0977
14.987
14.8793
14.7761
14.6788
14.5773
14.4729
14.3753
14.2727
14.1814
14.0933
14.0046
13.9205
13.831
13.7412
13.6574
13.5788
13.4979
13.4202
13.3537
13.2849
13.2185
13.158
13.0985
13.037
12.9866
12.9329
12.8865
12.8473
12.7997
12.7537
12.7158
12.6757
12.6419
12.6142
12.593
12.5736
12.5628
12.5458
12.5343
12.5225
12.5149
12.508
12.514
12.5176
12.5245
12.535
12.5479
12.5637
12.5825
12.6119
12.631
12.6609
12.6915
12.7248
12.7625
12.8041
12.8448
12.8896
12.9355
12.9891
13.0416
13.0977
13.1578
13.2201
13.2868
13.3566
13.4194
13.4904
13.5698
13.6443
13.7214
13.7988
13.878
13.9614
14.0521
14.1409
14.2287
14.3172
14.414
14.5054
14.6008
14.6992
14.8029
14.9101
15.0143
15.118
15.222
15.3295
15.4363
15.5478
15.6597
15.7716
15.8832
15.9894
16.1007
16.2082
16.3238
16.438
16.5477
16.6629
16.7743
16.8803
16.9906
17.1035
17.2197
17.3237
17.4343
17.5409
17.6519
17.7584
17.8668
17.9689
18.0664
18.1616
18.2561
18.3504
18.4413
18.5271
18.603
18.6848
18.7559
18.8137
18.8804
18.9418
18.9994
19.0508
19.0956
19.1315
19.1531
19.1773
19.1932
19.2017
19.1957
19.1904
19.1794
19.1568
19.127
19.0946
19.0543
18.9967
18.93
18.8496
18.7526
18.6514
18.5469
18.4278
18.3039
18.158
18
17.8212
17.6477
17.4435
17.2394
17.0124
16.7636
16.5003
16.2197
15.9177
15.601
15.2799
14.9304
14.5451
14.1768
13.7617
13.3274
12.8862
12.4032
11.9207
11.4118
10.8779
10.3142
9.71922
9.10057
8.47153
7.80069
7.10204
6.3722
5.62945
4.84461
4.03917
3.20202
2.32588
1.42803
0.482389
