Input file: C:\Users\Garrett\Desktop\School\Thesis\TMMC\Confirmation_Results\Ethane\output\280K\out_ETH_280K_2000_Mie_RUN3.log
Temperature     Box Volume      Midpoint        
280             27000           116             
Vap Dens mol/m3 Liq Dens mol/m3 Vapor Pressure  Surface Tension 
1831.7          12865.9         2.85806         0.00192926      
Weight Function 
0
2.72087
4.77593
6.4473
7.85286
9.06003
10.108
11.0214
11.8254
12.531
13.1572
13.7171
14.2067
14.6449
15.0266
15.3576
15.6548
15.9109
16.1267
16.3125
16.4722
16.606
16.7106
16.7898
16.8543
16.8964
16.9206
16.929
16.9211
16.8981
16.861
16.8156
16.7497
16.6749
16.5893
16.5007
16.406
16.2993
16.1902
16.0736
15.9521
15.8246
15.6927
15.5564
15.4148
15.2728
15.1201
14.9686
14.8103
14.6503
14.4946
14.3386
14.1818
14.0248
13.8662
13.7
13.5414
13.3836
13.2256
13.0686
12.9111
12.7556
12.6
12.4484
12.2978
12.142
11.9891
11.8359
11.6862
11.5385
11.3942
11.253
11.1107
10.9747
10.8418
10.7037
10.5689
10.4419
10.3197
10.2042
10.0851
9.96613
9.8495
9.73537
9.62353
9.5162
9.40726
9.30663
9.21299
9.11976
9.02773
8.94319
8.86356
8.78762
8.70149
8.62696
8.55382
8.48159
8.41815
8.36272
8.30388
8.24525
8.19332
8.14368
8.09915
8.05941
8.01968
7.98195
7.94881
7.92708
7.90424
7.88061
7.86467
7.84654
7.83991
7.83287
7.83074
7.8316
7.83587
7.84114
7.8558
7.86877
7.88573
7.904
7.92637
7.94893
7.9816
8.02246
8.05823
8.09169
8.13926
8.19383
8.24499
8.30116
8.35372
8.42019
8.47956
8.54712
8.62209
8.69095
8.76652
8.84328
8.92565
9.00552
9.09648
9.18755
9.28251
9.38828
9.48845
9.58771
9.69418
9.80384
9.91691
10.033
10.1535
10.2769
10.395
10.5113
10.6291
10.7558
10.8805
11.0028
11.1375
11.2687
11.4023
11.5432
11.6823
11.8161
11.9485
12.089
12.2359
12.3769
12.5309
12.6698
12.8074
12.9511
13.0947
13.2384
13.375
13.5084
13.6503
13.7963
13.947
14.0911
14.2304
14.3716
14.5146
14.6527
14.7855
14.9211
15.0588
15.181
15.2981
15.4186
15.5318
15.6429
15.7479
15.8477
15.9472
16.0367
16.1254
16.2091
16.2857
16.3584
16.4217
16.477
16.5206
16.5677
16.6162
16.6571
16.6855
16.6925
16.6986
16.6893
16.6707
16.6455
16.597
16.5391
16.4745
16.4079
16.3178
16.2113
16.0951
15.9798
15.8356
15.672
15.5057
15.3249
15.1274
14.9085
14.6605
14.3973
14.1118
13.8051
13.4762
13.1343
12.7535
12.3422
11.9271
11.4813
11.0004
10.5048
9.96954
9.4282
8.86197
8.25943
7.6273
6.97666
6.32593
5.6076
4.85906
4.09133
3.29379
2.44656
1.57583
0.641491
-0.315843
-1.30868
-2.35281
-3.41585
-4.54508
