Input file: C:\Users\Garrett\Desktop\School\Thesis\TMMC\Confirmation_Results\Ethane\output\280K\out_ETH_280K_2000_RUN2.log
Temperature     Box Volume      Midpoint        
280             27000           117             
Vap Dens mol/m3 Liq Dens mol/m3 Vapor Pressure  Surface Tension 
2188.17         12602.6         3.23832         0.00146082      
Weight Function 
0
2.8353
4.9966
6.7714
8.2779
9.58651
10.7254
11.7367
12.6405
13.4459
14.1641
14.8142
15.3947
15.9157
16.379
16.8009
17.175
17.5099
17.8104
18.0772
18.3127
18.5215
18.698
18.8551
18.9918
19.1011
19.1954
19.2744
19.334
19.373
19.4049
19.419
19.4274
19.4188
19.3991
19.3688
19.3292
19.2834
19.2353
19.1733
19.1057
19.0295
18.9473
18.8604
18.7702
18.677
18.5791
18.4739
18.3623
18.2479
18.138
18.0261
17.908
17.7904
17.669
17.5446
17.418
17.2951
17.1729
17.0526
16.9327
16.8041
16.6722
16.5447
16.4204
16.2955
16.1671
16.0422
15.9161
15.7919
15.6638
15.5412
15.4236
15.3099
15.1918
15.0754
14.9653
14.8567
14.7479
14.6468
14.5453
14.4449
14.3484
14.2507
14.1553
14.0637
13.9712
13.8864
13.8021
13.7199
13.6405
13.5596
13.4824
13.4055
13.3396
13.27
13.2057
13.1466
13.0851
13.0274
12.9685
12.9168
12.8726
12.8229
12.7838
12.7488
12.716
12.6837
12.6514
12.6246
12.6063
12.5816
12.5666
12.553
12.5422
12.5317
12.5288
12.526
12.5326
12.5391
12.5447
12.5502
12.5603
12.5755
12.5989
12.6283
12.6541
12.6799
12.7088
12.7394
12.7746
12.8088
12.8541
12.9017
12.9461
12.9956
13.0484
13.1072
13.1664
13.2303
13.2982
13.3612
13.4232
13.4889
13.5587
13.631
13.7025
13.7847
13.868
13.9519
14.0318
14.1238
14.2139
14.311
14.4091
14.5089
14.6098
14.707
14.8057
14.9023
15.0042
15.1095
15.2151
15.3149
15.4241
15.5295
15.6399
15.749
15.8582
15.9712
16.0839
16.1924
16.2981
16.4119
16.519
16.633
16.7501
16.8621
16.9727
17.0846
17.2002
17.3064
17.4208
17.5268
17.6263
17.729
17.8323
17.9391
18.0446
18.1402
18.2344
18.3197
18.4099
18.4966
18.5851
18.6593
18.7324
18.7975
18.8602
18.9184
18.9745
19.0263
19.07
19.116
19.1523
19.1756
19.2
19.2165
19.2256
19.2283
19.2267
19.2068
19.1729
19.141
19.0913
19.0373
18.979
18.8991
18.8138
18.7194
18.6117
18.4887
18.357
18.1996
18.0325
17.8621
17.677
17.4759
17.2634
17.0309
16.7981
16.5424
16.2674
15.9679
15.6615
15.3423
15.0016
14.6372
14.2369
13.8137
13.3847
12.9352
12.4696
11.9769
11.4508
10.9243
10.3619
9.77525
9.16535
8.53405
7.87755
7.18815
6.47366
5.73326
4.95856
4.15796
3.32776
2.46886
1.57246
0.629463
