Input file: C:\Users\Garrett\Desktop\School\Thesis\TMMC\Confirmation_Results\Ethane\output\280K\out_ETH_280K_2000_Mie_RUN4.log
Temperature     Box Volume      Midpoint        
280             27000           118             
Vap Dens mol/m3 Liq Dens mol/m3 Vapor Pressure  Surface Tension 
1836.64         12848.7         2.85934         0.00192145      
Weight Function 
0
2.72347
4.77564
6.44361
7.84868
9.05255
10.0989
11.0215
11.828
12.5362
13.1642
13.7222
14.2159
14.6479
15.0267
15.3637
15.6597
15.9112
16.133
16.3167
16.4711
16.6086
16.717
16.7971
16.8534
16.8943
16.9139
16.9241
16.9255
16.9077
16.8716
16.8209
16.7588
16.6842
16.6059
16.516
16.4181
16.3155
16.2091
16.0896
15.972
15.8476
15.7155
15.5776
15.4416
15.2991
15.1491
14.9986
14.8525
14.6978
14.5383
14.3793
14.2237
14.063
13.9015
13.7423
13.5866
13.4268
13.2599
13.0961
12.9391
12.7791
12.6264
12.4745
12.3239
12.171
12.0183
11.8711
11.7147
11.5681
11.4246
11.2858
11.1469
11.0096
10.8735
10.7342
10.6008
10.4764
10.3499
10.2308
10.114
9.99594
9.88441
9.77018
9.66255
9.55913
9.4616
9.36477
9.26744
9.17991
9.09278
9.00215
8.91882
8.83909
8.76606
8.68693
8.62
8.55288
8.48755
8.42602
8.36579
8.31666
8.26263
8.2102
8.16537
8.12514
8.08881
8.05268
8.01766
7.98353
7.9597
7.93677
7.91834
7.90451
7.89308
7.88395
7.88012
7.87589
7.87426
7.88284
7.89201
7.90488
7.92265
7.94422
7.97369
7.99676
8.02283
8.0524
8.08977
8.13174
8.17271
8.21499
8.27316
8.33093
8.3853
8.44757
8.50634
8.57411
8.64038
8.70805
8.77872
8.86029
8.94287
9.02344
9.10871
9.20738
9.29875
9.38952
9.48929
9.59186
9.69723
9.8091
9.92007
10.0263
10.1425
10.2612
10.3812
10.4987
10.6261
10.7525
10.8809
11.0119
11.1466
11.2772
11.4143
11.5558
11.6911
11.836
11.9795
12.1174
12.2585
12.4022
12.5493
12.692
12.8338
12.985
13.1234
13.2631
13.4125
13.5638
13.7054
13.8375
13.977
14.1245
14.2651
14.4027
14.5405
14.6819
14.8087
14.9388
15.0674
15.201
15.318
15.4357
15.5503
15.6666
15.7853
15.8799
15.9732
16.0788
16.1687
16.2494
16.3263
16.4046
16.4661
16.5291
16.5808
16.625
16.6466
16.6774
16.703
16.7164
16.7025
16.6864
16.6637
16.6238
16.5797
16.5252
16.4581
16.3781
16.2808
16.1793
16.0689
15.9357
15.7894
15.6372
15.4614
15.2626
15.0633
14.8425
14.6026
14.336
14.0454
13.7399
13.4112
13.0731
12.709
12.3199
11.9102
11.4776
11.0115
10.5034
9.97005
9.40742
8.8114
8.17487
7.53184
6.85611
6.15478
5.44235
4.66502
3.83869
2.99276
2.11623
1.2152
0.269075
-0.719154
-1.76148
-2.79931
-3.87564
-4.97807
