Input file: C:\Users\Garrett\Desktop\School\Thesis\TMMC\Confirmation_Results\Ethane\output\280K\out_ETH_280K_2000_Mie_RUN2.log
Temperature     Box Volume      Midpoint        
280             27000           116             
Vap Dens mol/m3 Liq Dens mol/m3 Vapor Pressure  Surface Tension 
1833.24         12845.7         2.85584         0.00192124      
Weight Function 
0
2.72312
4.77405
6.44297
7.8461
9.05242
10.0984
11.0176
11.8248
12.5372
13.1656
13.7195
14.2132
14.6435
15.0242
15.3617
15.6483
15.8955
16.1132
16.3032
16.4623
16.5883
16.6961
16.7809
16.8385
16.8748
16.8992
16.904
16.894
16.8694
16.8388
16.7914
16.7276
16.6538
16.5757
16.4892
16.3898
16.2873
16.1821
16.0629
15.9399
15.8116
15.6801
15.5459
15.4052
15.2609
15.1135
14.9672
14.8142
14.6613
14.5039
14.3502
14.1907
14.0359
13.8755
13.7177
13.559
13.4038
13.2472
13.0901
12.9357
12.7808
12.6215
12.4679
12.3079
12.1506
11.9974
11.8461
11.691
11.542
11.3954
11.255
11.1184
10.9761
10.8397
10.7016
10.5683
10.4372
10.3092
10.1869
10.0687
9.95713
9.84455
9.73158
9.6223
9.52193
9.42265
9.32157
9.2253
9.13162
9.04374
8.95377
8.87079
8.79002
8.70754
8.63156
8.55979
8.49531
8.42894
8.36896
8.30748
8.24621
8.19533
8.14695
8.10398
8.0705
8.03323
7.99805
7.96127
7.9356
7.90972
7.89474
7.87077
7.85029
7.84062
7.83634
7.83626
7.83719
7.84371
7.85094
7.86436
7.87768
7.89711
7.91953
7.94285
7.96748
7.9924
8.03063
8.07215
8.11777
8.1641
8.21442
8.26985
8.32597
8.38309
8.44642
8.51864
8.58946
8.66099
8.73121
8.80564
8.88756
8.96638
9.05291
9.13783
9.22155
9.31488
9.406
9.50143
9.60095
9.70847
9.8226
9.93202
10.0408
10.1569
10.2719
10.392
10.5182
10.6427
10.7677
10.9009
11.0326
11.163
11.2971
11.4377
11.5798
11.7168
11.8613
12.0001
12.1437
12.2818
12.4198
12.57
12.7125
12.8614
13.002
13.156
13.2936
13.445
13.5895
13.7341
13.8733
14.0103
14.1472
14.283
14.4142
14.5532
14.6913
14.8217
14.9465
15.0755
15.2006
15.325
15.4454
15.5682
15.6747
15.7805
15.8758
15.9744
16.0655
16.1565
16.2304
16.2938
16.3666
16.427
16.4829
16.5293
16.573
16.6039
16.6293
16.642
16.6558
16.6599
16.6366
16.6144
16.5857
16.5508
16.5072
16.4315
16.3631
16.2822
16.179
16.0644
15.9399
15.8137
15.6497
15.4734
15.2842
15.0622
14.8265
14.5717
14.3124
14.0365
13.7292
13.4065
13.0538
12.6869
12.2848
11.8685
11.4251
10.9584
10.4673
9.95557
9.40849
8.84691
8.24154
7.60946
6.95359
6.24421
5.52413
4.75796
3.96468
3.1379
2.27213
1.36805
0.455076
-0.5268
-1.54908
-2.62365
-3.73663
-4.8969
