Input file: C:\Users\Garrett\Desktop\School\Thesis\TMMC\Confirmation_Results\Ethane\output\280K\out_ETH_280K_2000_Mie_RUN1.log
Temperature     Box Volume      Midpoint        
280             27000           116             
Vap Dens mol/m3 Liq Dens mol/m3 Vapor Pressure  Surface Tension 
1838.11         12856.7         2.86043         0.00191948      
Weight Function 
0
2.7255
4.7838
6.4564
7.8621
9.0693
10.1167
11.0335
11.8399
12.5515
13.1776
13.7306
14.2195
14.6512
15.0351
15.3713
15.6617
15.9139
16.1338
16.3203
16.4782
16.6054
16.7107
16.7968
16.8624
16.907
16.933
16.9384
16.9326
16.9148
16.8744
16.8209
16.7605
16.6898
16.6103
16.5261
16.4331
16.3318
16.2249
16.1117
15.9882
15.8588
15.7276
15.5915
15.4508
15.3056
15.158
15.0097
14.8576
14.7069
14.5528
14.3938
14.2337
14.0727
13.9146
13.7529
13.5933
13.4291
13.2688
13.1075
12.952
12.7981
12.6466
12.4909
12.3386
12.1884
12.0434
11.8896
11.7423
11.5945
11.4486
11.3026
11.1575
11.0205
10.8846
10.7524
10.6205
10.4897
10.3598
10.2373
10.1211
10.0006
9.88117
9.77047
9.66327
9.56227
9.46057
9.36137
9.27207
9.17917
9.09537
9.01177
8.92527
8.84117
8.76337
8.68117
8.60557
8.53257
8.46687
8.40437
8.34577
8.29067
8.24207
8.19657
8.15227
8.10736
8.06926
8.03056
7.99686
7.96516
7.94206
7.92616
7.91236
7.90176
7.89456
7.89176
7.88496
7.88896
7.89136
7.90066
7.90846
7.92386
7.93646
7.96246
7.98876
8.01506
8.04956
8.08166
8.11986
8.16276
8.20606
8.24836
8.30186
8.35526
8.41795
8.47995
8.54315
8.61025
8.68305
8.76125
8.83455
8.91435
8.99775
9.08255
9.17395
9.26425
9.35805
9.45415
9.56035
9.66615
9.77235
9.88125
9.99415
10.1031
10.2177
10.3347
10.4543
10.5785
10.7036
10.8278
10.9544
11.082
11.2202
11.35
11.485
11.6195
11.7493
11.8867
12.0234
12.1588
12.3048
12.436
12.5752
12.7197
12.8715
13.0185
13.1569
13.2928
13.4404
13.5889
13.7339
13.8762
14.0159
14.1572
14.2934
14.4209
14.5492
14.681
14.8175
14.9515
15.0754
15.1996
15.3221
15.4354
15.5425
15.6543
15.7694
15.8637
15.9623
16.0705
16.1547
16.251
16.3252
16.398
16.4466
16.5034
16.5499
16.5972
16.6332
16.6629
16.6887
16.696
16.7065
16.7006
16.6858
16.667
16.6104
16.5591
16.4966
16.4245
16.3317
16.2211
16.0984
15.9793
15.8303
15.6694
15.4964
15.302
15.0785
14.8565
14.6115
14.3453
14.074
13.7675
13.4473
13.1078
12.7332
12.3376
11.9117
11.4587
10.9943
10.4997
9.98832
9.45512
8.87092
8.27522
7.64002
6.97922
6.27722
5.56832
4.79952
3.96972
3.11952
2.22711
1.31861
0.386314
-0.601586
-1.59599
-2.62189
-3.72059
-4.86069
