Input file: C:\Users\Garrett\Desktop\School\Thesis\TMMC\Confirmation_Results\Ethane\output\280K\out_ETH_280K_2000_RUN3.log
Temperature     Box Volume      Midpoint        
280             27000           118             
Vap Dens mol/m3 Liq Dens mol/m3 Vapor Pressure  Surface Tension 
2186.46         12570.3         3.2399          0.00145405      
Weight Function 
0
2.83092
4.99204
6.76596
8.27878
9.5851
10.7351
11.7493
12.6514
13.4612
14.1838
14.8327
15.4164
15.9368
16.4035
16.8219
17.2004
17.5352
17.8335
18.0979
18.3298
18.5348
18.7121
18.8662
19.0039
19.1221
19.2187
19.2936
19.3517
19.3944
19.4173
19.4284
19.431
19.4238
19.4048
19.378
19.3424
19.2942
19.2395
19.1756
19.1092
19.036
18.9513
18.8666
18.7804
18.6856
18.5825
18.4845
18.3786
18.2643
18.1537
18.038
17.9207
17.7969
17.6767
17.5497
17.4212
17.2992
17.1766
17.0524
16.9204
16.7887
16.6618
16.5391
16.4122
16.2872
16.1666
16.0436
15.9241
15.8051
15.6856
15.5673
15.4488
15.3347
15.2217
15.1121
15.003
14.897
14.7939
14.6852
14.5777
14.477
14.3813
14.2874
14.1928
14.0998
14.0088
13.9193
13.8357
13.7503
13.6742
13.5986
13.525
13.4494
13.3835
13.3189
13.2503
13.1892
13.1318
13.0731
13.0197
12.9636
12.9151
12.8708
12.8237
12.784
12.7534
12.7201
12.6915
12.6649
12.6439
12.6269
12.6081
12.5875
12.5753
12.5712
12.5635
12.5611
12.5575
12.563
12.5767
12.5841
12.5975
12.6177
12.637
12.6648
12.6959
12.7257
12.7577
12.7908
12.8294
12.8602
12.9024
12.9525
13.0066
13.0608
13.1167
13.1687
13.231
13.2958
13.3557
13.4173
13.4854
13.5553
13.6269
13.7047
13.7875
13.8646
13.9442
14.0233
14.1072
14.1936
14.2796
14.3743
14.4702
14.5687
14.6672
14.7625
14.861
14.9641
15.0674
15.1712
15.28
15.3879
15.4979
15.6081
15.7147
15.8288
15.9353
16.056
16.17
16.2866
16.3974
16.511
16.6279
16.7412
16.8534
16.9646
17.0778
17.188
17.2922
17.4033
17.5109
17.613
17.7172
17.8217
17.9156
18.0073
18.1008
18.1921
18.2889
18.3781
18.4662
18.5445
18.6268
18.7009
18.7777
18.849
18.9119
18.9732
19.0224
19.0599
19.1005
19.1386
19.1693
19.1901
19.2088
19.2246
19.2225
19.216
19.2056
19.1864
19.1604
19.1131
19.064
19.0093
18.9418
18.8684
18.7756
18.6776
18.564
18.4404
18.3047
18.1548
17.9981
17.8292
17.6429
17.4437
17.2273
16.9902
16.7303
16.4549
16.1694
15.8659
15.5399
15.2141
14.8548
14.4739
14.0854
13.663
13.229
12.7775
12.3014
11.8101
11.3008
10.7597
10.2056
9.61478
9.0034
8.36132
7.68714
6.99186
6.28828
5.5325
4.74682
3.94004
3.10986
2.23228
1.3204
0.381223
