Input file: C:\Users\Garrett\Desktop\School\Thesis\Sim_Results\Isobutane\390K\out_ISB_390K_3055_RUN1.log
Temperature     Box Volume      Midpoint        
390             27000           66              
Vap Dens mol/m3 Liq Dens mol/m3 Vapor Pressure  Surface Tension 
1703.93         6546.03         3.01904         0.000744264     
Weight Function 
1
3.38442
5.11453
6.47335
7.58046
8.49768
9.27019
9.92041
10.4762
10.9433
11.3417
11.6781
11.963
12.2008
12.3973
12.5584
12.6855
12.7836
12.8604
12.9145
12.9483
12.9675
12.9671
12.9503
12.9245
12.888
12.8438
12.7884
12.7277
12.6611
12.5895
12.5138
12.4328
12.347
12.2613
12.1751
12.0863
12.0014
11.907
11.8165
11.7268
11.643
11.5569
11.4696
11.3812
11.2977
11.2214
11.1437
11.0688
11
10.9349
10.8689
10.8072
10.7497
10.698
10.6492
10.6064
10.5657
10.5278
10.4973
10.4711
10.4452
10.4251
10.4119
10.4023
10.4003
10.3991
10.3995
10.4077
10.4158
10.4294
10.4515
10.4718
10.4975
10.5282
10.5654
10.606
10.6478
10.6931
10.7433
10.7937
10.8519
10.9113
10.9737
11.0379
11.1037
11.1724
11.2443
11.3179
11.3985
11.4778
11.5576
11.6349
11.7126
11.7964
11.8789
11.9624
12.0425
12.1237
12.1979
12.272
12.3423
12.4126
12.4812
12.5424
12.5974
12.6471
12.6911
12.7328
12.7622
12.7897
12.8016
12.8067
12.801
12.7908
12.762
12.7213
12.6663
12.5968
12.5103
12.4109
12.2966
12.1609
12.0033
11.8304
11.64
11.4109
11.1691
10.8991
10.5999
10.2665
9.90812
9.51333
9.08765
8.61946
8.12068
7.58449
7.00711
6.37533
5.71794
5.00556
4.24237
3.42069
2.5459
1.62412
0.650833
-0.375552
-1.48214
-2.63862
-3.84461
-5.11199
-6.48247
-7.91776
-9.45004
-11.0092
-12.6906
-14.4349
-16.2912
-18.2289
-20.2741
-22.411
-24.6533
-27.0389
-29.5319
-32.0941
-34.7712
-37.5973
-40.4614
-43.4956
-46.6095
-49.9145
-53.3363
-56.853
-60.4624
-64.1628
0
0
