Input file: C:\Users\Garrett\Desktop\School\Thesis\Sim_Results\Isobutane\390K\out_ISB_390K_3055_RUN2.log
Temperature     Box Volume      Midpoint        
390             27000           66              
Vap Dens mol/m3 Liq Dens mol/m3 Vapor Pressure  Surface Tension 
1701.11         6552.75         3.01933         0.000745692     
Weight Function 
1
3.38648
5.11297
6.47175
7.57793
8.49382
9.268
9.91938
10.4748
10.948
11.3448
11.6792
11.9627
12.2028
12.401
12.5646
12.6919
12.7944
12.8713
12.9252
12.9586
12.9709
12.9709
12.9556
12.9284
12.8894
12.8463
12.7928
12.7304
12.6622
12.588
12.5096
12.4271
12.3415
12.2561
12.1684
12.0801
11.9889
11.8979
11.8081
11.7189
11.6319
11.5457
11.4614
11.3759
11.2965
11.2185
11.1417
11.0663
10.9973
10.9303
10.8648
10.8065
10.7515
10.6954
10.6441
10.604
10.5651
10.5316
10.5001
10.4691
10.4455
10.4259
10.4074
10.4004
10.3952
10.395
10.3977
10.4064
10.4148
10.4277
10.4471
10.4695
10.4904
10.5221
10.5564
10.5967
10.6385
10.6855
10.7358
10.7903
10.8495
10.9059
10.9721
11.0336
11.1034
11.1731
11.2417
11.3123
11.3819
11.4601
11.5401
11.6242
11.7046
11.783
11.8637
11.9443
12.0281
12.1104
12.1907
12.268
12.3473
12.4141
12.479
12.5357
12.5914
12.6414
12.6917
12.7242
12.7557
12.7785
12.7937
12.803
12.8046
12.7891
12.7661
12.7288
12.6851
12.62
12.5406
12.4431
12.3272
12.1899
12.0342
11.8527
11.6501
11.4221
11.1722
10.8965
10.5974
10.2726
9.9133
9.52599
9.10517
8.65005
8.15824
7.62222
7.0498
6.43659
5.77487
5.06215
4.31114
3.51452
2.6512
1.74219
0.76947
-0.283846
-1.40416
-2.57888
-3.809
-5.12391
-6.49233
-7.93415
-9.44056
-11.0414
-12.7187
-14.5013
-16.3631
-18.2698
-20.2773
-22.4373
-24.6344
-26.8997
-29.2892
-31.8088
-34.4851
-37.2295
-40.0875
-43.1494
-46.2259
-49.5523
-52.9738
-56.5028
-60.0641
-63.9001
0
0
