Input file: C:\Users\Garrett\Desktop\School\Thesis\Sim_Results\Isobutane\390K\out_ISB_390K_3055_RUN3.log
Temperature     Box Volume      Midpoint        
390             27000           66              
Vap Dens mol/m3 Liq Dens mol/m3 Vapor Pressure  Surface Tension 
1700.63         6550.1          3.01824         0.000749086     
Weight Function 
1
3.38256
5.10841
6.46167
7.56962
8.48758
9.26113
9.91259
10.4678
10.9396
11.341
11.6802
11.9621
12.1993
12.3966
12.5556
12.6843
12.7873
12.8651
12.9168
12.9511
12.9678
12.9676
12.9556
12.9293
12.8895
12.841
12.7846
12.7233
12.6561
12.5833
12.502
12.4191
12.3341
12.2511
12.1636
12.0695
11.9761
11.8875
11.7992
11.7131
11.6264
11.5397
11.4556
11.3695
11.2933
11.2128
11.1384
11.0657
10.9938
10.9266
10.8617
10.8044
10.7458
10.6964
10.6482
10.6031
10.5601
10.5224
10.4884
10.4605
10.4356
10.4157
10.3987
10.3867
10.3794
10.3774
10.3814
10.3855
10.3945
10.4103
10.4296
10.4534
10.4827
10.5136
10.5498
10.5857
10.6244
10.6683
10.7184
10.7783
10.835
10.9026
10.9695
11.0373
11.1069
11.178
11.2499
11.3273
11.4028
11.4769
11.5563
11.6358
11.7141
11.7963
11.8793
11.9589
12.0398
12.1168
12.196
12.2682
12.337
12.4081
12.4716
12.535
12.593
12.6422
12.6816
12.7187
12.7468
12.7708
12.7914
12.7952
12.7832
12.7722
12.7505
12.7155
12.6635
12.5976
12.5159
12.4246
12.3153
12.1752
12.0284
11.8546
11.6561
11.4359
11.1896
10.9208
10.6292
10.2986
9.93296
9.53342
9.10947
8.65693
8.16178
7.61954
7.02929
6.41175
5.7535
5.03806
4.28341
3.48417
2.62893
1.72528
0.766036
-0.253409
-1.34015
-2.4652
-3.67264
-4.94909
-6.29943
-7.71268
-9.18062
-10.7685
-12.4602
-14.2326
-16.078
-18.0089
-20.0787
-22.2461
-24.466
-26.7984
-29.1879
-31.6897
-34.3081
-37.0581
-39.8962
-42.9229
-45.9751
-49.3209
-52.7774
-56.2765
-59.8982
-63.648
0
0
