Input file: C:\Users\Garrett\Desktop\School\Thesis\Sim_Results\Isobutane\390K\out_ISB_390K_3055_RUN4.log
Temperature     Box Volume      Midpoint        
390             27000           66              
Vap Dens mol/m3 Liq Dens mol/m3 Vapor Pressure  Surface Tension 
1707.18         6553.14         3.02255         0.00074916      
Weight Function 
1
3.38157
5.10405
6.45732
7.5604
8.47937
9.24865
9.89972
10.4573
10.9273
11.3294
11.6681
11.9531
12.196
12.3972
12.5601
12.6899
12.7944
12.8728
12.9286
12.967
12.9838
12.9851
12.9705
12.9441
12.9098
12.8638
12.8093
12.7503
12.6832
12.6085
12.5314
12.4469
12.3628
12.2754
12.187
12.0996
12.0111
11.9234
11.8325
11.741
11.6517
11.5695
11.4885
11.4018
11.3197
11.2449
11.1707
11.0924
11.0206
10.9507
10.8892
10.8318
10.7751
10.7254
10.6774
10.6306
10.5888
10.5545
10.5239
10.4934
10.4666
10.4443
10.422
10.4105
10.4038
10.3999
10.4
10.4067
10.42
10.4356
10.4528
10.4736
10.5012
10.5315
10.5718
10.6143
10.6582
10.7067
10.7581
10.8167
10.8757
10.9337
10.9968
11.0637
11.1314
11.2047
11.2752
11.3488
11.4241
11.5
11.577
11.6533
11.734
11.8097
11.887
11.9664
12.0441
12.1225
12.1996
12.2761
12.3446
12.4168
12.4832
12.5471
12.6085
12.6616
12.7088
12.7451
12.776
12.8005
12.8142
12.8234
12.8234
12.8144
12.7875
12.7533
12.7038
12.6378
12.5575
12.4655
12.3526
12.2111
12.0541
11.8779
11.6702
11.4441
11.1968
10.9174
10.6209
10.2963
9.93672
9.54619
9.11827
8.65524
8.15791
7.61559
7.03866
6.42804
5.76851
5.06048
4.30866
3.50863
2.66161
1.75858
0.784356
-0.24017
-1.3344
-2.49632
-3.72005
-5.00327
-6.3624
-7.79492
-9.30295
-10.9023
-12.5891
-14.3281
-16.1383
-18.0929
-20.1558
-22.2958
-24.5022
-26.8306
-29.2295
-31.7414
-34.3847
-37.1769
-40.0151
-42.9766
-46.0927
-49.392
-52.8502
-56.3463
-59.96
-63.7102
0
0
