Input file: C:\Users\Garrett\Desktop\School\Thesis\Sim_Results\Isobutane\370K\out_ISB_370K_2975_RUN3.log
Temperature     Box Volume      Midpoint        
370             27000           67              
Vap Dens mol/m3 Liq Dens mol/m3 Vapor Pressure  Surface Tension 
1046.44         7480.94         2.14676         0.00178605      
Weight Function 
1
3.15947
4.66704
5.80921
6.70238
7.41295
7.98163
8.4321
8.79057
9.07054
9.28001
9.43358
9.54195
9.60602
9.63279
9.62686
9.59283
9.53531
9.45858
9.35845
9.23952
9.10809
8.96726
8.81353
8.6507
8.48227
8.31104
8.13311
7.95179
7.76196
7.57313
7.3842
7.19407
7.00684
6.81601
6.63038
6.44555
6.25992
6.0838
5.90807
5.73914
5.57271
5.40798
5.24605
5.08852
4.93439
4.78946
4.64853
4.5139
4.38818
4.26725
4.15392
4.04459
3.94096
3.84833
3.7606
3.67297
3.59924
3.52981
3.46568
3.41006
3.35973
3.3208
3.28227
3.24914
3.22591
3.21068
3.20315
3.20432
3.21149
3.22456
3.24424
3.27331
3.30888
3.35745
3.40672
3.46459
3.52696
3.59523
3.6742
3.75987
3.84634
3.94122
4.04169
4.14826
4.25913
4.3736
4.49827
4.62844
4.75671
4.89728
5.03875
5.18152
5.33
5.47937
5.63384
5.79371
5.95198
6.11965
6.28722
6.45079
6.61956
6.78703
6.9581
7.12518
7.29495
7.46532
7.62989
7.79086
7.94623
8.1064
8.25157
8.39604
8.53441
8.66099
8.77866
8.89463
8.9987
9.09437
9.17664
9.24721
9.30158
9.34095
9.36022
9.35889
9.35297
9.32834
9.28121
9.21328
9.12075
9.00242
8.86009
8.68606
8.49663
8.2688
8.00567
7.70945
7.37232
6.99449
6.57686
6.12133
5.6139
5.06797
4.47644
3.82101
3.12248
2.35405
1.52283
0.630896
-0.318833
-1.34056
-2.40119
-3.53422
-4.74485
-6.05028
-7.42601
-8.90034
-10.4313
-12.0587
-13.7977
-15.6308
-17.5735
-19.5866
-21.7074
-23.9255
-26.2348
-28.7115
-31.3234
-34.0777
-37.0284
-40.0092
-43.0966
-46.352
-49.8117
-53.5001
0
0
