Input file: C:\Users\Garrett\Desktop\School\Thesis\Sim_Results\Isobutane\370K\out_ISB_370K_2975_RUN4.log
Temperature     Box Volume      Midpoint        
370             27000           68              
Vap Dens mol/m3 Liq Dens mol/m3 Vapor Pressure  Surface Tension 
1045.28         7486.36         2.14444         0.00178687      
Weight Function 
1
3.15647
4.66304
5.80381
6.69587
7.40664
7.97281
8.42358
8.78485
9.06322
9.27529
9.43015
9.53502
9.59489
9.62186
9.61443
9.576
9.52077
9.43973
9.3409
9.22427
9.09584
8.95311
8.79988
8.63895
8.46711
8.29148
8.11435
7.93182
7.74489
7.55826
7.37073
7.18049
6.98906
6.79983
6.6104
6.42297
6.23694
6.0567
5.88037
5.70884
5.54571
5.38358
5.22215
5.06772
4.91848
4.77755
4.63932
4.50469
4.37876
4.25903
4.1427
4.03266
3.92993
3.8284
3.73647
3.65254
3.57471
3.50608
3.44094
3.38161
3.33718
3.29645
3.26442
3.23889
3.21986
3.20562
3.20129
3.19966
3.20553
3.2211
3.24507
3.27434
3.3111
3.35787
3.40854
3.46891
3.53048
3.59495
3.66862
3.74858
3.83395
3.92782
4.02739
4.13106
4.23873
4.3577
4.48046
4.60873
4.7422
4.87657
5.01984
5.16241
5.31048
5.46274
5.61701
5.76738
5.92075
6.08282
6.25089
6.41696
6.58852
6.75409
6.92336
7.09133
7.2608
7.42907
7.58984
7.753
7.91697
8.06824
8.21731
8.36328
8.50615
8.63771
8.75388
8.86705
8.97212
9.07169
9.15216
9.22263
9.28629
9.33046
9.35693
9.3699
9.36607
9.33904
9.28671
9.21257
9.11684
9.00121
8.85898
8.68445
8.48072
8.24609
7.98685
7.68462
7.35419
6.98386
6.56803
6.1144
5.61327
5.07243
4.4755
3.84187
3.13904
2.39341
1.57168
0.687646
-0.246286
-1.25972
-2.33895
-3.47598
-4.67461
-5.96584
-7.35397
-8.83281
-10.3765
-12.0323
-13.7727
-15.599
-17.5029
-19.4902
-21.5945
-23.8007
-26.1089
-28.5623
-31.1276
-33.8538
-36.6791
-39.6265
-42.7049
-46.0242
-49.4107
-53.0002
0
0
