Input file: C:\Users\Garrett\Desktop\School\Thesis\Sim_Results\Isobutane\370K\out_ISB_370K_2975_RUN1.log
Temperature     Box Volume      Midpoint        
370             27000           68              
Vap Dens mol/m3 Liq Dens mol/m3 Vapor Pressure  Surface Tension 
1044.17         7501.79         2.1458          0.00179865      
Weight Function 
1
3.15714
4.66588
5.80853
6.70397
7.41421
7.97825
8.42989
8.79013
9.07018
9.28192
9.43656
9.5427
9.60714
9.63438
9.62793
9.59177
9.53001
9.44675
9.34559
9.22783
9.09738
8.95372
8.80186
8.6406
8.47044
8.29668
8.11623
7.93527
7.74771
7.55725
7.37269
7.18554
6.99448
6.80532
6.61656
6.4299
6.24344
6.06059
5.88283
5.70987
5.54031
5.37655
5.21679
5.06164
4.91368
4.76952
4.63136
4.4968
4.36604
4.24569
4.12493
4.01017
3.90781
3.81315
3.72299
3.64124
3.56138
3.48922
3.42196
3.3613
3.31105
3.26979
3.23843
3.20837
3.18201
3.16985
3.167
3.16674
3.17158
3.18882
3.21136
3.2376
3.27495
3.31839
3.37023
3.42777
3.48551
3.55565
3.6311
3.71204
3.79968
3.89392
3.99556
4.0948
4.20565
4.31959
4.44233
4.56987
4.70121
4.83666
4.9807
5.12404
5.27388
5.42602
5.58026
5.73911
5.89885
6.06079
6.22293
6.38817
6.55731
6.72936
6.8957
7.06124
7.22818
7.39682
7.56106
7.71621
7.87515
8.03009
8.18293
8.32837
8.47241
8.60506
8.7307
8.84534
8.95228
9.05232
9.14427
9.21561
9.27685
9.32649
9.35713
9.37457
9.37452
9.35426
9.3162
9.25224
9.16808
9.05172
8.91167
8.73681
8.54445
8.31619
8.04973
7.75297
7.42082
7.04916
6.6357
6.17384
5.66668
5.11352
4.52037
3.87681
3.17265
2.41009
1.58103
0.722375
-0.198783
-1.21634
-2.2694
-3.40306
-4.61142
-5.89447
-7.28483
-8.75489
-10.2975
-11.8872
-13.5922
-15.4165
-17.3592
-19.4102
-21.5085
-23.6669
-25.9786
-28.4005
-30.9379
-33.6563
-36.5231
-39.5113
-42.7078
-45.8967
-49.4013
-53.1925
0
0
