Input file: C:\Users\Garrett\Desktop\School\Thesis\Sim_Results\Isobutane\370K\out_ISB_370K_2975_RUN2.log
Temperature     Box Volume      Midpoint        
370             27000           68              
Vap Dens mol/m3 Liq Dens mol/m3 Vapor Pressure  Surface Tension 
1043.6          7489.91         2.14583         0.00179816      
Weight Function 
1
3.1602
4.66541
5.80791
6.70412
7.41382
7.98072
8.43223
8.79063
9.07104
9.28634
9.44134
9.54485
9.60555
9.63016
9.62436
9.58906
9.52777
9.44687
9.34638
9.23298
9.10258
8.95729
8.80589
8.6446
8.4739
8.29841
8.11831
7.93091
7.74682
7.55772
7.36753
7.17503
6.98283
6.79284
6.60434
6.41645
6.23005
6.04675
5.86896
5.69206
5.52227
5.35777
5.19817
5.04318
4.89408
4.75009
4.61009
4.47589
4.3478
4.224
4.10771
3.99721
3.89391
3.79952
3.70992
3.62873
3.55283
3.48133
3.41864
3.36124
3.31405
3.27355
3.24405
3.21296
3.19216
3.17807
3.17187
3.17157
3.17848
3.19018
3.21459
3.24739
3.28409
3.3288
3.3772
3.43281
3.49611
3.56482
3.63712
3.72042
3.80873
3.90403
4.00314
4.10774
4.21984
4.33725
4.46245
4.58826
4.72496
4.85586
4.99477
5.13997
5.28718
5.44228
5.59678
5.75289
5.91479
6.0793
6.2479
6.4172
6.58321
6.75131
6.92142
7.09202
7.26122
7.43093
7.59473
7.75354
7.90944
8.06574
8.21155
8.36125
8.50206
8.63416
8.75566
8.86717
8.97597
9.07258
9.15508
9.22568
9.28809
9.33159
9.3678
9.385
9.38051
9.35411
9.30241
9.22862
9.13302
9.01693
8.87473
8.70093
8.49784
8.26524
7.99575
7.70065
7.35555
6.98016
6.57226
6.11817
5.61347
5.06847
4.47768
3.83818
3.13379
2.38019
1.58639
0.723098
-0.198298
-1.21249
-2.28219
-3.42639
-4.63598
-5.94418
-7.33367
-8.81067
-10.3471
-11.9612
-13.7173
-15.5487
-17.4643
-19.506
-21.6144
-23.8286
-26.1513
-28.6078
-31.048
-33.7712
-36.5564
-39.3296
-42.3032
-45.5556
-48.8693
-52.3367
0
0
