Input file: out_ETH_240K_1800_RUN2.log
Temperature     Box Volume      Midpoint        
240             27000           124             
Vap Dens mol/m3 Liq Dens mol/m3 Vapor Pressure  Surface Tension 
726.462         15378.1         1.19968         0.00628069      
Weight Function 
0
2.12335
3.58201
4.66216
5.48562
6.11717
6.59432
6.94598
7.19213
7.35099
7.43114
7.44439
7.39875
7.3036
7.15976
6.97621
6.75376
6.49702
6.21487
5.90813
5.57688
5.22333
4.85199
4.46864
4.06269
3.64155
3.2098
2.76596
2.31401
1.85256
1.38432
0.907773
0.428927
-0.0631195
-0.553166
-1.04151
-1.53306
-2.0247
-2.51755
-3.0171
-3.51414
-4.01349
-4.51913
-5.02278
-5.51813
-6.00857
-6.49442
-6.97716
-7.45971
-7.93816
-8.4187
-8.88195
-9.34619
-9.80554
-10.2621
-10.7165
-11.1638
-11.6063
-12.0445
-12.4813
-12.9067
-13.3325
-13.7558
-14.1713
-14.577
-14.9724
-15.3664
-15.7571
-16.1363
-16.5113
-16.8788
-17.2407
-17.5974
-17.9489
-18.293
-18.6371
-18.9671
-19.2927
-19.6094
-19.9164
-20.2224
-20.5189
-20.8061
-21.0934
-21.3643
-21.6352
-21.9051
-22.1628
-22.4161
-22.6625
-22.9036
-23.1369
-23.3587
-23.5773
-23.7879
-23.9902
-24.1893
-24.3808
-24.5642
-24.738
-24.9135
-25.0726
-25.2268
-25.3766
-25.5192
-25.6455
-25.7739
-25.8936
-26.0048
-26.1103
-26.218
-26.3143
-26.4052
-26.4829
-26.5565
-26.6277
-26.6875
-26.7409
-26.7939
-26.8343
-26.8641
-26.8886
-26.9093
-26.9193
-26.9248
-26.9225
-26.9115
-26.8962
-26.8764
-26.8514
-26.818
-26.7817
-26.7394
-26.6843
-26.6238
-26.5595
-26.486
-26.4145
-26.3329
-26.2432
-26.1484
-26.0436
-25.9328
-25.8095
-25.6867
-25.5558
-25.4198
-25.2705
-25.1178
-24.9614
-24.7976
-24.6272
-24.4564
-24.273
-24.0857
-23.8863
-23.6837
-23.4752
-23.2609
-23.0421
-22.8124
-22.5776
-22.3373
-22.0854
-21.8355
-21.5732
-21.3046
-21.0305
-20.7473
-20.4588
-20.1649
-19.8634
-19.5666
-19.2456
-18.9314
-18.6184
-18.2804
-17.9536
-17.6194
-17.2816
-16.9395
-16.5931
-16.2336
-15.8703
-15.5076
-15.1368
-14.7614
-14.3811
-13.9911
-13.5974
-13.1963
-12.7963
-12.3899
-11.9819
-11.5674
-11.1553
-10.737
-10.3219
-9.90362
-9.47396
-9.03991
-8.61466
-8.1873
-7.75075
-7.31669
-6.87824
-6.45159
-6.02353
-5.59438
-5.15552
-4.71907
-4.28612
-3.85246
-3.42191
-2.99225
-2.5722
-2.16115
-1.74229
-1.33584
-0.925684
-0.52143
-0.124676
0.266878
0.652632
1.02029
1.38444
1.74249
2.10205
2.4398
2.77966
3.09821
3.41976
3.73302
4.04627
4.34523
4.61728
4.88093
5.12919
5.36104
5.59039
5.80135
5.9902
6.16896
6.32181
6.47136
6.59422
6.70207
6.80103
6.87728
6.92903
6.94229
6.93174
6.9062
6.86105
6.8106
6.72786
6.62961
6.51687
6.35722
6.17607
5.94063
5.65778
5.35354
5.03409
4.69944
4.3065
3.88305
3.40501
2.91066
2.39701
1.83117
1.22752
0.598275
-0.0727707
-0.779217
-1.54946
-2.35071
-3.18535
-4.0604
-4.98195
-5.95639
-6.97454
-8.06879
-9.24663
-10.4379
-11.6975
-13.0535
-14.4453
-15.8913
-17.4108
-18.9592
