Input file: out_ETH_240K_1800_RUN3.log
Temperature     Box Volume      Midpoint        
240             27000           124             
Vap Dens mol/m3 Liq Dens mol/m3 Vapor Pressure  Surface Tension 
727.567         15361.3         1.20343         0.00627942      
Weight Function 
0
2.13167
3.59373
4.6778
5.50436
6.13743
6.61539
6.97136
7.22182
7.38049
7.46106
7.47352
7.43179
7.33405
7.19242
7.00488
6.78695
6.53911
6.25738
5.94835
5.61641
5.26428
4.89344
4.50131
4.09377
3.66804
3.23441
2.79347
2.33864
1.8813
1.41147
0.938833
0.461999
-0.0207359
-0.51027
-0.999905
-1.49264
-1.99177
-2.49251
-2.99164
-3.48958
-3.98361
-4.47915
-4.96798
-5.45811
-5.94805
-6.43768
-6.91952
-7.40005
-7.87599
-8.35012
-8.81956
-9.28819
-9.75062
-10.2067
-10.6665
-11.1202
-11.5681
-12.006
-12.4366
-12.868
-13.2899
-13.7085
-14.1253
-14.5354
-14.9362
-15.3331
-15.7252
-16.1098
-16.4924
-16.8643
-17.226
-17.5826
-17.9353
-18.2768
-18.6125
-18.949
-19.2733
-19.589
-19.899
-20.1984
-20.4938
-20.7842
-21.0666
-21.3428
-21.6084
-21.8674
-22.1245
-22.3712
-22.6188
-22.8563
-23.0829
-23.3071
-23.5178
-23.7278
-23.928
-24.1244
-24.3105
-24.4976
-24.6774
-24.8477
-25.0139
-25.1643
-25.311
-25.4524
-25.5948
-25.7209
-25.844
-25.9596
-26.0751
-26.1726
-26.2618
-26.3535
-26.4322
-26.5053
-26.571
-26.6246
-26.6832
-26.7297
-26.773
-26.8017
-26.8271
-26.8432
-26.8653
-26.8766
-26.8696
-26.8566
-26.8429
-26.8205
-26.7941
-26.7598
-26.7236
-26.683
-26.6364
-26.575
-26.5066
-26.4385
-26.3618
-26.2764
-26.1894
-26.0909
-25.9862
-25.8706
-25.7543
-25.6283
-25.4975
-25.3567
-25.2135
-25.0631
-24.9084
-24.7437
-24.5678
-24.3847
-24.1977
-24.003
-23.801
-23.5971
-23.3854
-23.1652
-22.9408
-22.7135
-22.4705
-22.2271
-21.972
-21.7247
-21.4579
-21.1896
-20.9199
-20.6358
-20.353
-20.0572
-19.7585
-19.4565
-19.1454
-18.8295
-18.5053
-18.1767
-17.8359
-17.4963
-17.1528
-16.8032
-16.4441
-16.0885
-15.7271
-15.3556
-14.9806
-14.6058
-14.2293
-13.8451
-13.4604
-13.0689
-12.6557
-12.2535
-11.8552
-11.4461
-11.0296
-10.621
-10.1956
-9.76862
-9.34125
-8.91948
-8.49152
-8.06105
-7.63679
-7.20022
-6.76396
-6.33169
-5.90723
-5.47366
-5.03599
-4.60833
-4.16906
-3.7324
-3.31213
-2.88867
-2.4664
-2.04963
-1.63707
-1.2285
-0.829438
-0.423973
-0.023507
0.369459
0.744624
1.12309
1.48606
1.85622
2.20689
2.56935
2.90612
3.22758
3.53885
3.84771
4.14498
4.43055
4.70261
4.96828
5.20444
5.43531
5.64987
5.84894
6.0526
6.22717
6.39824
6.5312
6.65597
6.75933
6.8472
6.92356
6.97113
6.99589
6.99046
6.96103
6.90199
6.84396
6.76102
6.63459
6.47985
6.29642
6.09329
5.85335
5.59472
5.28068
4.94505
4.59101
4.17148
3.74214
3.28101
2.78058
2.24714
1.66371
1.04347
0.395038
-0.303597
-1.06553
-1.83677
-2.6817
-3.54403
-4.47567
-5.4227
-6.41294
-7.46187
-8.57271
-9.70994
-10.9091
-12.1522
-13.4439
-14.7612
-16.1608
-17.6486
-19.1408
