Input file: out_ETH_240K_1800_RUN4.log
Temperature     Box Volume      Midpoint        
240             27000           125             
Vap Dens mol/m3 Liq Dens mol/m3 Vapor Pressure  Surface Tension 
726.342         15376.5         1.20167         0.00629257      
Weight Function 
0
2.12648
3.59206
4.67724
5.50332
6.13821
6.61389
6.96717
7.21045
7.36393
7.44771
7.45899
7.41317
7.31705
7.17364
6.98832
6.772
6.51878
6.23716
5.92844
5.59672
5.2475
4.86798
4.47406
4.06755
3.64573
3.21231
2.77039
2.31877
1.86015
1.39063
0.913914
0.426595
-0.0681243
-0.559243
-1.05176
-1.54928
-2.0463
-2.54092
-3.04504
-3.54486
-4.04318
-4.53799
-5.03461
-5.52833
-6.02415
-6.51737
-7.00309
-7.48761
-7.96593
-8.44275
-8.91906
-9.38708
-9.8552
-10.3194
-10.7782
-11.2331
-11.6812
-12.1197
-12.5542
-12.9922
-13.423
-13.8448
-14.2608
-14.6697
-15.0674
-15.4636
-15.8502
-16.2389
-16.6174
-16.9894
-17.354
-17.7108
-18.058
-18.3971
-18.7382
-19.0693
-19.3948
-19.7084
-20.0168
-20.32
-20.618
-20.9063
-21.1909
-21.4684
-21.7371
-21.999
-22.253
-22.5057
-22.7453
-22.9833
-23.2136
-23.4393
-23.6547
-23.8602
-24.06
-24.2522
-24.4405
-24.6182
-24.7942
-24.9644
-25.1253
-25.2785
-25.4269
-25.5635
-25.6979
-25.8284
-25.9452
-26.063
-26.1624
-26.2639
-26.3553
-26.4412
-26.52
-26.5964
-26.6668
-26.727
-26.7825
-26.8356
-26.881
-26.9145
-26.9372
-26.9574
-26.9751
-26.979
-26.982
-26.9787
-26.9667
-26.9455
-26.9147
-26.8772
-26.8354
-26.7903
-26.7431
-26.6911
-26.628
-26.5493
-26.4709
-26.3833
-26.291
-26.1948
-26.0958
-25.983
-25.863
-25.7414
-25.6133
-25.4804
-25.3302
-25.1762
-25.0144
-24.8426
-24.6715
-24.4938
-24.3007
-24.1084
-23.9085
-23.7058
-23.495
-23.2769
-23.0597
-22.8276
-22.5906
-22.3428
-22.0906
-21.8358
-21.5716
-21.3035
-21.0341
-20.7462
-20.4561
-20.1679
-19.8752
-19.5688
-19.2569
-18.9389
-18.6078
-18.2808
-17.9464
-17.6069
-17.2609
-16.9166
-16.5649
-16.2034
-15.8435
-15.4766
-15.1062
-14.7199
-14.333
-13.9408
-13.5425
-13.1431
-12.7462
-12.3393
-11.9327
-11.5093
-11.1042
-10.692
-10.274
-9.85245
-9.43026
-9.00788
-8.5768
-8.14152
-7.71624
-7.28976
-6.85848
-6.4274
-5.99832
-5.56664
-5.13915
-4.71497
-4.28999
-3.85851
-3.43383
-3.01465
-2.58577
-2.17139
-1.75751
-1.35012
-0.944643
-0.538162
-0.136881
0.2623
0.648081
1.01736
1.37644
1.74182
2.09271
2.43269
2.78807
3.12135
3.44413
3.75781
4.05689
4.34927
4.62005
4.89384
5.14342
5.3911
5.62138
5.83086
6.02944
6.20812
6.3687
6.50668
6.62946
6.73285
6.80483
6.86831
6.89599
6.92497
6.94245
6.93683
6.91071
6.85639
6.76738
6.64956
6.52144
6.35352
6.1382
5.90168
5.63926
5.36884
5.07232
4.72171
4.35829
3.96857
3.53065
3.04353
2.52311
1.95639
1.34547
0.702154
0.00543522
-0.706684
-1.4724
-2.30482
-3.14354
-4.01696
-4.91188
-5.8672
-6.86832
-7.92274
-9.03155
-10.1774
-11.3989
-12.6663
-14.007
-15.3992
-16.818
-18.3364
-19.9003
