Input file: out_ETH_240K_1800_RUN1.log
Temperature     Box Volume      Midpoint        
240             27000           126             
Vap Dens mol/m3 Liq Dens mol/m3 Vapor Pressure  Surface Tension 
725.594         15362.6         1.20111         0.00630141      
Weight Function 
0
2.12491
3.58833
4.67004
5.49915
6.13257
6.60868
6.95879
7.2049
7.36202
7.44473
7.46194
7.41696
7.31617
7.16918
6.9828
6.76031
6.50592
6.22403
5.91255
5.57776
5.22187
4.84949
4.4571
4.05011
3.63383
3.20304
2.76275
2.31076
1.84788
1.37149
0.901303
0.422016
-0.0601706
-0.546658
-1.03964
-1.53893
-2.04092
-2.54041
-3.03879
-3.53878
-4.04087
-4.53835
-5.03444
-5.52713
-6.02151
-6.5131
-7.00229
-7.48698
-7.96096
-8.43555
-8.90574
-9.37542
-9.83741
-10.3029
-10.7603
-11.212
-11.6536
-12.092
-12.5265
-12.9498
-13.3711
-13.7925
-14.2044
-14.6101
-15.0124
-15.4097
-15.8032
-16.1876
-16.5665
-16.9424
-17.3039
-17.6625
-18.0124
-18.3542
-18.6903
-19.0203
-19.3407
-19.6594
-19.9664
-20.272
-20.5768
-20.8721
-21.1555
-21.4292
-21.6951
-21.9642
-22.22
-22.4683
-22.7073
-22.9495
-23.1743
-23.3995
-23.6172
-23.828
-24.0377
-24.2354
-24.4221
-24.6096
-24.7825
-24.9525
-25.1146
-25.2785
-25.4361
-25.576
-25.7153
-25.8478
-25.9677
-26.0931
-26.2063
-26.308
-26.4039
-26.4941
-26.5775
-26.6581
-26.7274
-26.787
-26.836
-26.8795
-26.9235
-26.9549
-26.9827
-27.0092
-27.0244
-27.0288
-27.0301
-27.0339
-27.0283
-27.0133
-26.9874
-26.9518
-26.9125
-26.8709
-26.8209
-26.7613
-26.6945
-26.6127
-26.5364
-26.4485
-26.3567
-26.2572
-26.1557
-26.0475
-25.9299
-25.8088
-25.6801
-25.5461
-25.4068
-25.2551
-25.0953
-24.9287
-24.7522
-24.5639
-24.3753
-24.1778
-23.9802
-23.7702
-23.5518
-23.334
-23.1154
-22.8807
-22.6438
-22.3992
-22.1517
-21.8994
-21.6364
-21.3726
-21.0983
-20.8209
-20.5334
-20.2414
-19.9466
-19.6386
-19.3307
-19.009
-18.6891
-18.3597
-18.0171
-17.6854
-17.3347
-16.9887
-16.6297
-16.2697
-15.9065
-15.5354
-15.1702
-14.7865
-14.3995
-14.0147
-13.6158
-13.2143
-12.8174
-12.4147
-12.0062
-11.5971
-11.1825
-10.7731
-10.3512
-9.92652
-9.50651
-9.0798
-8.64678
-8.21547
-7.77326
-7.34455
-6.91863
-6.48062
-6.05561
-5.62449
-5.18168
-4.74347
-4.31605
-3.89034
-3.46843
-3.04512
-2.6159
-2.19139
-1.77138
-1.35686
-0.93915
-0.523337
-0.121424
0.283189
0.673002
1.06861
1.45243
1.82944
2.18845
2.52687
2.86238
3.18639
3.49911
3.80942
4.11643
4.40814
4.68376
4.95477
5.22318
5.4574
5.67791
5.86602
6.06784
6.24445
6.39776
6.54808
6.65419
6.7467
6.81271
6.88593
6.92444
6.93175
6.92337
6.90558
6.87199
6.81121
6.72132
6.59663
6.45864
6.28426
6.09057
5.88698
5.6191
5.35451
5.03722
4.69974
4.33615
3.92346
3.46427
2.97939
2.4618
1.88851
1.27603
0.619039
-0.0705476
-0.814935
-1.58072
-2.39421
-3.2486
-4.18928
-5.16677
-6.15226
-7.19644
-8.28183
-9.48882
-10.7071
-11.9583
-13.2483
-14.5837
-16.0172
-17.4769
-18.9964
