Input file: C:\Users\Garrett\Desktop\School\Thesis\TMMC\Confirmation_Results\Isobutane_Mie\330K\out_ISB_330K_2840_RUN1.log
Temperature     Box Volume      Midpoint        
330             27000           71              
Vap Dens mol/m3 Liq Dens mol/m3 Vapor Pressure  Surface Tension 
433.87          8712.44         0.975003        0.00510236      
Weight Function 
1
2.58964
3.53708
4.13053
4.48887
4.67091
4.72135
4.66459
4.52293
4.31128
4.04722
3.73406
3.3817
2.99674
2.58958
2.15353
1.69817
1.22801
0.745751
0.254393
-0.241265
-0.741123
-1.24528
-1.75354
-2.2597
-2.76286
-3.26591
-3.76257
-4.25873
-4.74589
-5.23305
-5.71181
-6.17976
-6.64392
-7.09548
-7.53644
-7.969
-8.38826
-8.80181
-9.20757
-9.59853
-9.97899
-10.3519
-10.713
-11.0613
-11.396
-11.7205
-12.0332
-12.3332
-12.62
-12.8925
-13.1546
-13.4044
-13.6402
-13.8636
-14.0739
-14.2707
-14.4549
-14.6238
-14.785
-14.9288
-15.0621
-15.1813
-15.2919
-15.3854
-15.4637
-15.5337
-15.5887
-15.6309
-15.6563
-15.6701
-15.6724
-15.6652
-15.6401
-15.6061
-15.5561
-15.5018
-15.4288
-15.3438
-15.2507
-15.1373
-15.0127
-14.8766
-14.7307
-14.5681
-14.3952
-14.2107
-14.0109
-13.8013
-13.5808
-13.3442
-13.0985
-12.8358
-12.57
-12.2915
-12.0018
-11.7004
-11.3889
-11.0627
-10.7224
-10.3769
-10.0251
-9.66504
-9.2991
-8.92356
-8.53892
-8.15058
-7.74683
-7.33889
-6.92805
-6.51081
-6.08917
-5.66142
-5.23198
-4.80194
-4.3648
-3.92926
-3.49532
-3.05617
-2.62193
-2.18879
-1.75775
-1.32791
-0.914265
-0.501324
-0.0997819
0.30376
0.693702
1.07744
1.44579
1.80493
2.13927
2.45971
2.75405
3.03269
3.27734
3.50598
3.70862
3.88386
4.0209
4.12524
4.20139
4.24973
4.23797
4.19101
4.08895
3.96089
3.78104
3.54288
3.26052
2.89456
2.4911
2.01935
1.46189
0.857229
0.19077
-0.559688
-1.36725
-2.2195
-3.24086
-4.32542
-5.57568
-6.92884
-8.3298
-9.80575
-11.4256
-13.1055
-14.8969
-16.8602
-18.9652
-21.1711
-23.541
-25.9524
-28.4381
-31.0624
-33.891
-36.9534
-40.1996
-43.6195
-47.2236
-50.8522
-54.7728
-58.9744
-63.6643
-68.791
0
0
