Input file: C:\Users\Garrett\Desktop\School\Thesis\TMMC\Confirmation_Results\Isobutane_Mie\330K\out_ISB_330K_2840_RUN4.log
Temperature     Box Volume      Midpoint        
330             27000           71              
Vap Dens mol/m3 Liq Dens mol/m3 Vapor Pressure  Surface Tension 
433.794         8720.64         0.974209        0.00511373      
Weight Function 
1
2.58858
3.53465
4.12903
4.48421
4.66458
4.71316
4.65893
4.51831
4.30899
4.04516
3.73164
3.38002
2.99429
2.57867
2.14145
1.68472
1.2147
0.737074
0.247951
-0.249073
-0.752796
-1.26122
-1.77064
-2.27827
-2.78279
-3.28601
-3.78804
-4.28686
-4.77779
-5.26261
-5.74173
-6.20776
-6.66818
-7.1175
-7.56163
-7.99835
-8.42347
-8.8397
-9.24412
-9.63225
-10.0162
-10.3865
-10.7469
-11.0958
-11.4283
-11.7537
-12.0709
-12.3694
-12.6565
-12.9342
-13.2003
-13.45
-13.6883
-13.9093
-14.119
-14.3151
-14.4994
-14.6693
-14.8264
-14.971
-15.1006
-15.2236
-15.3322
-15.4239
-15.5059
-15.5759
-15.6314
-15.6722
-15.7023
-15.7179
-15.725
-15.7186
-15.6954
-15.6605
-15.6144
-15.5522
-15.4745
-15.3873
-15.2876
-15.1744
-15.0555
-14.918
-14.769
-14.606
-14.4347
-14.2464
-14.0449
-13.8364
-13.6153
-13.3848
-13.1423
-12.8877
-12.6262
-12.3481
-12.059
-11.7553
-11.4414
-11.1194
-10.7872
-10.4446
-10.0894
-9.72611
-9.35873
-8.98486
-8.60378
-8.21291
-7.81093
-7.41245
-7.00408
-6.5875
-6.16762
-5.73645
-5.30697
-4.872
-4.43412
-4.00034
-3.56497
-3.11929
-2.67731
-2.24434
-1.81296
-1.37978
-0.953808
-0.535431
-0.123555
0.278221
0.669498
1.04267
1.40875
1.76503
2.0946
2.40278
2.69946
2.96963
3.22241
3.46148
3.67176
3.85424
4.01261
4.12549
4.20997
4.24264
4.23622
4.1885
4.09827
3.97455
3.78802
3.5425
3.27928
2.95435
2.57053
2.12431
1.58318
0.981659
0.298936
-0.479688
-1.30601
-2.23244
-3.22976
-4.29958
-5.48601
-6.74263
-8.09775
-9.59148
-11.1899
-12.9357
-14.6705
-16.5793
-18.6724
-20.8945
-23.1758
-25.5902
-28.1389
-30.8353
-33.7599
-36.7505
-40.1335
-43.6681
-47.1617
-50.9244
-55.0446
-59.1964
-63.6609
-68.1159
0
0
