Input file: C:\Users\Garrett\Desktop\School\Thesis\TMMC\Confirmation_Results\Isobutane_Mie\330K\out_ISB_330K_2840_RUN3.log
Temperature     Box Volume      Midpoint        
330             27000           71              
Vap Dens mol/m3 Liq Dens mol/m3 Vapor Pressure  Surface Tension 
433.519         8710.39         0.975262        0.00510311      
Weight Function 
1
2.5881
3.53789
4.13449
4.49228
4.67548
4.72197
4.66557
4.52516
4.31536
4.04835
3.73235
3.38064
2.99284
2.57914
2.14583
1.69163
1.22432
0.744217
0.253513
-0.243192
-0.742897
-1.25
-1.75881
-2.26261
-2.76682
-3.26662
-3.77002
-4.26743
-4.75703
-5.23874
-5.71354
-6.18155
-6.64435
-7.10126
-7.54896
-7.97987
-8.40467
-8.81987
-9.22278
-9.61378
-9.99249
-10.3607
-10.7196
-11.0633
-11.3995
-11.7255
-12.0316
-12.3273
-12.6128
-12.8894
-13.1503
-13.4
-13.6383
-13.8615
-14.074
-14.2707
-14.4566
-14.6284
-14.7877
-14.9315
-15.0645
-15.1852
-15.2916
-15.3839
-15.4633
-15.5329
-15.5909
-15.6326
-15.664
-15.6802
-15.6856
-15.6799
-15.652
-15.6154
-15.568
-15.5049
-15.4283
-15.3372
-15.2401
-15.1267
-15.0064
-14.8678
-14.7198
-14.5624
-14.3862
-14.1994
-13.9971
-13.7841
-13.5644
-13.3337
-13.0922
-12.8357
-12.5671
-12.2844
-11.996
-11.6941
-11.3821
-11.0578
-10.7266
-10.3806
-10.0319
-9.67247
-9.30357
-8.92028
-8.53718
-8.14709
-7.74899
-7.3442
-6.9334
-6.51581
-6.09691
-5.66982
-5.23502
-4.80112
-4.36183
-3.92853
-3.48854
-3.05074
-2.61325
-2.17295
-1.74046
-1.31426
-0.885266
-0.465471
-0.0548754
0.34102
0.741015
1.12011
1.48191
1.8272
2.1582
2.47379
2.77409
3.04528
3.30098
3.52387
3.72427
3.88896
4.03066
4.13376
4.20655
4.22305
4.22864
4.17684
4.09243
3.95063
3.75762
3.53052
3.25331
2.90971
2.5217
2.0728
1.5183
0.915191
0.266886
-0.478918
-1.30692
-2.23243
-3.23483
-4.35744
-5.52424
-6.74325
-8.06895
-9.50255
-11.1081
-12.7832
-14.542
-16.4677
-18.491
-20.7495
-23.1638
-25.6488
-28.3266
-31.0539
-33.8864
-37.0131
-40.368
-43.785
-47.5249
-51.4992
-55.2374
-59.6028
-64.1655
-69.2733
0
0
