Input file: C:\Users\Garrett\Desktop\School\Thesis\TMMC\Confirmation_Results\Isobutane_Mie\330K\out_ISB_330K_2840_RUN2.log
Temperature     Box Volume      Midpoint        
330             27000           71              
Vap Dens mol/m3 Liq Dens mol/m3 Vapor Pressure  Surface Tension 
434.261         8709.6          0.974863        0.0051033       
Weight Function 
1
2.59054
3.53937
4.13141
4.48435
4.66679
4.71492
4.65986
4.5237
4.31604
4.05207
3.74061
3.38795
3.00219
2.58802
2.15286
1.6941
1.22584
0.743475
0.249712
-0.24715
-0.752713
-1.25758
-1.76334
-2.2702
-2.77806
-3.28343
-3.77949
-4.27415
-4.76061
-5.24068
-5.71444
-6.1818
-6.63606
-7.08743
-7.53049
-7.96225
-8.38741
-8.80088
-9.20434
-9.5975
-9.97446
-10.3434
-10.7003
-11.0441
-11.3782
-11.7008
-12.0128
-12.3101
-12.5972
-12.8689
-13.1346
-13.3847
-13.621
-13.8464
-14.0561
-14.2564
-14.4422
-14.6143
-14.77
-14.9134
-15.0485
-15.1686
-15.2769
-15.3733
-15.4534
-15.5197
-15.5797
-15.6249
-15.6571
-15.6761
-15.6772
-15.6715
-15.6486
-15.61
-15.5665
-15.5081
-15.4381
-15.3502
-15.252
-15.1398
-15.0163
-14.8765
-14.7261
-14.563
-14.3901
-14.2023
-14.0014
-13.7878
-13.5692
-13.3363
-13.0937
-12.839
-12.5723
-12.294
-12.0047
-11.7047
-11.3916
-11.0711
-10.7364
-10.3929
-10.0373
-9.67858
-9.31034
-8.9358
-8.55276
-8.15753
-7.75629
-7.34865
-6.93121
-6.50878
-6.08754
-5.6629
-5.23666
-4.80433
-4.36969
-3.93045
-3.49581
-3.05778
-2.62484
-2.1923
-1.76116
-1.33493
-0.917789
-0.502651
-0.0934137
0.304824
0.701661
1.0821
1.44994
1.79257
2.12551
2.44565
2.74759
3.02062
3.27386
3.513
3.71804
3.89397
4.03321
4.14615
4.22119
4.25052
4.25396
4.1996
4.09374
3.94047
3.74131
3.49945
3.21549
2.86262
2.45656
1.9998
1.46014
0.867274
0.209411
-0.526651
-1.34241
-2.28638
-3.30494
-4.3774
-5.52846
-6.76173
-8.05019
-9.50875
-11.1206
-12.7751
-14.5222
-16.4338
-18.4829
-20.6738
-23.1212
-25.738
-28.5006
-31.4224
-34.5461
-37.7463
-41.0826
-44.4287
-47.7624
-51.5143
-55.1393
-60.5403
0
0
0
0
