Input file: Sim_Results/butane/output/330K/out_BUT_330K_2850_RUN1.log
Temperature     Box Volume      Midpoint        
330             91125           175             
Vap Dens mol/m3 Liq Dens mol/m3 Vapor Pressure  Surface Tension 
231.795         6431.92         0.539843        0.00638262      
Weight Function 
1
3.23539
4.80709
5.99658
6.92278
7.65097
8.21947
8.65676
8.97966
9.21005
9.35685
9.43414
9.44614
9.40573
9.31363
9.17602
8.99332
8.77641
8.52651
8.2457
7.9306
7.58499
7.22209
6.83858
6.42998
6.00367
5.56027
5.10056
4.62476
4.13895
3.63535
3.12954
2.60564
2.08163
1.54463
1.00002
0.43972
-0.120085
-0.67439
-1.2398
-1.8079
-2.38551
-2.95951
-3.53462
-4.12142
-4.70843
-5.28973
-5.87924
-6.46624
-7.05425
-7.64575
-8.22926
-8.81026
-9.39837
-9.99047
-10.5694
-11.1525
-11.7345
-12.3117
-12.8876
-13.4588
-14.0231
-14.5894
-15.1576
-15.7196
-16.2734
-16.8234
-17.3699
-17.9247
-18.4652
-18.9984
-19.5374
-20.0698
-20.5993
-21.1238
-21.6505
-22.1652
-22.672
-23.1798
-23.6834
-24.1836
-24.6744
-25.1592
-25.641
-26.1188
-26.5918
-27.063
-27.5281
-27.9965
-28.4478
-28.8983
-29.34
-29.7787
-30.206
-30.6319
-31.055
-31.4787
-31.8817
-32.2862
-32.6939
-33.0867
-33.4767
-33.8718
-34.248
-34.614
-34.9816
-35.3364
-35.7028
-36.0638
-36.4172
-36.7636
-37.0978
-37.4287
-37.7538
-38.0727
-38.3874
-38.7007
-39.0068
-39.2961
-39.5943
-39.8863
-40.174
-40.4423
-40.7158
-40.9924
-41.2558
-41.5176
-41.7713
-42.0174
-42.2575
-42.487
-42.7111
-42.9336
-43.1543
-43.3719
-43.5814
-43.7766
-43.9812
-44.175
-44.3633
-44.5411
-44.7117
-44.884
-45.0467
-45.1999
-45.3561
-45.5076
-45.6455
-45.7919
-45.9263
-46.061
-46.1935
-46.3161
-46.4288
-46.5306
-46.6267
-46.7184
-46.8126
-46.898
-46.9772
-47.0441
-47.1077
-47.167
-47.2195
-47.2771
-47.3352
-47.384
-47.4285
-47.4671
-47.4925
-47.5233
-47.5416
-47.5558
-47.5534
-47.5562
-47.5567
-47.5377
-47.5184
-47.5015
-47.4788
-47.4473
-47.4196
-47.38
-47.3306
-47.2857
-47.2363
-47.1708
-47.1026
-47.0337
-46.963
-46.8849
-46.7996
-46.7073
-46.6114
-46.5168
-46.4019
-46.2854
-46.1646
-46.0455
-45.9133
-45.7763
-45.643
-45.5
-45.3557
-45.2078
-45.0516
-44.8896
-44.7216
-44.5498
-44.3702
-44.195
-44.0099
-43.8119
-43.612
-43.4061
-43.1888
-42.9702
-42.7436
-42.5091
-42.2756
-42.0424
-41.8019
-41.5518
-41.3022
-41.0518
-40.7851
-40.5203
-40.2442
-39.9523
-39.6626
-39.369
-39.0778
-38.776
-38.4772
-38.1729
-37.8619
-37.5424
-37.2154
-36.8764
-36.5364
-36.2039
-35.8562
-35.5056
-35.1444
-34.789
-34.4211
-34.0513
-33.6925
-33.3169
-32.9364
-32.5462
-32.1594
-31.7663
-31.3742
-30.9732
-30.5714
-30.1523
-29.7378
-29.3079
-28.8796
-28.4531
-28.0281
-27.596
-27.1637
-26.7109
-26.2641
-25.8078
-25.3466
-24.8895
-24.4263
-23.9626
-23.5
-23.0246
-22.5476
-22.0614
-21.5804
-21.1062
-20.6268
-20.1421
-19.6496
-19.1582
-18.6587
-18.1565
-17.6561
-17.1463
-16.6373
-16.1294
-15.6192
-15.1128
-14.6105
-14.1104
-13.5842
-13.0846
-12.5726
-12.0489
-11.5369
-11.0365
-10.518
-9.99479
-9.4806
-8.9715
-8.45571
-7.95061
-7.44662
-6.94602
-6.44683
-5.95343
-5.45564
-4.95784
-4.47195
-3.99385
-3.52416
-3.06736
-2.60747
-2.12557
-1.67558
-1.21788
-0.767686
-0.311691
0.140304
0.569399
0.988194
1.39749
1.81498
2.21138
2.58467
2.95467
3.31236
3.66636
4.03055
4.36745
4.71864
5.05044
5.34833
5.65643
5.95662
6.25492
6.52481
6.77231
7.0322
7.2743
7.49569
7.70499
7.89528
8.07078
8.23297
8.37737
8.51546
8.62966
8.71405
8.78605
8.83634
8.88964
8.90753
8.91203
8.89442
8.85472
8.78721
8.71991
8.6205
8.5059
8.33449
8.14739
7.95218
7.74208
7.50557
7.22267
6.93426
6.60206
6.23315
5.85335
5.43324
4.99034
4.53563
4.03053
3.49022
2.90472
2.27521
1.64311
0.963803
0.264498
-0.482707
-1.23671
-2.06262
-2.89752
-3.78963
-4.72833
-5.67574
-6.66224
-7.70005
-8.83385
-9.90756
-11.0429
-12.2824
-13.4799
-14.6903
-15.9906
-17.3378
-18.7478
-20.2919
-21.7709
-23.2825
-24.9352
-26.6095
-28.2554
-30.0578
-31.9905
-34.0035
-35.8917
-37.9012
-39.8844
-41.8761
-43.871
-46.0102
-48.394
-50.7635
-52.9365
-55.073
-57.6612
-60.0765
0
0
0
0
0
0
0
0
0
0
0
0
0
0
0
0
0
0
0
0
0
0
0
0
0
0
0
0
0
0
0
0
0
0
0
0
0
0
0
0
0
0
0
0
0
0
0
0
0
0
0
0
0
0
0
0
0
0
0
0
0
0
0
0
0
0
0
0
0
0
0
0
0
0
0
0
0
0
0
0
0
0
0
0
0
0
0
0
0
0
0
0
0
0
0
0
0
0
0
0
0
0
0
0
0
0
0
0
0
0
0
0
0
0
0
0
0
0
0
0
0
0
0
0
0
0
0
0
0
0
0
0
0
0
0
0
0
0
0
0
0
0
0
0
0
0
0
0
0
0
0
0
0
0
0
0
0
0
0
0
0
0
0
0
0
0
0
0
0
0
0
0
0
0
0
0
0
0
0
0
0
0
0
0
0
0
0
0
0
0
0
0
0
0
0
0
0
0
0
0
0
0
0
0
0
0
0
0
0
0
0
0
0
0
0
0
0
0
0
0
0
0
0
0
0
0
0
0
0
0
0
0
0
0
0
0
0
0
0
0
0
0
0
0
0
0
0
0
0
0
0
0
0
0
0
0
0
0
0
0
0
0
0
0
0
0
0
0
0
0
0
0
0
0
0
0
0
0
0
0
0
0
0
0
0
0
0
0
0
0
0
0
0
0
0
0
0
0
0
0
0
0
0
0
0
0
0
0
0
0
0
0
0
0
0
0
0
0
0
0
0
0
0
0
0
0
0
0
0
0
0
0
0
0
0
0
0
0
0
0
0
0
0
0
0
0
0
0
0
0
0
0
0
0
0
0
0
0
0
0
0
0
0
0
0
0
0
0
0
0
0
0
0
0
0
0
0
0
0
0
0
0
0
0
0
0
0
0
0
0
0
0
0
0
0
0
0
0
0
0
0
0
0
0
0
0
0
0
0
0
0
0
0
0
0
0
0
0
0
0
0
0
0
0
0
0
0
0
0
0
0
0
0
0
0
0
0
0
0
0
0
0
0
0
0
0
0
0
0
0
0
0
0
0
0
0
0
0
0
0
0
0
0
0
0
0
0
0
0
0
0
0
0
0
0
0
0
0
0
0
0
0
0
0
0
0
0
0
0
0
0
0
0
0
0
0
0
0
0
0
0
0
0
0
0
0
0
0
0
0
0
0
0
0
0
0
0
0
0
0
0
0
0
0
0
0
0
0
0
0
0
0
0
0
0
0
0
0
0
0
0
0
0
0
0
0
0
0
0
0
0
0
0
0
0
0
0
0
0
0
0
0
0
0
0
0
0
0
0
0
0
0
0
0
0
0
0
0
0
0
0
0
