Input file: C:\Users\Garrett\Desktop\School\Thesis\Sim_Results\octane\output\410K\out_OCT_410K_4410_RUN7.log
Temperature     Box Volume      Midpoint        
410             42875           64              
Vap Dens mol/m3 Liq Dens mol/m3 Vapor Pressure  Surface Tension 
57.6728         5293.55         0.182011        0.0101228       
Weight Function 
1
1.24911
0.902924
0.241037
-0.613251
-1.59744
-2.67313
-3.81101
-4.994
-6.20959
-7.44148
-8.67777
-9.91415
-11.1487
-12.373
-13.5846
-14.7834
-15.9598
-17.1179
-18.2591
-19.3702
-20.457
-21.5158
-22.5475
-23.5586
-24.5482
-25.5044
-26.4375
-27.3451
-28.2217
-29.0736
-29.8911
-30.6858
-31.4517
-32.1857
-32.8966
-33.5885
-34.257
-34.8917
-35.5115
-36.0988
-36.6615
-37.2049
-37.7155
-38.2041
-38.6711
-39.1124
-39.528
-39.9104
-40.2726
-40.6148
-40.9374
-41.2347
-41.508
-41.7638
-41.9916
-42.1972
-42.3758
-42.5353
-42.6686
-42.7767
-42.8716
-42.9457
-42.9975
-43.0283
-43.0243
-43.0009
-42.9525
-42.896
-42.804
-42.6981
-42.5684
-42.4072
-42.2306
-42.0328
-41.8033
-41.5563
-41.2896
-40.9956
-40.674
-40.3337
-39.9695
-39.5854
-39.1717
-38.7412
-38.2828
-37.8047
-37.292
-36.7659
-36.218
-35.644
-35.0414
-34.4185
-33.7738
-33.106
-32.4194
-31.7049
-30.9778
-30.2269
-29.452
-28.648
-27.8247
-26.9826
-26.1176
-25.2398
-24.3397
-23.4366
-22.496
-21.5522
-20.5916
-19.6199
-18.6324
-17.6438
-16.6593
-15.6627
-14.6412
-13.6489
-12.6833
-11.6932
-10.7378
-9.78294
-8.84122
-7.94101
-7.0545
-6.18579
-5.36878
-4.57316
-3.82535
-3.12694
-2.47803
-1.87961
-1.3072
-0.86039
-0.442378
-0.0888657
0.138546
0.296659
0.319171
0.245583
0.0566953
-0.207193
-0.60468
-1.08177
-1.74096
-2.45644
-3.32803
-4.37682
-5.61631
-6.94649
-8.69528
-10.3511
-12.4806
-14.8489
-17.2062
-19.7917
-22.8458
-26.1405
-29.4627
-33.9974
0
0
0
