Input file: C:\Users\Garrett\Desktop\School\Thesis\Sim_Results\octane\output\410K\out_OCT_410K_4410_RUN6.log
Temperature     Box Volume      Midpoint        
410             42875           65              
Vap Dens mol/m3 Liq Dens mol/m3 Vapor Pressure  Surface Tension 
57.7437         5299.16         0.182397        0.0101288       
Weight Function 
1
1.25121
0.907925
0.250037
-0.61115
-1.59964
-2.67723
-3.81431
-4.9956
-6.20309
-7.43488
-8.67526
-9.91805
-11.1597
-12.3925
-13.6026
-14.7985
-15.9755
-17.1258
-18.267
-19.3816
-20.462
-21.5244
-22.5609
-23.5697
-24.5488
-25.5101
-26.4366
-27.3433
-28.2197
-29.0669
-29.887
-30.6782
-31.4471
-32.1821
-32.9014
-33.5989
-34.262
-34.9036
-35.5172
-36.1119
-36.6853
-37.2239
-37.7373
-38.2302
-38.6928
-39.1323
-39.5522
-39.9488
-40.319
-40.6602
-40.9838
-41.2868
-41.569
-41.8083
-42.0361
-42.2346
-42.4247
-42.5735
-42.7065
-42.824
-42.901
-42.9772
-43.0263
-43.0523
-43.0584
-43.0383
-42.9958
-42.9291
-42.844
-42.733
-42.6025
-42.4487
-42.272
-42.0672
-41.8428
-41.6033
-41.3285
-41.0373
-40.7279
-40.3954
-40.0313
-39.6503
-39.2336
-38.8046
-38.3477
-37.8665
-37.3727
-36.848
-36.2999
-35.7296
-35.1312
-34.5146
-33.8697
-33.2096
-32.5207
-31.8051
-31.0727
-30.3215
-29.5382
-28.7331
-27.9115
-27.0675
-26.2107
-25.3311
-24.4127
-23.4979
-22.5593
-21.6217
-20.6697
-19.6967
-18.7169
-17.7263
-16.718
-15.7218
-14.7204
-13.7365
-12.763
-11.7829
-10.7984
-9.8576
-8.91749
-8.01208
-7.11227
-6.25015
-5.40884
-4.61133
-3.85082
-3.1476
-2.49179
-1.89238
-1.36997
-0.882453
-0.472041
-0.121428
0.107884
0.242997
0.309709
0.232422
0.0937341
-0.174853
-0.496641
-0.938828
-1.52842
-2.2711
-3.19499
-4.35468
-5.65407
-7.14675
-8.80904
-10.614
-12.5816
-14.8068
-17.4615
-20.2302
-23.3041
-26.5747
-29.8828
-33.7586
-37.7666
0
0
