Input file: C:\Users\Garrett\Desktop\School\Thesis\Sim_Results\octane\output\410K\out_OCT_410K_4410_RUN5.log
Temperature     Box Volume      Midpoint        
410             42875           65              
Vap Dens mol/m3 Liq Dens mol/m3 Vapor Pressure  Surface Tension 
57.7006         5295.7          0.182149        0.0101313       
Weight Function 
1
1.25074
0.903077
0.242615
-0.607047
-1.59571
-2.67687
-3.81803
-5.00129
-6.21445
-7.44102
-8.67648
-9.92144
-11.1556
-12.3836
-13.5974
-14.797
-15.9771
-17.1371
-18.2728
-19.385
-20.472
-21.5265
-22.5624
-23.5762
-24.5623
-25.5173
-26.4471
-27.351
-28.2312
-29.0844
-29.907
-30.7076
-31.4766
-32.2214
-32.9313
-33.6271
-34.2924
-34.93
-35.5413
-36.1233
-36.6853
-37.2283
-37.7434
-38.2366
-38.7074
-39.1409
-39.554
-39.944
-40.3096
-40.6519
-40.9717
-41.2713
-41.5405
-41.7956
-42.0252
-42.231
-42.4036
-42.5645
-42.7014
-42.8136
-42.9043
-42.9706
-43.0223
-43.0506
-43.0622
-43.0373
-43.0084
-42.9462
-42.8567
-42.7528
-42.6241
-42.476
-42.3017
-42.1022
-41.8836
-41.6406
-41.3753
-41.0897
-40.7809
-40.4401
-40.0725
-39.687
-39.2805
-38.8467
-38.3939
-37.9153
-37.4115
-36.8897
-36.3367
-35.7635
-35.1721
-34.5622
-33.9187
-33.2484
-32.5538
-31.8469
-31.1061
-30.3548
-29.5817
-28.79
-27.9609
-27.1192
-26.2487
-25.3664
-24.4529
-23.5338
-22.5943
-21.6464
-20.6969
-19.722
-18.7369
-17.752
-16.7607
-15.7638
-14.7855
-13.7742
-12.7823
-11.799
-10.8331
-9.88
-8.93676
-8.02242
-7.13168
-6.28314
-5.46141
-4.66097
-3.89653
-3.18439
-2.52735
-1.91341
-1.37218
-0.850837
-0.439999
-0.12996
0.110278
0.258416
0.323355
0.268093
0.123932
-0.14373
-0.541392
-1.07295
-1.81712
-2.65348
-3.58904
-4.719
-5.92216
-7.28822
-9.08338
-11.0188
-13.1874
-15.1979
-17.6252
-20.0214
-23.1208
-26.2353
-29.9548
-33.1783
-37.2003
0
0
