Input file: C:\Users\Garrett\Desktop\School\Thesis\Sim_Results\octane\output\410K\out_OCT_410K_4410_RUN8.log
Temperature     Box Volume      Midpoint        
410             42875           65              
Vap Dens mol/m3 Liq Dens mol/m3 Vapor Pressure  Surface Tension 
57.6522         5306.53         0.181953        0.0101263       
Weight Function 
1
1.24967
0.900335
0.241803
-0.61603
-1.59666
-2.67209
-3.81223
-4.99356
-6.20819
-7.44062
-8.68206
-9.92579
-11.1607
-12.3831
-13.5929
-14.7929
-15.9751
-17.1302
-18.266
-19.3768
-20.4734
-21.5399
-22.5758
-23.5878
-24.5732
-25.5383
-26.4706
-27.3678
-28.2474
-29.0999
-29.9211
-30.721
-31.4912
-32.2313
-32.9512
-33.647
-34.3133
-34.9521
-35.5679
-36.1526
-36.7133
-37.2571
-37.7706
-38.2577
-38.7297
-39.1747
-39.5958
-39.9986
-40.368
-40.7229
-41.0425
-41.3327
-41.5976
-41.8498
-42.0696
-42.2742
-42.4492
-42.6072
-42.7462
-42.8522
-42.9502
-43.0149
-43.0565
-43.0804
-43.0805
-43.0533
-43.0083
-42.9342
-42.8476
-42.7416
-42.6096
-42.4478
-42.2706
-42.0737
-41.8505
-41.6031
-41.34
-41.0479
-40.7327
-40.3964
-40.0345
-39.6483
-39.2414
-38.8082
-38.3418
-37.8651
-37.3615
-36.8334
-36.2872
-35.7224
-35.1246
-34.5059
-33.8719
-33.208
-32.5289
-31.814
-31.0815
-30.3237
-29.5455
-28.7488
-27.9337
-27.1024
-26.2303
-25.3423
-24.4428
-23.5085
-22.5689
-21.6112
-20.6597
-19.6821
-18.6791
-17.6891
-16.697
-15.6898
-14.6964
-13.6934
-12.7026
-11.7243
-10.7562
-9.8085
-8.87933
-7.98576
-7.09619
-6.23333
-5.39846
-4.61409
-3.86582
-3.14986
-2.48949
-1.90462
-1.38095
-0.908586
-0.510319
-0.207451
0.0274163
0.138384
0.244651
0.244719
0.136786
-0.0254461
-0.358179
-0.832911
-1.41624
-2.15818
-3.12231
-4.35214
-5.75567
-7.27761
-8.94804
-10.6641
-12.6325
-14.8535
-17.0319
-19.8174
-22.515
-25.425
-28.759
-32.7866
-36.6978
0
0
