Input file: C:\Users\Garrett\Desktop\School\Thesis\TMMC\Confirmation_Results\Isobutane_Mie\310K\out_ISB_310K_2790_RUN4.log
Temperature     Box Volume      Midpoint        
310             27000           73              
Vap Dens mol/m3 Liq Dens mol/m3 Vapor Pressure  Surface Tension 
271.83          9205.69         0.609371        0.00731507      
Weight Function 
1
2.22679
2.81587
3.05656
3.06575
2.91074
2.63102
2.24981
1.7928
1.27259
0.703575
0.0910621
-0.55085
-1.22416
-1.91618
-2.62429
-3.3439
-4.07131
-4.80713
-5.54314
-6.27985
-7.01896
-7.75258
-8.48219
-9.2061
-9.92331
-10.6332
-11.333
-12.0223
-12.7027
-13.3741
-14.0371
-14.6793
-15.3132
-15.9322
-16.5357
-17.1252
-17.6972
-18.2612
-18.8111
-19.3416
-19.8607
-20.3598
-20.8475
-21.3194
-21.7739
-22.2154
-22.6399
-23.0469
-23.4383
-23.8161
-24.1783
-24.5211
-24.8485
-25.159
-25.4576
-25.7373
-25.9984
-26.2415
-26.4708
-26.6867
-26.8842
-27.0642
-27.2274
-27.3771
-27.5078
-27.628
-27.7291
-27.8148
-27.8825
-27.9359
-27.9725
-27.9893
-27.992
-27.9819
-27.9543
-27.9119
-27.8546
-27.7811
-27.6887
-27.5834
-27.4537
-27.3162
-27.1576
-26.9803
-26.7906
-26.5837
-26.3639
-26.1307
-25.8787
-25.6165
-25.3311
-25.0302
-24.7194
-24.389
-24.0465
-23.6908
-23.3253
-22.9397
-22.5369
-22.1212
-21.697
-21.2548
-20.7982
-20.3298
-19.8514
-19.3553
-18.8427
-18.3261
-17.7965
-17.2614
-16.709
-16.1548
-15.582
-15.0002
-14.4053
-13.8079
-13.2063
-12.5936
-11.98
-11.3623
-10.7382
-10.1062
-9.47554
-8.85315
-8.22077
-7.58968
-6.96319
-6.3395
-5.73192
-5.12123
-4.52874
-3.95006
-3.38307
-2.82138
-2.28929
-1.76651
-1.25762
-0.78373
-0.326043
0.104845
0.504232
0.86972
1.20091
1.50749
1.77748
2.00017
2.19576
2.35284
2.43553
2.47872
2.46511
2.39269
2.24178
2.03077
1.77036
1.42514
0.994132
0.512419
-0.0784935
-0.689906
-1.41762
-2.25593
-3.15684
-4.17546
-5.33177
-6.61348
-7.97399
-9.48761
-11.1488
-12.9243
-14.8078
-16.783
-18.9529
-21.361
-24.0387
-26.7523
-29.6149
-32.4222
-35.6167
-38.9092
-42.5917
-46.4284
-50.125
-54.1186
-58.3236
-62.863
-67.9213
-73.0517
-78.9535
0
0
