Input file: C:\Users\Garrett\Desktop\School\Thesis\TMMC\Confirmation_Results\Isobutane_Mie\310K\out_ISB_310K_2790_RUN2.log
Temperature     Box Volume      Midpoint        
310             27000           73              
Vap Dens mol/m3 Liq Dens mol/m3 Vapor Pressure  Surface Tension 
272.381         9199.25         0.610295        0.00730497      
Weight Function 
1
2.22377
2.81695
3.06082
3.0724
2.91877
2.63734
2.26202
1.80649
1.28517
0.712139
0.0996132
-0.543213
-1.21554
-1.90667
-2.60979
-3.32872
-4.05624
-4.78977
-5.5239
-6.26212
-7.00155
-7.73457
-8.4633
-9.18523
-9.89965
-10.6129
-11.3156
-12.0075
-12.6869
-13.3555
-14.0125
-14.6581
-15.2928
-15.9119
-16.5163
-17.103
-17.6795
-18.2406
-18.7858
-19.3174
-19.832
-20.3331
-20.8179
-21.2895
-21.7432
-22.1808
-22.6027
-23.0071
-23.3987
-23.7732
-24.1339
-24.4807
-24.8098
-25.1204
-25.41
-25.6858
-25.9471
-26.1927
-26.4209
-26.6342
-26.8334
-27.0164
-27.1844
-27.332
-27.4604
-27.5754
-27.6779
-27.7699
-27.8329
-27.8833
-27.9223
-27.94
-27.9433
-27.9327
-27.9038
-27.8612
-27.7968
-27.7144
-27.619
-27.5101
-27.386
-27.2509
-27.0949
-26.9262
-26.7375
-26.54
-26.3233
-26.0888
-25.8321
-25.5613
-25.2756
-24.9795
-24.6656
-24.34
-23.9962
-23.6388
-23.2729
-22.8868
-22.4879
-22.0701
-21.6435
-21.1977
-20.7441
-20.2696
-19.7935
-19.2988
-18.7924
-18.2665
-17.7313
-17.1912
-16.6376
-16.0744
-15.5011
-14.9162
-14.3319
-13.738
-13.1332
-12.5247
-11.9116
-11.2872
-10.6683
-10.0428
-9.41371
-8.78113
-8.15586
-7.52419
-6.88651
-6.26614
-5.65326
-5.05519
-4.46242
-3.88354
-3.32827
-2.77369
-2.23742
-1.70985
-1.21517
-0.736298
-0.293224
0.13935
0.533723
0.902897
1.23577
1.52715
1.80242
2.02759
2.22317
2.37764
2.45071
2.48449
2.46076
2.38794
2.26241
2.02958
1.74546
1.39003
0.943806
0.39388
-0.211646
-0.903972
-1.6827
-2.50192
-3.42535
-4.43308
-5.5748
-6.77543
-8.11135
-9.60598
-11.1646
-12.8877
-14.7192
-16.7887
-18.9225
-21.1752
-23.5082
-26.0064
-28.7348
-31.6397
-34.9185
-38.0284
-41.5587
-45.0579
-49.0739
-53.4205
-57.8802
-62.939
-67.4861
-72.9273
-78.0905
0
0
