Input file: C:\Users\Garrett\Desktop\School\Thesis\TMMC\Confirmation_Results\Isobutane_Mie\310K\out_ISB_310K_2790_RUN1.log
Temperature     Box Volume      Midpoint        
310             27000           73              
Vap Dens mol/m3 Liq Dens mol/m3 Vapor Pressure  Surface Tension 
272.552         9193.9          0.610648        0.00729334      
Weight Function 
1
2.22679
2.81819
3.06168
3.07457
2.92056
2.64226
2.26235
1.80624
1.28994
0.721629
0.114222
-0.530685
-1.20159
-1.8953
-2.59871
-3.31801
-4.04782
-4.78283
-5.51943
-6.25784
-6.99715
-7.73106
-8.46006
-9.18177
-9.89778
-10.6094
-11.3089
-12.0012
-12.6836
-13.3511
-14.0062
-14.6543
-15.286
-15.9055
-16.5116
-17.1019
-17.6778
-18.2389
-18.7896
-19.32
-19.8382
-20.3393
-20.8248
-21.297
-21.7519
-22.1889
-22.6145
-23.0217
-23.4145
-23.7869
-24.141
-24.4829
-24.8093
-25.1202
-25.4111
-25.6878
-25.9454
-26.1889
-26.4143
-26.6262
-26.8173
-26.9976
-27.1611
-27.3089
-27.4454
-27.5604
-27.6584
-27.7389
-27.8018
-27.8459
-27.8763
-27.8934
-27.8973
-27.8868
-27.8569
-27.8065
-27.7442
-27.6651
-27.571
-27.4655
-27.3423
-27.2034
-27.0454
-26.871
-26.6888
-26.4865
-26.2732
-26.0327
-25.7796
-25.5106
-25.2262
-24.9311
-24.6218
-24.295
-23.95
-23.5902
-23.2194
-22.8285
-22.4235
-22.0088
-21.5782
-21.1341
-20.6776
-20.2077
-19.7203
-19.227
-18.7175
-18.1981
-17.66
-17.1214
-16.5659
-16.0013
-15.4302
-14.8468
-14.2581
-13.6601
-13.0602
-12.4514
-11.835
-11.2113
-10.584
-9.95377
-9.32187
-8.69078
-8.06249
-7.4401
-6.8223
-6.20621
-5.59202
-4.98982
-4.39743
-3.81444
-3.24734
-2.69405
-2.15536
-1.63177
-1.12297
-0.65308
-0.199687
0.228905
0.620898
0.989591
1.31708
1.60838
1.85067
2.06306
2.22346
2.34475
2.41474
2.47653
2.43623
2.35012
2.21321
2.01521
1.7361
1.41699
0.981485
0.486378
-0.13463
-0.774537
-1.52564
-2.34165
-3.25566
-4.28807
-5.40387
-6.65848
-7.98839
-9.52539
-11.1807
-13.0274
-15.0018
-16.9309
-19.0234
-21.3357
-23.8958
-26.5544
-29.3105
-32.2878
-35.53
-38.8123
-42.5335
0
0
0
0
0
0
0
0
0
0
