Input file: C:\Users\Garrett\Desktop\School\Thesis\TMMC\Confirmation_Results\Isobutane_Mie\310K\out_ISB_310K_2790_RUN3.log
Temperature     Box Volume      Midpoint        
310             27000           73              
Vap Dens mol/m3 Liq Dens mol/m3 Vapor Pressure  Surface Tension 
271.529         9204.89         0.609347        0.00732088      
Weight Function 
1
2.22669
2.81718
3.05888
3.06757
2.91196
2.62615
2.24734
1.79033
1.26773
0.698317
0.086109
-0.561799
-1.23271
-1.92452
-2.63732
-3.35633
-4.08774
-4.82405
-5.56376
-6.30527
-7.04427
-7.78378
-8.51349
-9.2371
-9.95061
-10.6604
-11.3628
-12.0524
-12.7334
-13.4039
-14.0646
-14.7099
-15.3436
-15.9614
-16.5716
-17.1624
-17.7413
-18.3039
-18.853
-19.3894
-19.9049
-20.4094
-20.8947
-21.3642
-21.8249
-22.2631
-22.6873
-23.0895
-23.4824
-23.8602
-24.2232
-24.5651
-24.8875
-25.2009
-25.4939
-25.777
-26.0424
-26.2859
-26.5133
-26.7266
-26.9196
-27.0956
-27.2585
-27.4077
-27.5407
-27.6614
-27.765
-27.8467
-27.9133
-27.9585
-27.9946
-28.0127
-28.0159
-28.0081
-27.9826
-27.9375
-27.8751
-27.8049
-27.7119
-27.6031
-27.4789
-27.3368
-27.1811
-27.012
-26.8264
-26.6276
-26.4075
-26.1704
-25.9254
-25.6578
-25.3816
-25.0875
-24.7795
-24.4515
-24.1115
-23.753
-23.385
-22.9983
-22.596
-22.1828
-21.7543
-21.3136
-20.8607
-20.4025
-19.9286
-19.4365
-18.9322
-18.4091
-17.8743
-17.3297
-16.7792
-16.2148
-15.6329
-15.0485
-14.4577
-13.8602
-13.2581
-12.6502
-12.035
-11.4077
-10.79
-10.1651
-9.53702
-8.90233
-8.26983
-7.64184
-7.02855
-6.41376
-5.80227
-5.19608
-4.60038
-4.01959
-3.4483
-2.87661
-2.33552
-1.80392
-1.29803
-0.818641
-0.35805
0.0663421
0.485534
0.872526
1.23042
1.52611
1.7941
2.01129
2.19388
2.34008
2.43917
2.47796
2.47575
2.38404
2.24513
2.02963
1.75532
1.41531
0.992002
0.503193
-0.024515
-0.732023
-1.55293
-2.47114
-3.48435
-4.51876
-5.62816
-6.82067
-8.18028
-9.64079
-11.3177
-13.0665
-14.9573
-16.8858
-19.0008
-21.2276
-23.7645
-26.5195
-29.2442
-32.3257
-35.3677
-38.7403
-42.3066
-45.8864
-49.7199
-53.5839
-58.1595
-62.699
-67.1605
-72.1646
-77.3849
0
0
