Input file: C:\Users\Garrett\Desktop\School\Thesis\Sim_Results\octane\output\380K\out_OCT_380K_4390_RUN5.log
Temperature     Box Volume      Midpoint        
380             42875           68              
Vap Dens mol/m3 Liq Dens mol/m3 Vapor Pressure  Surface Tension 
27.1624         5540.01         0.0821546       0.0131183       
Weight Function 
1
0.559622
-0.457555
-1.77073
-3.25381
-4.85629
-6.53117
-8.24444
-9.97862
-11.7283
-13.4688
-15.204
-16.9146
-18.6016
-20.2638
-21.8969
-23.4878
-25.0454
-26.5669
-28.0616
-29.5179
-30.9315
-32.3087
-33.6439
-34.9549
-36.2257
-37.4639
-38.6596
-39.8158
-40.9352
-42.0297
-43.0861
-44.1165
-45.1087
-46.063
-46.9921
-47.8839
-48.7545
-49.5911
-50.3878
-51.1599
-51.8894
-52.5958
-53.2735
-53.909
-54.5195
-55.1082
-55.6585
-56.1826
-56.6832
-57.1538
-57.5911
-57.9981
-58.3753
-58.7265
-59.0461
-59.3409
-59.6073
-59.8464
-60.0675
-60.2551
-60.4196
-60.5518
-60.6677
-60.7701
-60.8388
-60.8723
-60.8978
-60.898
-60.8749
-60.8297
-60.746
-60.644
-60.5136
-60.3613
-60.1821
-59.9811
-59.741
-59.4785
-59.1868
-58.8739
-58.5261
-58.1442
-57.7402
-57.3136
-56.8528
-56.3651
-55.8401
-55.305
-54.7226
-54.1196
-53.4914
-52.8312
-52.1424
-51.4201
-50.6827
-49.9078
-49.1098
-48.2701
-47.4024
-46.4934
-45.5598
-44.5928
-43.5886
-42.563
-41.5026
-40.4119
-39.3008
-38.1528
-36.9791
-35.7683
-34.5413
-33.2697
-31.9837
-30.6824
-29.3552
-28.02
-26.6531
-25.2843
-23.8935
-22.5127
-21.1248
-19.7596
-18.3589
-16.9744
-15.634
-14.3042
-13.0212
-11.7419
-10.5075
-9.29259
-8.14277
-7.06965
-6.03702
-5.0552
-4.16908
-3.38076
-2.59633
-1.92401
-1.38079
-0.926568
-0.564845
-0.328423
-0.2763
-0.283278
-0.521956
-0.834433
-1.17631
-1.91949
-2.64897
-3.53024
-4.69602
-6.237
-7.68828
-9.58835
-11.8519
-14.3884
-17.6442
0
0
0
0
