Input file: C:\Users\Garrett\Desktop\School\Thesis\Sim_Results\octane\output\380K\out_OCT_380K_4390_RUN6.log
Temperature     Box Volume      Midpoint        
380             42875           67              
Vap Dens mol/m3 Liq Dens mol/m3 Vapor Pressure  Surface Tension 
27.0969         5552.04         0.081949        0.0131235       
Weight Function 
1
0.557562
-0.464775
-1.77421
-3.25815
-4.85919
-6.52853
-8.24746
-9.9841
-11.731
-13.4784
-15.2118
-16.9233
-18.6179
-20.2849
-21.912
-23.51
-25.0754
-26.6029
-28.0881
-29.5397
-30.9552
-32.3295
-33.6741
-34.9701
-36.232
-37.465
-38.6623
-39.8163
-40.9362
-42.0317
-43.0852
-44.1132
-45.0997
-46.0587
-46.973
-47.8695
-48.7284
-49.5599
-50.3574
-51.1275
-51.8636
-52.5702
-53.248
-53.8942
-54.5131
-55.0972
-55.6521
-56.1857
-56.6979
-57.1588
-57.5946
-57.9891
-58.3675
-58.7112
-59.0311
-59.3284
-59.6004
-59.855
-60.0786
-60.264
-60.4348
-60.5929
-60.7159
-60.8082
-60.8786
-60.9149
-60.9379
-60.9315
-60.9055
-60.8542
-60.7808
-60.6848
-60.5667
-60.4216
-60.2402
-60.0414
-59.8023
-59.5414
-59.2505
-58.9387
-58.5992
-58.2239
-57.8245
-57.3963
-56.9351
-56.4545
-55.9483
-55.396
-54.8221
-54.2162
-53.5919
-52.9429
-52.2639
-51.5496
-50.8102
-50.0405
-49.2408
-48.4128
-47.5496
-46.6565
-45.7252
-44.7709
-43.7867
-42.7626
-41.7243
-40.6382
-39.5135
-38.3588
-37.1924
-35.9728
-34.744
-33.4813
-32.1961
-30.886
-29.5589
-28.2085
-26.8505
-25.4982
-24.1256
-22.7476
-21.3676
-20.0027
-18.6317
-17.2709
-15.9268
-14.5959
-13.3031
-12.0264
-10.7992
-9.61078
-8.45472
-7.37156
-6.32089
-5.36333
-4.43177
-3.55401
-2.77074
-2.06928
-1.44392
-0.976458
-0.654095
-0.426133
-0.34397
-0.307608
-0.451545
-0.710683
-1.09912
-1.60986
-2.2245
-2.97353
-3.97457
-5.30601
-6.88675
-8.64768
-10.8469
-13.1502
-15.8068
-18.7798
-22.0999
0
0
