Input file: C:\Users\Garrett\Desktop\School\Thesis\Sim_Results\octane\output\380K\out_OCT_380K_4390_RUN8.log
Temperature     Box Volume      Midpoint        
380             42875           68              
Vap Dens mol/m3 Liq Dens mol/m3 Vapor Pressure  Surface Tension 
27.0436         5560.61         0.0818246       0.0131201       
Weight Function 
1
0.556062
-0.465877
-1.78262
-3.27245
-4.87059
-6.54543
-8.26507
-10.0007
-11.7475
-13.4965
-15.2355
-16.9573
-18.6505
-20.3141
-21.9421
-23.5397
-25.0998
-26.623
-28.1123
-29.5603
-30.9692
-32.3444
-33.6853
-34.9888
-36.2576
-37.4875
-38.6818
-39.8321
-40.9548
-42.04
-43.0971
-44.1208
-45.1136
-46.0731
-46.997
-47.8925
-48.7511
-49.5764
-50.3609
-51.1244
-51.8538
-52.5584
-53.2337
-53.8764
-54.4864
-55.0788
-55.6338
-56.1551
-56.6458
-57.1226
-57.5574
-57.9651
-58.3348
-58.6829
-59.007
-59.313
-59.5794
-59.8191
-60.0395
-60.2251
-60.4074
-60.5513
-60.6735
-60.7614
-60.8302
-60.882
-60.8968
-60.8974
-60.8771
-60.8277
-60.7583
-60.6577
-60.5369
-60.3981
-60.2249
-60.0181
-59.794
-59.5382
-59.2468
-58.9438
-58.6119
-58.2431
-57.8472
-57.4327
-56.9768
-56.4974
-55.9813
-55.4473
-54.8907
-54.2859
-53.6565
-52.9966
-52.3184
-51.6092
-50.865
-50.0833
-49.2733
-48.4281
-47.5504
-46.641
-45.7108
-44.7497
-43.7682
-42.7478
-41.7109
-40.638
-39.5301
-38.3797
-37.2104
-36.0099
-34.7894
-33.5229
-32.2613
-30.9505
-29.6283
-28.2782
-26.911
-25.5542
-24.1899
-22.8037
-21.4139
-20.0338
-18.6789
-17.3375
-15.9925
-14.6733
-13.3766
-12.1141
-10.8865
-9.66889
-8.56103
-7.47716
-6.4448
-5.45974
-4.54788
-3.71772
-2.99646
-2.30699
-1.69043
-1.16127
-0.77211
-0.474948
-0.318387
-0.257825
-0.299563
-0.552002
-1.01034
-1.54168
-2.35012
-3.46736
-4.51469
-5.95233
-7.43067
-9.31221
-11.1944
-13.1741
-15.5375
-18.5853
-21.3106
0
0
