Input file: C:\Users\Garrett\Desktop\School\Thesis\Sim_Results\octane\output\380K\out_OCT_380K_4390_RUN7.log
Temperature     Box Volume      Midpoint        
380             42875           67              
Vap Dens mol/m3 Liq Dens mol/m3 Vapor Pressure  Surface Tension 
26.9903         5539.39         0.081584        0.0131404       
Weight Function 
1
0.552089
-0.470523
-1.78583
-3.27425
-4.87076
-6.54097
-8.25588
-9.99469
-11.7424
-13.4851
-15.2177
-16.9281
-18.6155
-20.2742
-21.9062
-23.5034
-25.0666
-26.5923
-28.081
-29.5362
-30.949
-32.326
-33.6643
-34.9731
-36.2371
-37.4546
-38.6468
-39.8073
-40.9276
-42.0189
-43.0752
-44.1042
-45.0864
-46.0388
-46.9645
-47.8605
-48.7182
-49.5584
-50.359
-51.1359
-51.8688
-52.5823
-53.2611
-53.9072
-54.5276
-55.115
-55.6668
-56.1948
-56.7005
-57.1687
-57.612
-58.0235
-58.4072
-58.764
-59.0912
-59.3875
-59.6614
-59.9092
-60.1197
-60.3067
-60.4864
-60.6275
-60.7376
-60.8395
-60.9217
-60.967
-61.0043
-61.0028
-60.9658
-60.9123
-60.8267
-60.7246
-60.5988
-60.4475
-60.2741
-60.0814
-59.8483
-59.5859
-59.293
-58.9746
-58.6289
-58.2579
-57.8509
-57.4273
-56.96
-56.4576
-55.9474
-55.4003
-54.8319
-54.2315
-53.6086
-52.9472
-52.2628
-51.5381
-50.7792
-50.0032
-49.1835
-48.3418
-47.4772
-46.5757
-45.628
-44.6592
-43.6726
-42.6461
-41.5753
-40.4786
-39.353
-38.2227
-37.0304
-35.8274
-34.5974
-33.3376
-32.0457
-30.7262
-29.4039
-28.0656
-26.7069
-25.3469
-23.9768
-22.5731
-21.2115
-19.8281
-18.4579
-17.098
-15.7439
-14.43
-13.1431
-11.8653
-10.6417
-9.47228
-8.31179
-7.2041
-6.15381
-5.15612
-4.25913
-3.40164
-2.66086
-2.02607
-1.39528
-0.89199
-0.518402
-0.282013
-0.290624
-0.363636
-0.509447
-0.794459
-1.29487
-1.96178
-2.55699
-3.4523
-4.61572
-5.90013
-7.63234
-9.46805
-11.1941
-13.7209
-16.6525
0
0
0
0
