Input file: C:\Users\Garrett\Desktop\School\Thesis\TMMC\Confirmation_Results\Methane\output\180K\out_MET_180K_1250_RUN3.log
Temperature     Box Volume      Midpoint        
180             27000           168             
Vap Dens mol/m3 Liq Dens mol/m3 Vapor Pressure  Surface Tension 
3572.38         17198.9         3.2828          0.000943245     
Weight Function 
0
3.27297
5.86903
8.0762
10.004
11.7253
13.2781
14.69
15.9868
17.1786
18.278
19.2948
20.2369
21.118
21.9352
22.6981
23.4126
24.08
24.7057
25.2861
25.8279
26.3355
26.8101
27.2544
27.6769
28.0649
28.4302
28.7704
29.0839
29.3757
29.6499
29.9015
30.1358
30.3567
30.5595
30.748
30.9229
31.0806
31.2255
31.3571
31.4746
31.5782
31.6762
31.7654
31.8448
31.9102
31.9706
32.0184
32.0588
32.0902
32.1192
32.1389
32.1558
32.1637
32.1636
32.157
32.1425
32.1225
32.1004
32.0683
32.0334
31.9948
31.9526
31.9096
31.8625
31.8081
31.7453
31.6812
31.62
31.552
31.4854
31.4169
31.3419
31.2649
31.1864
31.1028
31.0212
30.9416
30.8523
30.7661
30.6803
30.5901
30.5017
30.4134
30.3259
30.2386
30.1494
30.0564
29.9604
29.8668
29.7738
29.6833
29.5913
29.501
29.4099
29.3181
29.228
29.1354
29.0457
28.9553
28.8591
28.7705
28.6802
28.5923
28.5006
28.4115
28.3303
28.2506
28.1663
28.0824
28.0036
27.9229
27.8431
27.7659
27.6863
27.6123
27.534
27.4564
27.3772
27.303
27.225
27.1483
27.0802
27.011
26.9413
26.8704
26.802
26.7371
26.6785
26.6119
26.5497
26.4903
26.431
26.3736
26.3163
26.2573
26.1988
26.1451
26.0959
26.0455
25.9999
25.9579
25.9157
25.8721
25.8312
25.7903
25.7589
25.7192
25.6857
25.6551
25.6278
25.6026
25.5754
25.5448
25.5177
25.4997
25.4769
25.4531
25.4361
25.4191
25.4067
25.3955
25.387
25.3773
25.3744
25.3666
25.3595
25.3543
25.3497
25.35
25.3522
25.351
25.3579
25.364
25.3705
25.3841
25.3906
25.4026
25.4203
25.4365
25.4577
25.4815
25.5105
25.5438
25.5722
25.5981
25.6302
25.6614
25.6953
25.7275
25.7646
25.7994
25.8433
25.881
25.916
25.9567
26.002
26.0409
26.0865
26.1424
26.1983
26.2481
26.2988
26.3573
26.4156
26.4736
26.5292
26.5926
26.66
26.7278
26.7908
26.8534
26.9236
26.9942
27.0653
27.1377
27.2079
27.2892
27.3613
27.4305
27.5084
27.5876
27.659
27.736
27.818
27.9028
27.9877
28.0689
28.1489
28.2311
28.321
28.4097
28.4963
28.5798
28.6666
28.7596
28.8494
28.936
29.0297
29.1096
29.1914
29.2742
29.3575
29.4368
29.5203
29.6116
29.701
29.7888
29.8703
29.9519
30.0428
30.1305
30.2163
30.305
30.3918
30.4718
30.5497
30.6336
30.7128
30.788
30.8625
30.9299
30.9993
31.0684
31.1414
31.217
31.2822
31.3496
31.4162
31.4761
31.5319
31.5924
31.6454
31.6968
31.7446
31.7966
31.8436
31.8873
31.9316
31.9806
32.0229
32.0528
32.0837
32.1162
32.1348
32.1514
32.1704
32.1863
32.1945
32.1995
32.1959
32.1995
32.1908
32.1778
32.1638
32.1406
32.1193
32.0859
32.0543
32.018
