Input file: C:\Users\Garrett\Desktop\School\Thesis\TMMC\Confirmation_Results\Methane\output\180K\out_MET_180K_1250_Mie_RUN2.log
Temperature     Box Volume      Midpoint        
180             27000           169             
Vap Dens mol/m3 Liq Dens mol/m3 Vapor Pressure  Surface Tension 
3609.77         17230.5         3.30077         0.000941455     
Weight Function 
0
3.27621
5.87592
8.08484
10.0181
11.7379
13.2901
14.704
16.0025
17.1935
18.2947
19.3138
20.2614
21.1414
21.9613
22.7302
23.446
24.1132
24.7361
25.3215
25.8687
26.3826
26.8567
27.3014
27.7193
28.1166
28.4863
28.8329
29.1523
29.4551
29.7345
29.9972
30.2406
30.4654
30.6707
30.8619
31.0398
31.2048
31.3533
31.487
31.6125
31.7265
31.8264
31.9158
31.9962
32.0659
32.1297
32.1847
32.2328
32.2691
32.2988
32.3178
32.3294
32.3384
32.3413
32.3331
32.3226
32.3114
32.2938
32.268
32.2402
32.2043
32.1634
32.1228
32.0766
32.0266
31.972
31.9122
31.8497
31.7886
31.7232
31.6523
31.5829
31.5117
31.4376
31.3599
31.2857
31.2089
31.126
31.0415
30.9591
30.8747
30.7872
30.6938
30.6049
30.5141
30.422
30.3231
30.2275
30.1404
30.0489
29.9544
29.8587
29.7673
29.6742
29.5807
29.4909
29.4012
29.3089
29.2219
29.1316
29.0356
28.9462
28.8561
28.7676
28.678
28.585
28.4987
28.4143
28.3288
28.2467
28.1625
28.0792
27.9924
27.9069
27.8268
27.7454
27.6656
27.5859
27.51
27.4364
27.3634
27.2903
27.2142
27.1484
27.0844
27.0195
26.9601
26.8972
26.8326
26.7665
26.7026
26.6427
26.5814
26.5278
26.4707
26.4203
26.3713
26.322
26.273
26.2236
26.1782
26.1341
26.0886
26.0474
26.0067
25.9717
25.9358
25.9044
25.8727
25.841
25.8138
25.7853
25.7554
25.7329
25.7086
25.6868
25.6677
25.6475
25.6382
25.623
25.6109
25.5986
25.5863
25.5773
25.5726
25.5702
25.5673
25.5605
25.5584
25.5616
25.568
25.5759
25.5876
25.5976
25.6069
25.6168
25.6317
25.648
25.6661
25.6812
25.6989
25.726
25.7514
25.7837
25.8161
25.8375
25.8615
25.8809
25.9033
25.9311
25.9674
26.0011
26.0367
26.0781
26.1206
26.163
26.2033
26.2491
26.2967
26.3514
26.4021
26.4593
26.5136
26.5665
26.6199
26.6733
26.7317
26.7927
26.8532
26.9197
26.9843
27.047
27.1121
27.1724
27.2326
27.2978
27.3611
27.436
27.5113
27.5909
27.6635
27.7393
27.8179
27.9003
27.9852
28.0686
28.1533
28.2405
28.3189
28.3986
28.4831
28.5693
28.6567
28.7408
28.8258
28.9069
28.9873
29.0772
29.1653
29.2584
29.3529
29.4442
29.5391
29.6323
29.7207
29.8074
29.8952
29.9847
30.0726
30.1573
30.2369
30.3177
30.4033
30.4816
30.565
30.6482
30.7344
30.8161
30.8913
30.9706
31.0509
31.1355
31.2173
31.2933
31.3659
31.4376
31.5132
31.5789
31.6489
31.7116
31.7753
31.8402
31.9038
31.96
32.0172
32.0701
32.1073
32.1483
32.185
32.2196
32.2563
32.2865
32.3118
32.338
32.3537
32.3706
32.3876
32.4024
32.4133
32.408
32.408
32.407
32.3904
32.387
32.3755
32.3464
32.3239
32.2998
32.2558
