Input file: C:\Users\Garrett\Desktop\School\Thesis\TMMC\Confirmation_Results\Methane\output\180K\out_MET_180K_1250_Mie_RUN1.log
Temperature     Box Volume      Midpoint        
180             27000           170             
Vap Dens mol/m3 Liq Dens mol/m3 Vapor Pressure  Surface Tension 
3604.85         17267.4         3.29977         0.00094213      
Weight Function 
0
3.27356
5.87322
8.08287
10.0142
11.7382
13.2945
14.7099
16.0091
17.2034
18.3064
19.328
20.2737
21.1547
21.9713
22.737
23.4557
24.1255
24.7493
25.3365
25.883
26.3986
26.8828
27.3319
27.7543
28.1396
28.5057
28.8554
29.1781
29.4763
29.7544
30.0169
30.2614
30.4868
30.6911
30.8799
31.052
31.2127
31.3627
31.4955
31.6184
31.7301
31.8294
31.9205
32.0008
32.067
32.1268
32.1795
32.2226
32.2562
32.2815
32.3044
32.3164
32.3261
32.3271
32.3192
32.3098
32.2952
32.2736
32.2512
32.2263
32.1937
32.1526
32.1054
32.0555
32.0019
31.9494
31.8986
31.8426
31.7814
31.7115
31.6382
31.5659
31.4859
31.4082
31.3338
31.2519
31.1718
31.0912
31.0065
30.9224
30.8379
30.7529
30.6658
30.5779
30.4845
30.3939
30.3017
30.2155
30.1323
30.0458
29.958
29.8657
29.7744
29.6797
29.5888
29.4991
29.4046
29.3137
29.2192
29.1211
29.0345
28.9496
28.8684
28.7781
28.6893
28.6022
28.5167
28.4349
28.3506
28.2659
28.1821
28.1071
28.0292
27.9464
27.8594
27.7783
27.7003
27.6192
27.5472
27.473
27.4026
27.3296
27.2633
27.1959
27.1275
27.0628
26.9944
26.9291
26.8644
26.8026
26.7431
26.6805
26.6259
26.572
26.51
26.4536
26.3976
26.3436
26.2968
26.2479
26.1998
26.161
26.1186
26.0792
26.0402
25.9996
25.965
25.932
25.8942
25.8636
25.8317
25.8058
25.7856
25.7687
25.7456
25.7207
25.6955
25.677
25.6608
25.6484
25.6354
25.6215
25.6054
25.5903
25.5843
25.5823
25.5804
25.5748
25.5722
25.5704
25.5733
25.5742
25.5788
25.5853
25.5906
25.6042
25.6212
25.6324
25.644
25.6653
25.6823
25.7042
25.722
25.7464
25.7656
25.7916
25.8208
25.8526
25.889
25.9254
25.9634
25.9971
26.038
26.0782
26.1176
26.159
26.202
26.253
26.3077
26.3552
26.4059
26.4605
26.5166
26.573
26.6321
26.6923
26.7497
26.8109
26.8733
26.939
27.002
27.0655
27.1295
27.1944
27.2603
27.3283
27.3946
27.4606
27.5353
27.6074
27.6846
27.7599
27.8352
27.9139
27.991
28.0689
28.1417
28.2208
28.2984
28.3853
28.4756
28.5558
28.6365
28.7195
28.8073
28.8953
28.983
29.0634
29.1432
29.2264
29.3115
29.3952
29.4827
29.5676
29.6569
29.7398
29.8164
29.9145
30.0061
30.0939
30.1797
30.2586
30.341
30.4269
30.5198
30.6024
30.683
30.762
30.8487
30.9277
31.0082
31.0849
31.162
31.2407
31.3069
31.3752
31.4363
31.5077
31.5662
31.6306
31.6935
31.7584
31.8155
31.8664
31.9222
31.9807
32.0256
32.0732
32.1188
32.156
32.2009
32.2459
32.2809
32.3189
32.3586
32.386
32.4052
32.4231
32.4354
32.4435
32.4561
32.4613
32.4543
32.4471
32.4326
32.4262
32.3945
32.3714
32.3367
