Input file: C:\Users\Garrett\Desktop\School\Thesis\TMMC\Confirmation_Results\Methane\output\180K\out_MET_180K_1250_RUN1.log
Temperature     Box Volume      Midpoint        
180             27000           167             
Vap Dens mol/m3 Liq Dens mol/m3 Vapor Pressure  Surface Tension 
3567.93         17213.9         3.28792         0.00095711      
Weight Function 
0
3.27449
5.87179
8.07598
10.006
11.729
13.2868
14.7051
16.0013
17.1955
18.2974
19.3199
20.2693
21.1504
21.9697
22.7291
23.4386
24.1074
24.7333
25.3192
25.8611
26.3692
26.8437
27.2912
27.7118
28.1018
28.4628
28.8015
29.1228
29.421
29.696
29.9538
30.1893
30.4096
30.6133
30.8003
30.9771
31.1411
31.2918
31.4249
31.5412
31.6506
31.7492
31.8336
31.9122
31.9787
32.0336
32.0856
32.1265
32.1605
32.1856
32.2025
32.2128
32.2143
32.2107
32.2017
32.1851
32.1645
32.1419
32.1117
32.0766
32.0395
32
31.955
31.9068
31.8544
31.7965
31.736
31.674
31.6059
31.5349
31.4644
31.3912
31.3192
31.2453
31.1704
31.0892
31.005
30.9211
30.8386
30.7523
30.6659
30.5826
30.4944
30.4023
30.3103
30.2141
30.1206
30.0301
29.9343
29.8379
29.7449
29.6479
29.5563
29.4617
29.3671
29.2721
29.1797
29.0868
28.9913
28.9014
28.8015
28.7114
28.6265
28.539
28.4505
28.3605
28.2712
28.1833
28.0957
28.0146
27.9281
27.844
27.7593
27.6699
27.5907
27.5119
27.4351
27.353
27.2739
27.195
27.1165
27.041
26.9702
26.898
26.8294
26.7639
26.6988
26.6344
26.5702
26.5063
26.443
26.3763
26.3146
26.2584
26.2069
26.1529
26.1028
26.0526
26.0054
25.9606
25.9188
25.8745
25.8315
25.7822
25.7409
25.6987
25.6636
25.6275
25.594
25.563
25.529
25.5062
25.4801
25.4549
25.4334
25.4152
25.3935
25.3773
25.3656
25.3533
25.343
25.3331
25.3224
25.3163
25.315
25.3106
25.308
25.3152
25.3187
25.3272
25.3294
25.3375
25.3487
25.3642
25.3705
25.3845
25.396
25.4116
25.4254
25.4446
25.4675
25.4915
25.5153
25.5431
25.5763
25.6143
25.6445
25.6763
25.7105
25.7477
25.7847
25.8215
25.865
25.9033
25.9469
25.9978
26.0436
26.0937
26.1466
26.1953
26.2434
26.2926
26.3486
26.4075
26.4688
26.5264
26.5895
26.6551
26.7202
26.7854
26.8509
26.921
26.9957
27.063
27.1292
27.2026
27.2744
27.3454
27.4184
27.4937
27.567
27.6418
27.7157
27.7944
27.872
27.9532
28.0326
28.117
28.2076
28.2984
28.3856
28.4689
28.557
28.6461
28.7319
28.817
28.9054
28.9996
29.0909
29.1836
29.2726
29.3587
29.4477
29.5409
29.6311
29.7098
29.7904
29.8764
29.9626
30.0554
30.1382
30.2283
30.3028
30.3876
30.4752
30.5551
30.6429
30.7319
30.811
30.8871
30.9665
31.0502
31.1206
31.1935
31.2642
31.3232
31.3899
31.4554
31.5198
31.5807
31.6417
31.7002
31.7626
31.8141
31.868
31.9113
31.9582
32
32.0353
32.0763
32.1107
32.1446
32.1688
32.1932
32.2106
32.2339
32.2556
32.2635
32.2634
32.2633
32.2663
32.2571
32.2427
32.226
32.2106
32.1853
32.1593
32.1187
32.0808
