Input file: C:\Users\Garrett\Desktop\School\Thesis\TMMC\Confirmation_Results\Methane\output\180K\out_MET_180K_1250_Mie_RUN4.log
Temperature     Box Volume      Midpoint        
180             27000           168             
Vap Dens mol/m3 Liq Dens mol/m3 Vapor Pressure  Surface Tension 
3603.65         17238.2         3.2983          0.000942703     
Weight Function 
0
3.27155
5.86631
8.07276
10.0047
11.7303
13.2897
14.7064
16.0045
17.2042
18.3082
19.3277
20.2743
21.1577
21.9795
22.7459
23.4634
24.1319
24.7555
25.3398
25.8853
26.3993
26.8752
27.3229
27.7455
28.1363
28.5048
28.8484
29.1683
29.4651
29.7434
30.0018
30.2409
30.4661
30.6758
30.8691
31.046
31.2083
31.3538
31.4868
31.6113
31.7207
31.8232
31.9141
31.9911
32.0619
32.1214
32.1716
32.2115
32.2441
32.2634
32.2796
32.2936
32.3008
32.3066
32.3018
32.291
32.2754
32.2564
32.2273
32.1946
32.1589
32.1212
32.0743
32.0295
31.9821
31.9307
31.8762
31.8174
31.7541
31.689
31.6244
31.5527
31.4788
31.4063
31.3315
31.2562
31.1809
31.1025
31.0181
30.9307
30.8451
30.7606
30.6726
30.5822
30.494
30.4007
30.3034
30.2093
30.1172
30.0261
29.9342
29.8415
29.7522
29.6569
29.5683
29.4717
29.3852
29.2974
29.2046
29.1167
29.0314
28.9339
28.8405
28.75
28.661
28.5725
28.4842
28.3995
28.3144
28.2257
28.1367
28.0566
27.9729
27.8916
27.8093
27.7315
27.6506
27.5701
27.4946
27.4203
27.348
27.2782
27.207
27.1367
27.071
27.0043
26.9387
26.8768
26.8124
26.7509
26.6892
26.6324
26.5718
26.51
26.4557
26.4022
26.3521
26.3079
26.2589
26.2066
26.1623
26.121
26.0811
26.0394
25.999
25.9571
25.9235
25.8913
25.8555
25.8232
25.7952
25.7643
25.7397
25.7166
25.6927
25.6662
25.6482
25.6306
25.6167
25.5977
25.5812
25.5717
25.5652
25.5552
25.5453
25.5406
25.5361
25.5316
25.5352
25.5415
25.5484
25.5531
25.5544
25.5588
25.5688
25.5792
25.5927
25.61
25.63
25.647
25.6701
25.7032
25.7225
25.7511
25.7772
25.7985
25.8273
25.8649
25.8973
25.9324
25.9704
26.0097
26.0523
26.0923
26.1407
26.1871
26.228
26.2805
26.3308
26.3832
26.426
26.4752
26.5283
26.5782
26.6386
26.6971
26.7569
26.8216
26.8814
26.9442
27.0069
27.069
27.1371
27.2024
27.2732
27.3395
27.4055
27.4705
27.5509
27.6268
27.6979
27.7703
27.848
27.9258
28.0071
28.0812
28.1581
28.242
28.3155
28.387
28.4658
28.5509
28.631
28.7129
28.8047
28.8955
28.9877
29.0802
29.1677
29.2562
29.3444
29.4268
29.5142
29.6056
29.69
29.7757
29.8622
29.9525
30.0384
30.1285
30.211
30.3011
30.3805
30.4658
30.55
30.64
30.7153
30.7952
30.8765
30.96
31.041
31.1163
31.1894
31.2638
31.3312
31.4021
31.4678
31.5368
31.6101
31.6792
31.7359
31.7901
31.8484
31.9019
31.9512
31.9992
32.0376
32.0893
32.1351
32.1694
32.2055
32.2385
32.2577
32.2853
32.3083
32.3332
32.352
32.3719
32.3845
32.3955
32.4066
32.4125
32.4092
32.3959
32.3789
32.3612
32.3389
32.3053
32.2663
