Input file: C:\Users\Garrett\Desktop\School\Thesis\TMMC\Confirmation_Results\Methane\output\180K\out_MET_180K_1250_RUN2.log
Temperature     Box Volume      Midpoint        
180             27000           167             
Vap Dens mol/m3 Liq Dens mol/m3 Vapor Pressure  Surface Tension 
3566.26         17224.9         3.28799         0.00095109      
Weight Function 
0
3.27345
5.8695
8.07545
10.007
11.7286
13.2806
14.6932
15.9865
17.1766
18.2705
19.2857
20.234
21.1142
21.939
22.7056
23.4212
24.0871
24.7079
25.2971
25.8457
26.3587
26.8381
27.2844
27.7031
28.0919
28.4599
28.8038
29.1232
29.4214
29.6951
29.9494
30.1877
30.409
30.6109
30.8012
30.9764
31.1381
31.2865
31.4211
31.5473
31.661
31.7541
31.8448
31.9225
31.985
32.0398
32.0904
32.1261
32.1551
32.1757
32.1924
32.2052
32.2136
32.2147
32.2084
32.1921
32.1736
32.1487
32.1202
32.0859
32.0481
32.0055
31.9599
31.9118
31.8562
31.7983
31.7415
31.6739
31.6064
31.5419
31.4698
31.3963
31.3175
31.2344
31.1503
31.0653
30.9863
30.8996
30.8186
30.7327
30.6457
30.5559
30.4711
30.3865
30.2922
30.2031
30.113
30.0163
29.9228
29.8262
29.7371
29.6439
29.5482
29.4532
29.3609
29.2718
29.1783
29.0864
28.9903
28.9002
28.8106
28.7228
28.6329
28.544
28.4607
28.3719
28.2884
28.2006
28.1199
28.035
27.9471
27.8583
27.7725
27.6917
27.607
27.5257
27.4465
27.3732
27.2985
27.2245
27.1459
27.0725
27.0013
26.9335
26.8649
26.7981
26.7375
26.6746
26.6082
26.5463
26.4805
26.4228
26.3672
26.3043
26.2483
26.1987
26.1506
26.0956
26.0502
26.0032
25.9552
25.9046
25.8631
25.8232
25.7839
25.7554
25.7163
25.6808
25.6464
25.6204
25.5937
25.5686
25.5417
25.5172
25.4967
25.4742
25.45
25.4314
25.4176
25.406
25.3948
25.3848
25.3743
25.371
25.365
25.3584
25.3577
25.3654
25.3624
25.3643
25.3697
25.3787
25.3889
25.401
25.4122
25.4243
25.439
25.4527
25.4714
25.4921
25.5142
25.5378
25.5708
25.5949
25.6211
25.6478
25.6808
25.7149
25.7448
25.7777
25.8181
25.8544
25.8973
25.9337
25.9751
26.0172
26.0598
26.108
26.1579
26.2065
26.2636
26.3169
26.3745
26.4264
26.489
26.5483
26.6098
26.6704
26.7345
26.798
26.8634
26.9416
27.0033
27.0744
27.1426
27.2138
27.2876
27.3614
27.4293
27.5023
27.5833
27.6552
27.7303
27.8079
27.8888
27.9693
28.0499
28.1365
28.2249
28.3087
28.3916
28.4824
28.5643
28.6473
28.7372
28.8254
28.9191
29.0099
29.0932
29.1773
29.2651
29.352
29.4388
29.524
29.6179
29.7053
29.7953
29.8827
29.9671
30.0548
30.1332
30.2189
30.3016
30.3812
30.4688
30.5508
30.6314
30.7022
30.7806
30.8563
30.9286
31.0069
31.0896
31.1653
31.2395
31.3136
31.3856
31.4485
31.5074
31.5739
31.635
31.6949
31.7472
31.793
31.8438
31.8924
31.941
31.9821
32.0196
32.0511
32.0955
32.1298
32.159
32.1891
32.2161
32.2383
32.2506
32.2686
32.2729
32.2768
32.2782
32.2775
32.2722
32.2539
32.2329
32.2168
32.1875
32.1605
32.1247
