Input file: C:\Users\Garrett\Desktop\School\Thesis\TMMC\Confirmation_Results\Methane\output\180K\out_MET_180K_1250_Mie_RUN3.log
Temperature     Box Volume      Midpoint        
180             27000           170             
Vap Dens mol/m3 Liq Dens mol/m3 Vapor Pressure  Surface Tension 
3608.73         17257.4         3.29958         0.000940272     
Weight Function 
0
3.27774
5.87298
8.07892
10.0083
11.7289
13.2861
14.7018
15.9958
17.1866
18.2901
19.3104
20.2573
21.1359
21.9541
22.7218
23.438
24.1078
24.7289
25.3126
25.8648
26.3769
26.8549
27.3055
27.7274
28.123
28.492
28.8417
29.1676
29.4669
29.7438
30.0003
30.2409
30.4671
30.6752
30.8654
31.0402
31.2025
31.3524
31.4899
31.6124
31.7252
31.8263
31.9106
31.9904
32.0564
32.1185
32.1697
32.2145
32.2506
32.2862
32.3046
32.3222
32.3314
32.3318
32.323
32.3159
32.3001
32.2767
32.2472
32.2161
32.1804
32.1421
32.1008
32.05
32.002
31.9486
31.8867
31.8222
31.7618
31.6961
31.632
31.5662
31.4944
31.4189
31.3433
31.267
31.1895
31.1081
31.0261
30.9391
30.8571
30.7724
30.6873
30.5951
30.503
30.4116
30.3226
30.2345
30.1432
30.0491
29.9541
29.8638
29.7701
29.678
29.5887
29.5005
29.4067
29.3124
29.2272
29.1451
29.0519
28.9586
28.8719
28.7848
28.6899
28.6036
28.5223
28.4411
28.3515
28.2677
28.1818
28.0972
28.0114
27.9301
27.8524
27.7704
27.6896
27.6105
27.5373
27.4644
27.3901
27.3183
27.2436
27.1687
27.0957
27.0265
26.9626
26.9015
26.8407
26.7809
26.7218
26.6684
26.6147
26.555
26.5
26.4464
26.3923
26.3403
26.2973
26.2537
26.2052
26.1605
26.1193
26.0824
26.0478
26.0082
25.9717
25.9402
25.9036
25.8752
25.8472
25.8206
25.7944
25.7653
25.7416
25.7192
25.6971
25.6845
25.6677
25.6537
25.6443
25.6304
25.6186
25.6075
25.6045
25.5984
25.5929
25.5911
25.5848
25.5812
25.5849
25.5908
25.5959
25.6049
25.6121
25.6287
25.6421
25.6575
25.681
25.6981
25.7158
25.7356
25.7545
25.7805
25.8098
25.8391
25.8712
25.9003
25.9363
25.97
26.0017
26.0364
26.0711
26.1061
26.1541
26.1971
26.2456
26.2901
26.332
26.3838
26.4363
26.4961
26.5572
26.6127
26.6677
26.7233
26.7784
26.8376
26.8986
26.9605
27.0184
27.0812
27.1443
27.2104
27.2753
27.3473
27.4155
27.4822
27.5523
27.6299
27.7061
27.7805
27.8582
27.9369
28.0115
28.0921
28.1762
28.2544
28.3429
28.422
28.5057
28.5875
28.6753
28.7579
28.8396
28.9253
29.0065
29.0905
29.1775
29.2609
29.3454
29.4322
29.5153
29.5989
29.6788
29.76
29.8496
29.9337
30.0176
30.1049
30.1924
30.2806
30.3641
30.4371
30.5209
30.6053
30.6823
30.7624
30.8375
30.9177
30.9982
31.0759
31.1548
31.2232
31.3006
31.3781
31.4539
31.5267
31.5996
31.6627
31.7186
31.7757
31.8334
31.8896
31.9431
31.9984
32.0372
32.0856
32.1276
32.1732
32.2106
32.239
32.2781
32.3065
32.332
32.3615
32.3836
32.408
32.4203
32.443
32.4493
32.4513
32.4484
32.4376
32.4225
32.3994
32.379
32.3509
32.3142
