Input file: C:\Users\Garrett\Desktop\School\Thesis\TMMC\Confirmation_Results\Methane\output\180K\out_MET_180K_1250_RUN4.log
Temperature     Box Volume      Midpoint        
180             27000           168             
Vap Dens mol/m3 Liq Dens mol/m3 Vapor Pressure  Surface Tension 
3573.22         17212.5         3.29016         0.000947816     
Weight Function 
0
3.27804
5.87507
8.07711
10.007
11.7333
13.283
14.7013
15.9981
17.1903
18.2868
19.306
20.2551
21.1355
21.959
22.7222
23.4393
24.1062
24.7295
25.3203
25.8694
26.3831
26.8607
27.3104
27.7304
28.1249
28.4903
28.8352
29.1524
29.4442
29.7182
29.9741
30.21
30.4275
30.631
30.8196
30.9951
31.1546
31.2998
31.4323
31.5539
31.6621
31.7609
31.844
31.9179
31.9824
32.0439
32.0976
32.1424
32.1772
32.2032
32.2186
32.232
32.2381
32.2343
32.2288
32.219
32.2026
32.1824
32.1545
32.1221
32.0758
32.0302
31.9872
31.9386
31.8874
31.8315
31.7688
31.7037
31.6408
31.5739
31.5062
31.4301
31.3517
31.2745
31.1934
31.1082
31.0275
30.9439
30.8606
30.7734
30.6851
30.595
30.5048
30.4141
30.3252
30.2276
30.1347
30.042
29.9458
29.8499
29.7603
29.6707
29.58
29.4847
29.3943
29.3002
29.2081
29.1121
29.0157
28.9226
28.83
28.7381
28.6481
28.5615
28.4761
28.3876
28.3026
28.2134
28.1236
28.036
27.958
27.8782
27.8008
27.7147
27.6294
27.5527
27.4742
27.4009
27.3225
27.2499
27.1824
27.111
27.0424
26.9742
26.9089
26.8449
26.7783
26.7138
26.6494
26.5842
26.5213
26.4637
26.4074
26.3502
26.2931
26.2362
26.1858
26.1349
26.0894
26.039
25.9888
25.9451
25.907
25.8667
25.8237
25.7848
25.7516
25.7211
25.6937
25.6635
25.6346
25.6029
25.5767
25.5473
25.5241
25.5012
25.4832
25.4678
25.452
25.4388
25.4247
25.416
25.4112
25.4058
25.4013
25.4017
25.399
25.3973
25.3991
25.4059
25.4093
25.4142
25.422
25.4349
25.4483
25.4561
25.4717
25.4854
25.4997
25.5169
25.5369
25.5615
25.5932
25.625
25.656
25.6843
25.7157
25.7471
25.7762
25.814
25.852
25.8894
25.9302
25.9761
26.0163
26.0642
26.1112
26.162
26.2113
26.2684
26.3239
26.382
26.4359
26.4929
26.5556
26.6166
26.673
26.7283
26.7942
26.8597
26.9258
26.9907
27.0602
27.1308
27.203
27.2722
27.3373
27.4035
27.4811
27.5626
27.6302
27.7057
27.7901
27.8619
27.9437
28.0273
28.1124
28.1878
28.2755
28.3609
28.4482
28.5343
28.6286
28.7159
28.8041
28.8906
28.9758
29.0604
29.1471
29.2303
29.3178
29.4031
29.4957
29.5824
29.6689
29.7568
29.8436
29.9294
30.0114
30.0966
30.1812
30.266
30.3512
30.4277
30.5043
30.5842
30.664
30.7462
30.8243
30.9013
30.9813
31.059
31.133
31.2086
31.2749
31.3353
31.4065
31.4706
31.5392
31.6074
31.664
31.7211
31.7757
31.8188
31.881
31.9323
31.9803
32.0227
32.064
32.1044
32.1339
32.1647
32.1941
32.2173
32.2366
32.2528
32.2715
32.2849
32.2866
32.2861
32.2821
32.2727
32.2705
32.2576
32.2417
32.2106
32.1893
32.1616
32.1262
