Input file: C:\Users\Garrett\Desktop\School\Thesis\Sim_Results\octane\output\500K\out_OCT_500K_4500_RUN5.log
Temperature     Box Volume      Midpoint        
500             42875           58              
Vap Dens mol/m3 Liq Dens mol/m3 Vapor Pressure  Surface Tension 
342.118         4349.73         1.05707         0.00285568      
Weight Function 
1
2.66329
3.68848
4.36798
4.81737
5.09676
5.25275
5.31165
5.29134
5.20223
5.06552
4.88992
4.67771
4.44
4.17599
3.89349
3.59698
3.29007
2.97496
2.65666
2.33515
2.00874
1.68023
1.35363
1.02942
0.706211
0.392603
0.0831957
-0.219412
-0.513219
-0.806227
-1.08333
-1.36434
-1.63055
-1.89076
-2.14216
-2.38227
-2.61228
-2.83799
-3.0505
-3.2476
-3.43361
-3.61482
-3.78423
-3.94563
-4.09554
-4.23055
-4.35986
-4.47916
-4.58627
-4.67978
-4.76309
-4.83269
-4.8871
-4.93641
-4.97132
-4.99662
-5.01523
-5.02204
-5.01085
-4.99785
-4.97046
-4.92907
-4.88088
-4.81958
-4.74939
-4.669
-4.57341
-4.47061
-4.36622
-4.24263
-4.11524
-3.96944
-3.81425
-3.64936
-3.47247
-3.28778
-3.09058
-2.89649
-2.6889
-2.47271
-2.24971
-2.02232
-1.78903
-1.54704
-1.29834
-1.03635
-0.773058
-0.502066
-0.232873
0.041519
0.324611
0.601804
0.892296
1.16479
1.43998
1.71497
1.98937
2.25856
2.51845
2.77484
3.02074
3.26803
3.50802
3.72691
3.92851
4.1283
4.30139
4.45598
4.59448
4.70947
4.80496
4.87165
4.91004
4.91424
4.87273
4.81112
4.70631
4.55891
4.3765
4.12899
3.83508
3.49198
3.08527
2.61396
2.07165
1.48105
0.817839
0.0773315
-0.772276
-1.67298
-2.69829
-3.786
-5.01511
-6.34671
0
0
