Input file: C:\Users\Garrett\Desktop\School\Thesis\Sim_Results\octane\output\500K\out_OCT_500K_4500_RUN6.log
Temperature     Box Volume      Midpoint        
500             42875           58              
Vap Dens mol/m3 Liq Dens mol/m3 Vapor Pressure  Surface Tension 
344.113         4345.61         1.05786         0.00285176      
Weight Function 
1
2.65542
3.68114
4.35916
4.80718
5.0883
5.24862
5.30864
5.28856
5.20678
5.07751
4.90123
4.69385
4.45867
4.20409
3.92241
3.62483
3.32315
3.00877
2.68899
2.36631
2.04213
1.71455
1.38847
1.06409
0.743113
0.426734
0.106054
-0.202225
-0.503305
-0.802284
-1.08406
-1.35914
-1.63002
-1.888
-2.13678
-2.37706
-2.60874
-2.82872
-3.0427
-3.23998
-3.43036
-3.61144
-3.77842
-3.9391
-4.09128
-4.22536
-4.35263
-4.46671
-4.56899
-4.66007
-4.73635
-4.80333
-4.86781
-4.91579
-4.95097
-4.98205
-5.00083
-5.00691
-4.99989
-4.97997
-4.95475
-4.92113
-4.86461
-4.80499
-4.73217
-4.64904
-4.55512
-4.4554
-4.34188
-4.21986
-4.08334
-3.93692
-3.7762
-3.60818
-3.43306
-3.25614
-3.06382
-2.8624
-2.64988
-2.42976
-2.20714
-1.98052
-1.7468
-1.50068
-1.25225
-0.995234
-0.742514
-0.479393
-0.206572
0.0595481
0.340569
0.617589
0.89721
1.17733
1.45255
1.72457
1.99959
2.27151
2.53113
2.79885
3.04897
3.28959
3.52171
3.74904
3.95206
4.15808
4.3308
4.48982
4.62684
4.73406
4.82188
4.8868
4.90552
4.91964
4.88346
4.80698
4.6893
4.53472
4.32884
4.09696
3.80698
3.46651
3.05883
2.58905
2.05187
1.43439
0.746108
-0.0322717
-0.894951
-1.83393
-2.86991
-4.00379
-5.21567
-6.53755
0
0
