Input file: C:\Users\Garrett\Desktop\School\Thesis\Sim_Results\octane\output\500K\out_OCT_500K_4500_RUN8.log
Temperature     Box Volume      Midpoint        
500             42875           58              
Vap Dens mol/m3 Liq Dens mol/m3 Vapor Pressure  Surface Tension 
344.341         4342.48         1.05859         0.00285325      
Weight Function 
1
2.66162
3.68564
4.36006
4.80778
5.0919
5.25191
5.31263
5.29545
5.21617
5.08349
4.90621
4.69613
4.46035
4.19847
3.92279
3.63061
3.33422
3.02174
2.70356
2.37888
2.0552
1.73502
1.40654
1.08036
0.761777
0.445796
0.136915
-0.170266
-0.469247
-0.760828
-1.04761
-1.32959
-1.60137
-1.85885
-2.11473
-2.35951
-2.59229
-2.81538
-3.01866
-3.22034
-3.41252
-3.5924
-3.76318
-3.92426
-4.07514
-4.22282
-4.35
-4.46058
-4.56857
-4.66375
-4.74613
-4.81851
-4.87329
-4.93027
-4.96415
-4.99133
-5.00391
-5.00939
-5.00307
-4.98446
-4.95164
-4.90442
-4.8543
-4.79198
-4.72166
-4.63744
-4.54892
-4.4414
-4.33378
-4.21087
-4.07305
-3.92703
-3.77401
-3.61149
-3.43897
-3.25515
-3.06013
-2.85381
-2.64689
-2.42107
-2.18896
-1.95514
-1.72232
-1.4794
-1.23318
-0.96816
-0.710241
-0.450322
-0.176703
0.0959161
0.371235
0.644354
0.922373
1.19529
1.46681
1.73813
2.01185
2.28407
2.55239
2.80701
3.05213
3.29854
3.54186
3.75818
3.9779
4.18322
4.35614
4.51396
4.64248
4.7513
4.83512
4.88784
4.92125
4.91647
4.88869
4.80921
4.67163
4.52855
4.33337
4.08089
3.78271
3.42413
3.00425
2.52396
1.95988
1.3407
0.661722
-0.104659
-0.93614
-1.82812
-2.8329
-3.92978
-5.12626
-6.44174
0
0
