Input file: C:\Users\Garrett\Desktop\School\Thesis\Sim_Results\octane\output\500K\out_OCT_500K_4500_RUN7.log
Temperature     Box Volume      Midpoint        
500             42875           58              
Vap Dens mol/m3 Liq Dens mol/m3 Vapor Pressure  Surface Tension 
343.843         4343.36         1.05708         0.00285353      
Weight Function 
1
2.65698
3.68255
4.35803
4.8031
5.08308
5.24255
5.30213
5.2856
5.20728
5.07565
4.89723
4.6853
4.45078
4.19135
3.91153
3.6166
3.31318
2.99795
2.67813
2.3625
2.03268
1.70575
1.37943
1.0597
0.736178
0.418153
0.108428
-0.196197
-0.495322
-0.789447
-1.07067
-1.3482
-1.61852
-1.87985
-2.13637
-2.3763
-2.60562
-2.83015
-3.04307
-3.2472
-3.43752
-3.62095
-3.79037
-3.9473
-4.09282
-4.22815
-4.35727
-4.47889
-4.58162
-4.67254
-4.75587
-4.82229
-4.87752
-4.92464
-4.96087
-4.98379
-5.00862
-5.01464
-5.00247
-4.98369
-4.95162
-4.90784
-4.85597
-4.79369
-4.71962
-4.63564
-4.54777
-4.44499
-4.33142
-4.20694
-4.06797
-3.92079
-3.77092
-3.61234
-3.44197
-3.25809
-3.06952
-2.87344
-2.66697
-2.44929
-2.22572
-1.99344
-1.74827
-1.50199
-1.24992
-0.997441
-0.737466
-0.470691
-0.193216
0.0835595
0.353235
0.62601
0.901285
1.18086
1.45654
1.72081
1.99109
2.25386
2.52654
2.78401
3.03239
3.28436
3.52644
3.75061
3.95949
4.15816
4.33424
4.48941
4.62489
4.74056
4.83904
4.89821
4.92329
4.91646
4.87624
4.78991
4.67969
4.51206
4.30734
4.06611
3.76149
3.42246
3.01754
2.54091
1.98699
1.36426
0.683138
-0.0833865
-0.939311
-1.87784
-2.90206
-4.00749
-5.22691
-6.51894
0
0
