Input file: C:\Users\Garrett\Desktop\School\Thesis\Sim_Results\octane\output\440K\out_OCT_440K_4440_RUN8.log
Temperature     Box Volume      Midpoint        
440             42875           62              
Vap Dens mol/m3 Liq Dens mol/m3 Vapor Pressure  Surface Tension 
110.834         5016.82         0.357651        0.00732936      
Weight Function 
1
1.81601
2.01702
1.89193
1.55764
1.07746
0.490667
-0.172022
-0.894911
-1.6543
-2.44999
-3.26468
-4.09937
-4.94236
-5.78914
-6.63803
-7.48422
-8.32171
-9.1489
-9.96559
-10.7699
-11.5654
-12.3423
-13.1039
-13.8549
-14.5842
-15.2989
-15.9902
-16.6675
-17.3192
-17.956
-18.5763
-19.1665
-19.7419
-20.2992
-20.8427
-21.3522
-21.8477
-22.3319
-22.7927
-23.229
-23.643
-24.0426
-24.4209
-24.7751
-25.1137
-25.4374
-25.7346
-26.0152
-26.2796
-26.5175
-26.7332
-26.9422
-27.1328
-27.2933
-27.4421
-27.5738
-27.6721
-27.7566
-27.8271
-27.8743
-27.9081
-27.9199
-27.9073
-27.8857
-27.8489
-27.783
-27.6969
-27.5907
-27.4664
-27.33
-27.1663
-26.9863
-26.7854
-26.5745
-26.3406
-26.0874
-25.8203
-25.5333
-25.2226
-24.8925
-24.5505
-24.1902
-23.8079
-23.4021
-22.9812
-22.5452
-22.0957
-21.6187
-21.1363
-20.631
-20.1084
-19.5746
-19.0205
-18.4471
-17.869
-17.2777
-16.6619
-16.034
-15.3947
-14.7514
-14.0911
-13.4278
-12.757
-12.0742
-11.3843
-10.6849
-9.98931
-9.2856
-8.59819
-7.90397
-7.22186
-6.53965
-5.85634
-5.19503
-4.56032
-3.92641
-3.3076
-2.72039
-2.16047
-1.61396
-1.11105
-0.627241
-0.21653
0.168681
0.485793
0.759204
0.967615
1.14503
1.23444
1.26205
1.21566
1.14197
0.957182
0.678293
0.298704
-0.179185
-0.749274
-1.47916
-2.34225
-3.29204
-4.33093
-5.57262
-6.89081
-8.3731
-10.0794
-11.9331
-14.0903
-16.2285
-18.637
0
0
