Input file: C:\Users\Garrett\Desktop\School\Thesis\Sim_Results\octane\output\440K\out_OCT_440K_4440_RUN7.log
Temperature     Box Volume      Midpoint        
440             42875           62              
Vap Dens mol/m3 Liq Dens mol/m3 Vapor Pressure  Surface Tension 
110.889         5013.76         0.357311        0.00735213      
Weight Function 
1
1.81327
2.01225
1.88992
1.55399
1.07557
0.49404
-0.168486
-0.891313
-1.65944
-2.45717
-3.27669
-4.11342
-4.95265
-5.79927
-6.6544
-7.49483
-8.33595
-9.17078
-9.99471
-10.8023
-11.5983
-12.3785
-13.1443
-13.8933
-14.6254
-15.3366
-16.0324
-16.7144
-17.3712
-18.0113
-18.6376
-19.2299
-19.8095
-20.3663
-20.9001
-21.4185
-21.9134
-22.3902
-22.8446
-23.2851
-23.7053
-24.1113
-24.4846
-24.8429
-25.1858
-25.5
-25.8002
-26.0781
-26.3372
-26.5798
-26.801
-27.0052
-27.1846
-27.3458
-27.4903
-27.6149
-27.7225
-27.8143
-27.8813
-27.9352
-27.9688
-27.9853
-27.9851
-27.9634
-27.9203
-27.8582
-27.7762
-27.6732
-27.5489
-27.4186
-27.2599
-27.0913
-26.8983
-26.6919
-26.4575
-26.1962
-25.9253
-25.6476
-25.3488
-25.0281
-24.6879
-24.3328
-23.9486
-23.5469
-23.1299
-22.6856
-22.2279
-21.7569
-21.2639
-20.7701
-20.2443
-19.7091
-19.1597
-18.591
-18.0071
-17.413
-16.7916
-16.167
-15.5279
-14.8654
-14.2132
-13.537
-12.8589
-12.1795
-11.4866
-10.7894
-10.1023
-9.41157
-8.7167
-8.01933
-7.33005
-6.65008
-5.95971
-5.29103
-4.63686
-3.99149
-3.36881
-2.77014
-2.20287
-1.65569
-1.14182
-0.675147
-0.220374
0.147
0.483473
0.770146
1.00492
1.16399
1.28667
1.31984
1.24361
1.10809
0.89966
0.591333
0.199807
-0.26812
-0.843746
-1.51327
-2.3601
-3.34693
-4.35335
-5.51028
-6.82761
-8.34243
-9.98206
-11.8871
-13.9357
-16.0916
-18.469
0
0
