Input file: C:\Users\Garrett\Desktop\School\Thesis\Sim_Results\octane\output\440K\out_OCT_440K_4440_RUN5.log
Temperature     Box Volume      Midpoint        
440             42875           62              
Vap Dens mol/m3 Liq Dens mol/m3 Vapor Pressure  Surface Tension 
110.995         5019.88         0.357858        0.00731368      
Weight Function 
1
1.81541
2.01852
1.89294
1.55825
1.07946
0.494771
-0.162217
-0.880505
-1.64029
-2.43128
-3.24717
-4.07446
-4.91185
-5.76033
-6.61242
-7.45571
-8.2965
-9.12649
-9.94577
-10.7501
-11.5478
-12.3301
-13.0914
-13.8408
-14.5738
-15.2781
-15.9687
-16.6405
-17.29
-17.928
-18.5408
-19.1368
-19.7139
-20.2666
-20.805
-21.3212
-21.8202
-22.2948
-22.7516
-23.185
-23.6039
-23.9976
-24.3775
-24.738
-25.0759
-25.3926
-25.6958
-25.9699
-26.2261
-26.4646
-26.6897
-26.8926
-27.0689
-27.2313
-27.3784
-27.5041
-27.6105
-27.6917
-27.7572
-27.7977
-27.8293
-27.8417
-27.8311
-27.8039
-27.7558
-27.6956
-27.61
-27.5006
-27.3782
-27.2513
-27.0895
-26.9052
-26.7135
-26.5022
-26.2639
-26.0137
-25.7479
-25.463
-25.1546
-24.8197
-24.4828
-24.1294
-23.7439
-23.3417
-22.9302
-22.4974
-22.0368
-21.5711
-21.0826
-20.5848
-20.0685
-19.5289
-18.9713
-18.3998
-17.8132
-17.2174
-16.6064
-15.9805
-15.3472
-14.7066
-14.0413
-13.3767
-12.7053
-12.0216
-11.3332
-10.6357
-9.94993
-9.25282
-8.54931
-7.8575
-7.16448
-6.49477
-5.82796
-5.16435
-4.50744
-3.87713
-3.27321
-2.6936
-2.13529
-1.60718
-1.13177
-0.673154
-0.241742
0.12477
0.450882
0.731293
0.950205
1.10832
1.23813
1.29054
1.24365
1.14876
0.983276
0.688388
0.2979
-0.168788
-0.711376
-1.34376
-2.15125
-3.11274
-4.12893
-5.27272
-6.64811
-8.17069
-9.84088
-11.7806
-13.8899
-16.0226
-18.3024
0
0
