Input file: C:\Users\Garrett\Desktop\School\Thesis\Sim_Results\octane\output\440K\out_OCT_440K_4440_RUN6.log
Temperature     Box Volume      Midpoint        
440             42875           62              
Vap Dens mol/m3 Liq Dens mol/m3 Vapor Pressure  Surface Tension 
110.865         5016.17         0.356893        0.00732436      
Weight Function 
1
1.80942
2.00965
1.88417
1.5549
1.07492
0.487848
-0.178727
-0.898303
-1.66088
-2.45355
-3.27063
-4.1038
-4.94748
-5.79505
-6.64093
-7.48301
-8.31898
-9.14706
-9.96243
-10.7722
-11.5645
-12.3433
-13.1017
-13.8534
-14.5799
-15.285
-15.9784
-16.6512
-17.3042
-17.9406
-18.5585
-19.1563
-19.7313
-20.2924
-20.8373
-21.3519
-21.8531
-22.3297
-22.7887
-23.228
-23.6442
-24.0445
-24.4235
-24.7815
-25.1161
-25.4334
-25.734
-26.0144
-26.2694
-26.5106
-26.7354
-26.9363
-27.1174
-27.2822
-27.4287
-27.5524
-27.6517
-27.7366
-27.812
-27.8567
-27.8822
-27.8887
-27.8824
-27.8552
-27.8124
-27.7446
-27.663
-27.5602
-27.4392
-27.3035
-27.1463
-26.9697
-26.7802
-26.5686
-26.3405
-26.0926
-25.8272
-25.5449
-25.2377
-24.9051
-24.5643
-24.2043
-23.824
-23.4284
-23.0108
-22.5761
-22.1253
-21.6569
-21.167
-20.6582
-20.1422
-19.6019
-19.0466
-18.4858
-17.9019
-17.2978
-16.6778
-16.0462
-15.4077
-14.7598
-14.0996
-13.4296
-12.753
-12.0733
-11.3861
-10.7032
-10.0163
-9.31694
-8.62901
-7.93519
-7.23806
-6.55984
-5.88151
-5.22069
-4.56446
-3.93154
-3.32781
-2.74059
-2.18326
-1.65184
-1.15892
-0.689891
-0.265066
0.115759
0.455383
0.759708
0.993633
1.17116
1.26238
1.29161
1.22723
1.10706
0.922981
0.653705
0.27553
-0.223945
-0.856721
-1.5544
-2.31277
-3.22805
-4.27112
-5.5037
-6.80467
-8.34125
-10.0346
-11.8148
-13.7504
-15.9065
-18.24
0
0
