Input file: C:\Users\Garrett\Desktop\School\Thesis\TMMC\Confirmation_Results\Ethane\output\200K\out_ETH_200K_1700_Mie_RUN1.log
Temperature     Box Volume      Midpoint        
200             27000           137             
Vap Dens mol/m3 Liq Dens mol/m3 Vapor Pressure  Surface Tension 
139.613         17390.9         0.220326        0.0149214       
Weight Function 
0
0.717406
0.787911
0.492217
-0.0429777
-0.761072
-1.61607
-2.58006
-3.63036
-4.75095
-5.92674
-7.15734
-8.43283
-9.74033
-11.0808
-12.4451
-13.8277
-15.2222
-16.6259
-18.0367
-19.4524
-20.8828
-22.3084
-23.7239
-25.1435
-26.5479
-27.9469
-29.3399
-30.7225
-32.0907
-33.4449
-34.7887
-36.1188
-37.4299
-38.7267
-40.0093
-41.2747
-42.5188
-43.756
-44.9712
-46.1645
-47.3442
-48.5063
-49.6512
-50.7885
-51.8986
-52.9942
-54.0719
-55.1371
-56.1855
-57.2166
-58.2298
-59.224
-60.2003
-61.1658
-62.1124
-63.0434
-63.9618
-64.8651
-65.7551
-66.6357
-67.4983
-68.3476
-69.1797
-69.9988
-70.8108
-71.5959
-72.3724
-73.1316
-73.8789
-74.6193
-75.3504
-76.0677
-76.7719
-77.4648
-78.142
-78.8073
-79.463
-80.1035
-80.7354
-81.352
-81.9514
-82.5452
-83.1212
-83.6879
-84.2365
-84.7734
-85.2988
-85.8119
-86.3172
-86.8029
-87.2746
-87.7316
-88.1891
-88.6321
-89.0529
-89.4702
-89.8773
-90.2684
-90.6417
-91.015
-91.3692
-91.7077
-92.0324
-92.347
-92.6445
-92.9337
-93.2115
-93.4725
-93.7193
-93.9528
-94.1733
-94.3868
-94.5937
-94.7939
-94.9772
-95.1534
-95.3157
-95.4656
-95.6216
-95.7628
-95.8882
-96.0024
-96.1227
-96.2252
-96.3202
-96.4123
-96.4869
-96.5581
-96.6227
-96.6925
-96.7464
-96.7895
-96.8272
-96.8613
-96.8791
-96.8924
-96.8997
-96.8984
-96.896
-96.8769
-96.8447
-96.8121
-96.7717
-96.7268
-96.6727
-96.5993
-96.5208
-96.4325
-96.3352
-96.2308
-96.112
-95.9739
-95.8232
-95.6614
-95.4993
-95.3331
-95.1401
-94.9432
-94.7429
-94.5276
-94.287
-94.0432
-93.7668
-93.4872
-93.1888
-92.8756
-92.55
-92.2097
-91.8647
-91.4992
-91.1244
-90.7374
-90.3555
-89.9589
-89.5394
-89.1121
-88.6691
-88.2176
-87.7747
-87.2984
-86.8075
-86.3155
-85.803
-85.2747
-84.7422
-84.1888
-83.6106
-83.0265
-82.4463
-81.841
-81.2346
-80.5997
-79.9757
-79.3347
-78.6747
-77.9913
-77.3098
-76.6038
-75.886
-75.1623
-74.4142
-73.6654
-72.8957
-72.1203
-71.3291
-70.5134
-69.6822
-68.8503
-67.9753
-67.0945
-66.2035
-65.3029
-64.3783
-63.4482
-62.4921
-61.5201
-60.543
-59.5524
-58.5495
-57.531
-56.4925
-55.4465
-54.3742
-53.2945
-52.1859
-51.0855
-49.9885
-48.8537
-47.7195
-46.5701
-45.426
-44.2593
-43.1004
-41.9002
-40.7141
-39.5477
-38.3943
-37.2156
-36.0246
-34.8378
-33.6527
-32.4622
-31.28
-30.0901
-28.92
-27.7554
-26.5839
-25.4303
-24.2805
-23.1588
-22.0984
-21.035
-19.9847
-18.9166
-17.8707
-16.8338
-15.8086
-14.7977
-13.843
-12.9382
-12.0073
-11.1329
-10.2367
-9.32753
-8.49242
-7.65812
-6.89391
-6.20771
-5.5394
-4.9003
-4.32859
-3.75159
-3.20268
-2.59017
-2.16687
-1.71836
-1.34126
-1.01185
-0.646547
-0.388841
-0.0988354
-0.0520298
-0.126524
-0.181519
-0.327813
-0.550408
-0.730202
-0.988196
-1.34009
-1.84459
-2.39368
-2.92837
-3.58367
-4.40896
-5.37676
-6.21955
-7.09245
-8.25634
-9.46254
