Input file: C:\Users\Garrett\Documents\School\Thesis\TMMC\Confirmation_Results\Ethane_TraPPE\output\200K\out_ETH_200K_1500_small_RUN1.log
Temperature     Box Volume      Midpoint        
200             8000            39              
Vap Dens mol/m3 Liq Dens mol/m3 Vapor Pressure  Surface Tension 
205.255         17332.5         0.31775         0.0106005       
Weight Function 
0
-0.149157
-0.861013
-1.84997
-3.00113
-4.24638
-5.54754
-6.8779
-8.22005
-9.55701
-10.8868
-12.2022
-13.4927
-14.7491
-15.9674
-17.1431
-18.2809
-19.3803
-20.4258
-21.4282
-22.3874
-23.2951
-24.1541
-24.9657
-25.7248
-26.4329
-27.0917
-27.701
-28.2645
-28.7762
-29.2381
-29.6465
-30.0073
-30.3282
-30.597
-30.8232
-30.9935
-31.1229
-31.1908
-31.2059
-31.1862
-31.1116
-30.9796
-30.8104
-30.5991
-30.3379
-30.0325
-29.6731
-29.2631
-28.8099
-28.2941
-27.7335
-27.1341
-26.4954
-25.8197
-25.0844
-24.3122
-23.5019
-22.6435
-21.7503
-20.8265
-19.8683
-18.8817
-17.8793
-16.8383
-15.7878
-14.7354
-13.6691
-12.5982
-11.5378
-10.4743
-9.43471
-8.40567
-7.40653
-6.44638
-5.51624
-4.64839
-3.86925
-3.13991
-2.46786
-1.92212
-1.48368
-1.15913
-0.98839
-0.988847
-1.053
-1.31836
-1.82182
-2.47157
-3.31743
-4.41349
-5.80584
-7.4991
-9.53976
-11.8867
-14.4209
-17.3335
-20.7415
-24.4515
-28.4661
