Input file: C:\Users\Garrett\Desktop\School\Thesis\TMMC\Confirmation_Results\Ethane\output\200K\out_ETH_200K_1700_Mie_RUN4.log
Temperature     Box Volume      Midpoint        
200             27000           137             
Vap Dens mol/m3 Liq Dens mol/m3 Vapor Pressure  Surface Tension 
140.05          17364.3         0.220342        0.0148118       
Weight Function 
0
0.716311
0.781923
0.491534
-0.0375546
-0.749343
-1.59613
-2.55542
-3.59801
-4.72
-5.89889
-7.13258
-8.40366
-9.70925
-11.0471
-12.4056
-13.7818
-15.1756
-16.5775
-17.9926
-19.4062
-20.8187
-22.235
-23.6481
-25.0643
-26.4697
-27.8674
-29.2558
-30.6286
-31.9951
-33.3535
-34.6941
-36.0194
-37.3219
-38.6142
-39.8927
-41.1567
-42.3945
-43.6134
-44.8138
-46.0009
-47.1748
-48.3339
-49.4799
-50.6027
-51.7049
-52.7891
-53.8649
-54.9228
-55.9669
-56.9893
-58.0044
-58.9993
-59.9739
-60.9294
-61.8754
-62.8102
-63.7254
-64.635
-65.5201
-66.388
-67.2401
-68.087
-68.9185
-69.7376
-70.5395
-71.3284
-72.1005
-72.8639
-73.613
-74.3523
-75.073
-75.7879
-76.4833
-77.176
-77.8572
-78.5273
-79.175
-79.8117
-80.4346
-81.05
-81.6465
-82.2264
-82.7989
-83.3625
-83.9214
-84.458
-84.9749
-85.4888
-85.9869
-86.474
-86.948
-87.4079
-87.8514
-88.2877
-88.6982
-89.1096
-89.5036
-89.889
-90.2631
-90.6214
-90.9646
-91.296
-91.6087
-91.9181
-92.2202
-92.5001
-92.7745
-93.0372
-93.2798
-93.5133
-93.7474
-93.9672
-94.1665
-94.3556
-94.5319
-94.7034
-94.867
-95.0192
-95.1599
-95.2951
-95.4115
-95.5225
-95.6209
-95.7162
-95.8174
-95.8948
-95.9629
-96.0277
-96.0844
-96.1317
-96.1735
-96.2069
-96.2376
-96.2568
-96.265
-96.2727
-96.2748
-96.2594
-96.2438
-96.2201
-96.1931
-96.1585
-96.1077
-96.044
-95.9773
-95.9003
-95.8154
-95.722
-95.6168
-95.496
-95.3686
-95.2264
-95.0785
-94.923
-94.7434
-94.5422
-94.3364
-94.1173
-93.8882
-93.6679
-93.4301
-93.1763
-92.9059
-92.6133
-92.3029
-91.9895
-91.662
-91.3247
-90.9718
-90.6169
-90.23
-89.8305
-89.4335
-89.0147
-88.5917
-88.1487
-87.6914
-87.2288
-86.7504
-86.2665
-85.7689
-85.2693
-84.738
-84.2053
-83.6526
-83.1027
-82.5412
-81.9723
-81.3882
-80.7894
-80.1758
-79.5355
-78.8913
-78.229
-77.5502
-76.8653
-76.1525
-75.4429
-74.7071
-73.9607
-73.2139
-72.4594
-71.692
-70.9135
-70.1112
-69.2844
-68.46
-67.6037
-66.7488
-65.8883
-64.9792
-64.0801
-63.1538
-62.2086
-61.2631
-60.2962
-59.305
-58.2948
-57.2782
-56.239
-55.2
-54.1523
-53.0884
-52.0211
-50.9495
-49.823
-48.6987
-47.5651
-46.4438
-45.3055
-44.1395
-42.9943
-41.8449
-40.6859
-39.5108
-38.3169
-37.1671
-35.9736
-34.8224
-33.6383
-32.4583
-31.2755
-30.1174
-28.9414
-27.7716
-26.6242
-25.4596
-24.3172
-23.1829
-22.0762
-20.9992
-19.885
-18.8125
-17.7455
-16.6905
-15.6662
-14.6772
-13.7205
-12.7917
-11.8417
-10.9447
-10.0812
-9.23361
-8.4187
-7.66409
-6.94888
-6.24587
-5.56336
-4.91634
-4.26113
-3.68102
-3.12931
-2.6156
-2.13769
-1.70178
-1.31096
-0.949953
-0.673342
-0.472431
-0.339719
-0.281608
-0.224796
-0.299085
-0.362674
-0.455862
-0.614051
-0.83484
-1.15203
-1.38352
-1.70781
-2.05439
-2.50828
-3.06137
-3.66596
-4.38925
-5.19984
-6.13333
-7.21691
-8.4646
