Input file: C:\Users\Garrett\Desktop\School\Thesis\TMMC\Confirmation_Results\Ethane\output\200K\out_ETH_200K_1700_Mie_RUN3.log
Temperature     Box Volume      Midpoint        
200             27000           137             
Vap Dens mol/m3 Liq Dens mol/m3 Vapor Pressure  Surface Tension 
140.035         17385.9         0.220653        0.0148364       
Weight Function 
0
0.717205
0.787411
0.498016
-0.033278
-0.748673
-1.60267
-2.56526
-3.61306
-4.73395
-5.91325
-7.14454
-8.41043
-9.71483
-11.0498
-12.4096
-13.7855
-15.1762
-16.5798
-17.9894
-19.3992
-20.8184
-22.2384
-23.6523
-25.0546
-26.4581
-27.8563
-29.2405
-30.6241
-31.9987
-33.3561
-34.699
-36.0196
-37.3304
-38.6276
-39.9105
-41.173
-42.4211
-43.641
-44.8554
-46.0443
-47.2204
-48.3796
-49.5164
-50.6381
-51.751
-52.8419
-53.9162
-54.9707
-56.0064
-57.0289
-58.0328
-59.0217
-59.9966
-60.9614
-61.9144
-62.8472
-63.7606
-64.6631
-65.5492
-66.4226
-67.283
-68.1234
-68.9577
-69.7748
-70.5762
-71.374
-72.157
-72.9188
-73.6624
-74.4051
-75.1278
-75.8332
-76.5295
-77.2255
-77.9024
-78.5668
-79.2094
-79.8441
-80.4807
-81.0913
-81.6845
-82.2627
-82.8365
-83.4093
-83.9652
-84.4987
-85.0321
-85.5459
-86.048
-86.5417
-87.0221
-87.4921
-87.9333
-88.3796
-88.806
-89.2174
-89.6104
-89.9915
-90.3587
-90.7206
-91.0709
-91.4039
-91.7202
-92.0275
-92.3181
-92.5997
-92.867
-93.1137
-93.3455
-93.563
-93.79
-94.0053
-94.2112
-94.3992
-94.5844
-94.7578
-94.9138
-95.0597
-95.2004
-95.3319
-95.4483
-95.5689
-95.6796
-95.7834
-95.8839
-95.9735
-96.0506
-96.1194
-96.1887
-96.2441
-96.2847
-96.323
-96.3441
-96.3643
-96.3877
-96.4075
-96.409
-96.3951
-96.3799
-96.3483
-96.313
-96.2759
-96.2414
-96.1938
-96.1321
-96.0704
-95.9908
-95.9098
-95.808
-95.6842
-95.5671
-95.4202
-95.2791
-95.1129
-94.9343
-94.7582
-94.5686
-94.3636
-94.1402
-93.91
-93.6593
-93.3948
-93.1206
-92.8363
-92.5425
-92.2412
-91.9037
-91.569
-91.2195
-90.8511
-90.4642
-90.0864
-89.6917
-89.2812
-88.8589
-88.4385
-88.0022
-87.5363
-87.0603
-86.5825
-86.0785
-85.5715
-85.0412
-84.5158
-83.9818
-83.4346
-82.8735
-82.3007
-81.6988
-81.0926
-80.4696
-79.8367
-79.1823
-78.538
-77.8758
-77.2011
-76.52
-75.8239
-75.1169
-74.3692
-73.6258
-72.868
-72.0934
-71.3046
-70.4936
-69.689
-68.8457
-67.9852
-67.1223
-66.2484
-65.3713
-64.4663
-63.5545
-62.6175
-61.6652
-60.7029
-59.7301
-58.7385
-57.7348
-56.6993
-55.6539
-54.6094
-53.5464
-52.4566
-51.3708
-50.2588
-49.1397
-48.0336
-46.8884
-45.7453
-44.6031
-43.4427
-42.2606
-41.1057
-39.9279
-38.7521
-37.5746
-36.3769
-35.1857
-34.0087
-32.8094
-31.6373
-30.4573
-29.2937
-28.1441
-26.9981
-25.828
-24.6856
-23.5602
-22.4255
-21.3044
-20.2204
-19.1521
-18.0883
-17.0614
-16.0516
-15.0449
-14.0697
-13.0961
-12.149
-11.2283
-10.3344
-9.44625
-8.63035
-7.83034
-7.05464
-6.29873
-5.57633
-4.90922
-4.28422
-3.67111
-3.1324
-2.6711
-2.22809
-1.84299
-1.46928
-1.19008
-0.924271
-0.613966
-0.42836
-0.283855
-0.217549
-0.178044
-0.254438
-0.374833
-0.514927
-0.712622
-0.881816
-1.20861
-1.63411
-2.1473
-2.75279
-3.43879
-4.11708
-4.95508
-5.83867
-6.70247
-7.74576
-9.08326
