Input file: C:\Users\Garrett\Desktop\School\Thesis\TMMC\Confirmation_Results\Ethane\output\200K\out_ETH_200K_1700_Mie_RUN2.log
Temperature     Box Volume      Midpoint        
200             27000           137             
Vap Dens mol/m3 Liq Dens mol/m3 Vapor Pressure  Surface Tension 
139.826         17384.5         0.220484        0.0148229       
Weight Function 
0
0.71813
0.78726
0.49599
-0.0429805
-0.754951
-1.60532
-2.56279
-3.61086
-4.73053
-5.9112
-7.14127
-8.40894
-9.71021
-11.0465
-12.4051
-13.783
-15.1779
-16.5795
-17.9881
-19.3988
-20.814
-22.2333
-23.6461
-25.0579
-26.4645
-27.8613
-29.2478
-30.6218
-31.9846
-33.337
-34.678
-36.0028
-37.3063
-38.5947
-39.8732
-41.1244
-42.363
-43.5872
-44.7911
-45.9707
-47.1499
-48.2957
-49.432
-50.5505
-51.6528
-52.7403
-53.8106
-54.8632
-55.904
-56.9293
-57.9389
-58.9369
-59.9205
-60.8875
-61.8405
-62.7654
-63.687
-64.5975
-65.4807
-66.3528
-67.2165
-68.0649
-68.9012
-69.7187
-70.5242
-71.3202
-72.1013
-72.8636
-73.6159
-74.3525
-75.0816
-75.7899
-76.4856
-77.1724
-77.8443
-78.509
-79.1533
-79.7824
-80.4096
-81.0264
-81.6198
-82.2099
-82.784
-83.3478
-83.9032
-84.4419
-84.9717
-85.4891
-85.9906
-86.4759
-86.9499
-87.4164
-87.8567
-88.2937
-88.7106
-89.1221
-89.5168
-89.8995
-90.2728
-90.631
-90.9809
-91.3092
-91.6241
-91.9309
-92.2337
-92.5112
-92.7824
-93.0339
-93.2756
-93.505
-93.7297
-93.9458
-94.145
-94.3323
-94.5086
-94.6779
-94.8447
-94.9961
-95.1359
-95.2745
-95.4035
-95.5209
-95.6268
-95.7282
-95.8217
-95.9017
-95.9835
-96.0596
-96.1101
-96.1591
-96.2048
-96.2475
-96.2851
-96.3081
-96.3136
-96.322
-96.3334
-96.3286
-96.3126
-96.2936
-96.265
-96.2226
-96.1772
-96.1121
-96.0357
-95.9643
-95.8804
-95.781
-95.6712
-95.551
-95.4297
-95.2911
-95.1421
-94.9964
-94.8342
-94.6517
-94.462
-94.2535
-94.0393
-93.8078
-93.5552
-93.2895
-93.0158
-92.7306
-92.4358
-92.1137
-91.7961
-91.4616
-91.1335
-90.7654
-90.3961
-90.0176
-89.6243
-89.2142
-88.7895
-88.3462
-87.8916
-87.4356
-86.9837
-86.4928
-85.9978
-85.4801
-84.9701
-84.4391
-83.8902
-83.3313
-82.7827
-82.2084
-81.6184
-81.0143
-80.4028
-79.7722
-79.1313
-78.4695
-77.7939
-77.1136
-76.4239
-75.718
-74.9973
-74.2643
-73.5053
-72.7439
-71.9817
-71.2024
-70.3991
-69.5769
-68.745
-67.9207
-67.0649
-66.1737
-65.2737
-64.3591
-63.4498
-62.5204
-61.5686
-60.5992
-59.6149
-58.6208
-57.6104
-56.6038
-55.5597
-54.5162
-53.4498
-52.3812
-51.3006
-50.2117
-49.1057
-47.9798
-46.8618
-45.7169
-44.5675
-43.4166
-42.2609
-41.098
-39.9041
-38.707
-37.516
-36.3156
-35.1312
-33.9285
-32.7419
-31.5668
-30.4105
-29.2478
-28.0967
-26.9139
-25.7811
-24.6569
-23.5177
-22.3967
-21.2983
-20.2023
-19.1225
-18.0254
-16.9983
-15.9593
-14.9539
-13.9795
-13.0027
-12.0553
-11.1568
-10.255
-9.36555
-8.54692
-7.77619
-7.02596
-6.29733
-5.5743
-4.87427
-4.26774
-3.64771
-3.10688
-2.60155
-2.13302
-1.76019
-1.39326
-1.05673
-0.797498
-0.560068
-0.444438
-0.438508
-0.368079
-0.315149
-0.202419
-0.297889
-0.491959
-0.676629
-0.894799
-1.24027
-1.64404
-2.08961
-2.58078
-3.19915
-3.95752
-4.64299
-5.45426
-6.41043
-7.4408
-8.62597
