Input file: out_ETH_200K_0700_small_RUN1.log
Temperature     Box Volume      Midpoint        
200             27000           46              
Vap Dens mol/m3 Liq Dens mol/m3 Vapor Pressure  Surface Tension 
27.3613         5754.88         0.0130145       0.0062142       
Weight Function 
0
-3.12461
-6.24923
-5.40644
-4.13276
-2.92527
-6.04989
-4.5198
-7.64442
-6.30173
-9.42634
-12.551
-15.6756
-14.2579
-17.3825
-16.1445
-15.1736
-18.2982
-16.8555
-16.2425
-19.3671
-22.4917
-20.3714
-22.0411
-25.1657
-22.778
-25.9026
-29.0272
-26.0231
-23.3979
-26.5225
-29.6471
-25.7431
-28.8677
-31.9923
-35.1169
-31.8341
-34.9587
-30.1097
-33.2343
-28.8179
-25.5567
-28.6813
-31.8059
-34.9305
-38.0552
-41.1798
-36.2649
-34.8796
-32.1206
-35.2452
-30.3504
-33.4751
-29.4142
-32.5388
-30.2097
-28.8398
-24.1365
-27.2611
-22.81
-20.5103
-23.6349
-19.3702
-17.8311
-16.9392
-16.7455
-14.5719
-9.43347
-10.7241
-9.0999
-11.4622
-8.22343
-9.66364
-11.4323
-11.4019
-12.7417
-9.7799
-11.457
-10.2437
-12.1801
-15.1499
-16.4471
-18.0504
-17.7713
-14.6707
-12.773
-10.7763
-8.33076
-6.83138
-5.02359
-3.5194
-2.49262
-1.93923
-1.34285
-1.35476
-1.35678
-2.74419
-3.86281
-4.90852
-6.56334
-8.32655
-10.6867
-13.7975
-17.0553
-21.7179
-26.3278
-32.9841
-38.6592
