Input file: 200K\out_ETH_200K_1700_RUN3.log
Temperature     Box Volume      Midpoint        
200             27000           135             
Vap Dens mol/m3 Liq Dens mol/m3 Vapor Pressure  Surface Tension 
193.689         17368.4         0.30035         0.0133965       
Weight Function 
0
1.01113
1.37206
1.37229
1.12292
0.692851
0.125081
-0.561588
-1.34126
-2.19653
-3.1196
-4.09577
-5.11854
-6.18001
-7.27468
-8.39285
-9.53662
-10.7018
-11.8901
-13.0928
-14.2962
-15.513
-16.7434
-17.9796
-19.2171
-20.4542
-21.6886
-22.9197
-24.1453
-25.3661
-26.5816
-27.7845
-28.977
-30.1731
-31.3479
-32.5172
-33.6741
-34.8204
-35.957
-37.0772
-38.182
-39.2754
-40.3579
-41.4262
-42.4855
-43.5283
-44.5523
-45.5695
-46.574
-47.5583
-48.5261
-49.4792
-50.4201
-51.3506
-52.2691
-53.1674
-54.0581
-54.9324
-55.7892
-56.6332
-57.4634
-58.2805
-59.0866
-59.8694
-60.6434
-61.4131
-62.1618
-62.9062
-63.6306
-64.342
-65.0473
-65.7327
-66.4058
-67.0686
-67.7242
-68.3674
-68.9987
-69.6161
-70.2198
-70.813
-71.3973
-71.967
-72.5263
-73.073
-73.6081
-74.1321
-74.6405
-75.1446
-75.6332
-76.1131
-76.5817
-77.0384
-77.4821
-77.9122
-78.3285
-78.7374
-79.1323
-79.5221
-79.9016
-80.2677
-80.6167
-80.9547
-81.285
-81.6026
-81.9068
-82.2015
-82.4911
-82.7636
-83.0229
-83.276
-83.516
-83.7384
-83.9535
-84.1604
-84.358
-84.5374
-84.7146
-84.8851
-85.0429
-85.194
-85.3407
-85.4745
-85.5922
-85.7069
-85.81
-85.9103
-86.0013
-86.0743
-86.1521
-86.2132
-86.2674
-86.3102
-86.3464
-86.3667
-86.3792
-86.3911
-86.39
-86.3791
-86.3597
-86.3277
-86.293
-86.2444
-86.1991
-86.1355
-86.0492
-85.9645
-85.873
-85.7689
-85.6534
-85.5298
-85.3944
-85.2458
-85.0855
-84.9126
-84.7298
-84.5319
-84.3345
-84.1302
-83.9048
-83.6715
-83.421
-83.1684
-82.9005
-82.6259
-82.334
-82.0329
-81.7217
-81.3845
-81.0476
-80.7092
-80.3522
-79.9893
-79.604
-79.2112
-78.8111
-78.3929
-77.9721
-77.5369
-77.0863
-76.6282
-76.1706
-75.6941
-75.1992
-74.7001
-74.1841
-73.6555
-73.12
-72.5628
-71.9949
-71.4221
-70.8338
-70.2416
-69.6385
-69.0159
-68.3816
-67.7287
-67.0631
-66.389
-65.6984
-64.9986
-64.2871
-63.5577
-62.8302
-62.0784
-61.3083
-60.5492
-59.7572
-58.9581
-58.1453
-57.3271
-56.4871
-55.6232
-54.7374
-53.8637
-52.9713
-52.0716
-51.1642
-50.2549
-49.3262
-48.3805
-47.4449
-46.4716
-45.5041
-44.5252
-43.5399
-42.5534
-41.5666
-40.5586
-39.5518
-38.5295
-37.5091
-36.4658
-35.4458
-34.4165
-33.3963
-32.3806
-31.3593
-30.3383
-29.2997
-28.298
-27.2946
-26.2918
-25.2834
-24.2904
-23.2996
-22.3295
-21.3728
-20.414
-19.4779
-18.5432
-17.6171
-16.7056
-15.8129
-14.9249
-14.0598
-13.2083
-12.3825
-11.5619
-10.7691
-9.98897
-9.23564
-8.45001
-7.76007
-7.05344
-6.35991
-5.70468
-5.04305
-4.45602
-3.90839
-3.38406
-2.88003
-2.3864
-1.93207
-1.51274
-1.12021
-0.795982
-0.517051
-0.242421
-0.0283908
0.171439
0.33017
0.407
0.47223
0.49996
0.449191
0.335321
0.191351
0.0455814
-0.185388
-0.496358
-0.804028
-1.2161
-1.71587
-2.26404
-2.88521
-3.50318
-4.25875
-5.00722
-5.90079
-6.76846
