Input file: C:\Users\Garrett\Desktop\School\Thesis\Sim_Results\octane\output\530K\out_OCT_530K_4550_RUN6.log
Temperature     Box Volume      Midpoint        
530             42875           56              
Vap Dens mol/m3 Liq Dens mol/m3 Vapor Pressure  Surface Tension 
613.564         3861.15         1.66126         0.00132784      
Weight Function 
1
2.97129
4.30349
5.28648
6.03448
6.60557
7.04146
7.37576
7.62215
7.80084
7.91224
7.97903
8.00913
8.00512
7.97171
7.91181
7.8331
7.73609
7.62189
7.49988
7.36288
7.21757
7.06396
6.91126
6.75475
6.59375
6.43294
6.27153
6.10663
5.94652
5.78681
5.62521
5.4689
5.3114
5.16319
5.01808
4.87978
4.74537
4.61657
4.49566
4.37965
4.27185
4.17044
4.06943
3.97923
3.89332
3.81732
3.74671
3.678
3.6235
3.57109
3.52878
3.49708
3.46797
3.45117
3.43896
3.43195
3.43445
3.45304
3.47014
3.49693
3.53362
3.56902
3.61141
3.6688
3.7222
3.78959
3.86689
3.93908
4.01967
4.10517
4.19676
4.30125
4.41105
4.52804
4.64754
4.76533
4.88872
5.01922
5.14701
5.28541
5.4218
5.56859
5.71409
5.85098
5.99167
6.13137
6.27636
6.41876
6.55365
6.68794
6.82134
6.95233
7.06602
7.18382
7.29021
7.38611
7.4699
7.54699
7.62289
7.67998
7.71848
7.73937
7.74646
7.73986
7.70845
7.66354
7.58264
7.47483
7.33663
7.16892
6.97901
6.74981
6.4908
6.1865
5.83899
5.43368
5.00398
4.52847
3.99186
3.40406
2.75435
2.06305
1.28144
0.437133
-0.494373
-1.50578
-2.60689
-3.79879
-5.0729
0
0
