Input file: C:\Users\Garrett\Desktop\School\Thesis\Sim_Results\octane\output\530K\out_OCT_530K_4550_RUN8.log
Temperature     Box Volume      Midpoint        
530             42875           56              
Vap Dens mol/m3 Liq Dens mol/m3 Vapor Pressure  Surface Tension 
612.727         3859.7          1.66209         0.00132339      
Weight Function 
1
2.97842
4.31213
5.29325
6.03647
6.61018
7.0493
7.37961
7.62833
7.80725
7.92526
7.99568
8.0246
8.01571
7.98093
7.91725
7.83736
7.73698
7.61989
7.49221
7.35433
7.21034
7.06296
6.91368
6.75159
6.58911
6.42503
6.26274
6.10046
5.93637
5.77649
5.61711
5.46562
5.31734
5.17056
5.02787
4.88969
4.75901
4.63072
4.50984
4.39355
4.28737
4.18119
4.0811
3.98732
3.90604
3.83055
3.76287
3.70419
3.6513
3.60352
3.56184
3.52415
3.50047
3.47948
3.4662
3.46292
3.46583
3.47445
3.49337
3.51728
3.5492
3.58932
3.63223
3.68165
3.73786
3.80608
3.875
3.95291
4.03873
4.13405
4.22246
4.32178
4.424
4.53451
4.65193
4.76704
4.89076
5.02258
5.15259
5.28761
5.42943
5.57324
5.71556
5.85268
5.99699
6.13891
6.28422
6.41694
6.55196
6.68727
6.81789
6.94571
7.06822
7.18364
7.29306
7.39537
7.48389
7.5666
7.63092
7.69014
7.73545
7.75637
7.76309
7.7459
7.72612
7.66484
7.58435
7.46587
7.34118
7.1765
6.97642
6.74133
6.45805
6.14607
5.79148
5.3951
4.95202
4.47343
3.92895
3.33296
2.68318
1.9693
1.17661
0.31943
-0.609853
-1.62984
-2.73822
-3.9258
-5.19099
0
0
