Input file: C:\Users\Garrett\Desktop\School\Thesis\Sim_Results\octane\output\530K\out_OCT_530K_4550_RUN5.log
Temperature     Box Volume      Midpoint        
530             42875           57              
Vap Dens mol/m3 Liq Dens mol/m3 Vapor Pressure  Surface Tension 
613.192         3864.39         1.66253         0.00132791      
Weight Function 
1
2.9756
4.31359
5.29209
6.03748
6.61238
7.05018
7.38607
7.63407
7.81106
7.92796
8.00076
8.02645
8.01735
7.98164
7.92144
7.84134
7.73943
7.62563
7.49472
7.35692
7.21371
7.06291
6.90301
6.7417
6.5875
6.42719
6.26329
6.09569
5.93298
5.77458
5.61377
5.45697
5.30387
5.15786
5.01556
4.87975
4.75265
4.63015
4.51014
4.39564
4.29003
4.18273
4.08573
3.99532
3.91472
3.83801
3.76571
3.70941
3.6574
3.604
3.55849
3.52389
3.49029
3.46758
3.45938
3.44997
3.44987
3.46086
3.47916
3.49976
3.52885
3.56915
3.61554
3.67064
3.72934
3.79353
3.86223
3.93882
4.02222
4.11272
4.20821
4.31171
4.4226
4.535
4.6545
4.77869
4.90119
5.02488
5.15778
5.28538
5.41727
5.55437
5.69506
5.83976
5.97836
6.12525
6.27355
6.40734
6.54204
6.67734
6.81033
6.93643
7.06122
7.17482
7.28702
7.39211
7.48521
7.5613
7.6313
7.68779
7.73249
7.75839
7.76538
7.75368
7.72467
7.67547
7.60087
7.49586
7.35926
7.19235
6.98425
6.76215
6.49414
6.18594
5.83363
5.43613
4.99603
4.50692
3.95522
3.35781
2.69011
1.96571
1.1632
0.292898
-0.639106
-1.64411
-2.73891
-3.92272
-5.17582
0
0
