Input file: C:\Users\Garrett\Desktop\School\Thesis\Sim_Results\octane\output\530K\out_OCT_530K_4550_RUN7.log
Temperature     Box Volume      Midpoint        
530             42875           56              
Vap Dens mol/m3 Liq Dens mol/m3 Vapor Pressure  Surface Tension 
611.943         3857.99         1.66194         0.00132728      
Weight Function 
1
2.97526
4.31631
5.29797
6.04212
6.60918
7.04944
7.37939
7.62735
7.80701
7.92776
8.00092
8.02817
8.01583
7.97959
7.91704
7.8356
7.73446
7.61961
7.49297
7.35292
7.20578
7.05404
6.90269
6.74465
6.58081
6.41956
6.25862
6.10217
5.93983
5.78169
5.62564
5.4697
5.31876
5.16561
5.01887
4.87942
4.74938
4.61874
4.49479
4.37965
4.27321
4.16646
4.06772
3.97367
3.88913
3.81319
3.74554
3.6829
3.62645
3.58101
3.54317
3.50992
3.48688
3.46964
3.45789
3.45165
3.4571
3.46646
3.48702
3.51757
3.55373
3.59219
3.63514
3.689
3.74805
3.81441
3.88947
3.96682
4.05088
4.14684
4.23989
4.34065
4.4447
4.55566
4.67502
4.79147
4.91033
5.03479
5.16624
5.2989
5.44095
5.57221
5.71267
5.85172
5.99468
6.13293
6.27589
6.41665
6.5536
6.68916
6.82372
6.95187
7.07573
7.18498
7.29234
7.3914
7.48645
7.57101
7.63947
7.69372
7.73958
7.76303
7.76279
7.74775
7.7097
7.66136
7.57552
7.46457
7.33273
7.16568
6.96574
6.7231
6.45125
6.14001
5.78157
5.38012
4.94198
4.44123
3.88649
3.26855
2.5966
1.88696
1.10392
0.239071
-0.696772
-1.70952
-2.77516
-3.9695
-5.23555
0
0
