Input file: C:\Users\Garrett\Desktop\School\Thesis\TMMC\Confirmation_Results\Isobutane_Mie\350K\out_ISB_350K_2915_RUN4.log
Temperature     Box Volume      Midpoint        
350             27000           69              
Vap Dens mol/m3 Liq Dens mol/m3 Vapor Pressure  Surface Tension 
670.522         8163.61         1.47368         0.00325207      
Weight Function 
1
2.89576
4.14413
5.03339
5.67845
6.14452
6.47128
6.68884
6.8154
6.86777
6.85933
6.79279
6.68516
6.53982
6.35978
6.15455
5.92821
5.67907
5.41703
5.1348
4.84456
4.54172
4.23419
3.92035
3.59901
3.27608
2.95044
2.6236
2.29846
1.97483
1.65309
1.33125
1.00972
0.698279
0.389642
0.0847051
-0.212832
-0.506569
-0.793106
-1.07064
-1.34558
-1.60772
-1.86485
-2.11309
-2.35213
-2.58236
-2.81
-3.02974
-3.23918
-3.44051
-3.62645
-3.80629
-3.97892
-4.13996
-4.2924
-4.43563
-4.56657
-4.68751
-4.80515
-4.91138
-5.00632
-5.09636
-5.17169
-5.23543
-5.29147
-5.3361
-5.37274
-5.39308
-5.41122
-5.41785
-5.41489
-5.39893
-5.37456
-5.3409
-5.29844
-5.24507
-5.18511
-5.11225
-5.03509
-4.94572
-4.84736
-4.736
-4.61493
-4.48677
-4.34891
-4.20794
-4.05278
-3.88972
-3.71716
-3.53739
-3.34723
-3.14967
-2.9467
-2.73104
-2.50788
-2.28041
-2.04555
-1.80889
-1.56363
-1.31356
-1.06
-0.799237
-0.536474
-0.269811
0.00725242
0.285715
0.567678
0.852741
1.1395
1.42527
1.71243
1.99469
2.28526
2.57232
2.85848
3.14255
3.41291
3.68667
3.95393
4.2127
4.45846
4.70092
4.92619
5.15205
5.36591
5.56858
5.75294
5.9274
6.06776
6.19753
6.30479
6.39645
6.45992
6.49768
6.52414
6.50391
6.45827
6.37313
6.26989
6.12176
5.92252
5.69128
5.41765
5.10001
4.73247
4.30404
3.8423
3.33566
2.76892
2.14919
1.46395
0.704414
-0.122323
-1.02286
-1.9871
-3.02693
-4.14657
-5.35411
-6.61325
-7.98178
-9.45832
-11.035
-12.6867
-14.5262
-16.4453
-18.4944
-20.6363
-22.8765
-25.1911
-27.7048
-30.2904
-33.0421
-35.9485
-39.0575
-42.2931
-45.4997
-48.9254
-52.4968
-56.3669
-60.3481
0
0
