Input file: C:\Users\Garrett\Desktop\School\Thesis\TMMC\Confirmation_Results\Isobutane_Mie\350K\out_ISB_350K_2915_RUN2.log
Temperature     Box Volume      Midpoint        
350             27000           69              
Vap Dens mol/m3 Liq Dens mol/m3 Vapor Pressure  Surface Tension 
672.88          8155.07         1.47876         0.003245        
Weight Function 
1
2.89659
4.14849
5.03918
5.68747
6.15616
6.48616
6.70755
6.83864
6.89323
6.88593
6.82482
6.72071
6.5788
6.4037
6.19779
5.96628
5.71737
5.45157
5.16936
4.87895
4.58005
4.26824
3.95183
3.63432
3.31082
2.98731
2.6596
2.33209
2.00669
1.68218
1.36237
1.04306
0.728757
0.419849
0.117342
-0.181866
-0.474073
-0.75938
-1.03839
-1.3126
-1.574
-1.82771
-2.08072
-2.32602
-2.56193
-2.78814
-3.00355
-3.21275
-3.41596
-3.60717
-3.78678
-3.95828
-4.11669
-4.266
-4.40571
-4.53311
-4.65412
-4.76393
-4.86784
-4.96444
-5.04905
-5.12256
-5.18776
-5.24137
-5.28738
-5.32139
-5.34569
-5.36
-5.37051
-5.36672
-5.34932
-5.32023
-5.28884
-5.24595
-5.19265
-5.12746
-5.05387
-4.96758
-4.87708
-4.77619
-4.6651
-4.5447
-4.41781
-4.28132
-4.13793
-3.98023
-3.81434
-3.63845
-3.45786
-3.26556
-3.06957
-2.86488
-2.64999
-2.43149
-2.2047
-1.97031
-1.73352
-1.48882
-1.23913
-0.984838
-0.718345
-0.445652
-0.17676
0.100233
0.379426
0.659318
0.935711
1.2192
1.5056
1.78869
2.07568
2.35947
2.65157
2.93476
3.21325
3.48624
3.75694
4.01923
4.27542
4.52211
4.76861
5.0017
5.22419
5.43459
5.62778
5.81257
5.97246
6.11846
6.24955
6.35624
6.43643
6.49853
6.53552
6.54071
6.5154
6.4609
6.37659
6.25528
6.09697
5.91117
5.68476
5.42055
5.11395
4.76584
4.37763
3.91042
3.38732
2.81521
2.1976
1.49179
0.756386
-0.0492212
-0.937429
-1.88844
-2.90884
-4.05075
-5.28846
-6.57747
-7.93037
-9.39048
-10.9401
-12.5988
-14.3671
-16.2588
-18.1746
-20.2447
-22.4841
-24.8872
-27.3669
-29.9324
-32.6471
-35.565
-38.7245
-42.0654
-45.2645
-48.7195
-52.4531
-56.1203
-59.8706
0
0
