Input file: C:\Users\Garrett\Desktop\School\Thesis\TMMC\Confirmation_Results\Isobutane_Mie\350K\out_ISB_350K_2915_RUN3.log
Temperature     Box Volume      Midpoint        
350             27000           69              
Vap Dens mol/m3 Liq Dens mol/m3 Vapor Pressure  Surface Tension 
673.515         8167.44         1.47689         0.00324858      
Weight Function 
1
2.89568
4.14487
5.03345
5.67924
6.14472
6.4749
6.69339
6.82467
6.88046
6.87494
6.81723
6.71081
6.56369
6.38728
6.18556
5.95955
5.71263
5.44871
5.1691
4.87848
4.57967
4.27035
3.95383
3.63442
3.3115
2.98879
2.66207
2.33625
2.01344
1.69052
1.37121
1.05349
0.738875
0.429159
0.124644
-0.176772
-0.469288
-0.754004
-1.03052
-1.30184
-1.57025
-1.83127
-2.07968
-2.3241
-2.55962
-2.78523
-3.00275
-3.20816
-3.40478
-3.59409
-3.77651
-3.94973
-4.11144
-4.26196
-4.40877
-4.54169
-4.66701
-4.78562
-4.89154
-4.98845
-5.07157
-5.14749
-5.2096
-5.26522
-5.31213
-5.35005
-5.37837
-5.39098
-5.3957
-5.38401
-5.36603
-5.34024
-5.30316
-5.25528
-5.20269
-5.14091
-5.07082
-4.98964
-4.89416
-4.79477
-4.67949
-4.5555
-4.42572
-4.29364
-4.14555
-3.99337
-3.82548
-3.6526
-3.47502
-3.28773
-3.09275
-2.88736
-2.67578
-2.45479
-2.22631
-1.99423
-1.75604
-1.50786
-1.25687
-0.99989
-0.737806
-0.472822
-0.200338
0.0740464
0.354231
0.635415
0.920199
1.20708
1.48547
1.76665
2.05434
2.34012
2.6282
2.91089
3.18517
3.45876
3.71914
3.98112
4.23041
4.47589
4.71578
4.94876
5.17164
5.37663
5.56761
5.7582
5.91588
6.07256
6.20335
6.31403
6.40232
6.4722
6.51589
6.52977
6.51735
6.47894
6.39862
6.28081
6.13509
5.95197
5.74296
5.47764
5.16083
4.81661
4.39649
3.93938
3.42286
2.85375
2.23553
1.54342
0.801999
-0.00231675
-0.897233
-1.86175
-2.91606
-4.04868
-5.2918
-6.57101
-7.94703
-9.42704
-11.0433
-12.7426
-14.5998
-16.5307
-18.5397
-20.6678
-22.8904
-25.1739
-27.6208
-30.1898
-32.9387
-35.754
-38.8278
-41.9786
-45.3266
-48.8553
-52.7998
-56.7827
-60.7003
0
0
