Input file: C:\Users\Garrett\Desktop\School\Thesis\TMMC\Confirmation_Results\Isobutane_Mie\350K\out_ISB_350K_2915_RUN1.log
Temperature     Box Volume      Midpoint        
350             27000           69              
Vap Dens mol/m3 Liq Dens mol/m3 Vapor Pressure  Surface Tension 
672.872         8167.75         1.47733         0.00324352      
Weight Function 
1
2.89624
4.14768
5.03813
5.68517
6.15441
6.48295
6.7026
6.83064
6.88458
6.87332
6.81227
6.70751
6.56535
6.39149
6.18884
5.96108
5.71202
5.44716
5.16921
4.87755
4.57519
4.26593
3.95557
3.63742
3.31426
2.9924
2.66914
2.34539
2.02233
1.69627
1.37331
1.05616
0.742399
0.435541
0.129883
-0.166374
-0.459732
-0.747589
-1.03035
-1.3058
-1.57286
-1.83192
-2.07708
-2.31624
-2.55359
-2.78185
-2.99731
-3.20567
-3.40572
-3.59498
-3.77174
-3.9442
-4.10405
-4.25391
-4.39097
-4.52593
-4.65118
-4.76254
-4.864
-4.95856
-5.04071
-5.11607
-5.18083
-5.24039
-5.28835
-5.3251
-5.35356
-5.36912
-5.37178
-5.36523
-5.35239
-5.32765
-5.29271
-5.24926
-5.19732
-5.13118
-5.05614
-4.97599
-4.88605
-4.78771
-4.67437
-4.55712
-4.42648
-4.29014
-4.1444
-3.98806
-3.82221
-3.64777
-3.46883
-3.27769
-3.07974
-2.8752
-2.66746
-2.45292
-2.23127
-1.99863
-1.76399
-1.52105
-1.2685
-1.00836
-0.750019
-0.485777
-0.215735
0.0567079
0.33215
0.615393
0.900435
1.18158
1.46532
1.75146
2.0373
2.32415
2.60879
2.88623
3.15667
3.43222
3.70056
3.9648
4.21944
4.46979
4.71833
4.94777
5.16781
5.38036
5.5774
5.76414
5.92608
6.07213
6.20247
6.31291
6.40865
6.47289
6.51074
6.53578
6.53122
6.48646
6.41261
6.29205
6.14499
5.95403
5.72058
5.45832
5.14546
4.7964
4.38945
3.95279
3.45033
2.88737
2.24582
1.56596
0.8121
-0.0145577
-0.889815
-1.85197
-2.86753
-3.96259
-5.16185
-6.3842
-7.74096
-9.18892
-10.7613
-12.4498
-14.2397
-16.1109
-18.0552
-20.102
-22.2782
-24.5397
-27.0041
-29.615
-32.3289
-35.3057
-38.4465
-41.6196
-44.9742
-48.4995
-52.204
-55.958
-60.0254
0
0
