Input file: C:\Users\Garrett\Desktop\School\Thesis\TMMC\Confirmation_Results\Perfluoroethane\output\220K\out_PERETH_220K_1900_Mie_RUN2.log
Temperature     Box Volume      Midpoint        
220             27000           75              
Vap Dens mol/m3 Liq Dens mol/m3 Vapor Pressure  Surface Tension 
227.401         9474.86         0.356158        0.00667571      
Weight Function 
0
0.956596
1.36259
1.50529
1.41028
1.13278
0.717375
0.17117
-0.437034
-1.13824
-1.86474
-2.60005
-3.32805
-4.16936
-4.97116
-5.83886
-6.67537
-7.50627
-8.28108
-9.11518
-9.90198
-10.8569
-11.6713
-12.7142
-13.5496
-14.3947
-15.1508
-16.0195
-16.8877
-17.6996
-18.3936
-19.0342
-19.7711
-20.5177
-21.2623
-21.913
-22.5538
-23.2326
-23.8398
-24.2524
-24.7698
-25.3452
-25.9758
-26.8759
-27.4766
-28.0216
-28.6142
-29.2616
-29.7634
-30.2084
-31.2434
-31.5205
-31.4953
-31.988
-32.2672
-32.3234
-32.7858
-33.3768
-33.5624
-34.2315
-35.2228
-34.3696
-34.0217
-33.933
-34.2893
-34.8413
-34.2092
-34.0468
-35.4399
-35.9244
-36.4089
-36.8934
-37.3779
-37.3596
-37.8441
-38.3286
-34.1109
-33.9283
-33.8055
-33.7775
-34.0059
-33.9585
-35.0741
-32.0563
-32.5408
-29.6036
-30.0881
-26.8848
-27.3693
-23.9891
-23.2342
-22.6627
-22.9157
-23.8534
-23.485
-23.9969
-23.9582
-24.7269
-25.0873
-24.7279
-25.2124
-23.7385
-24.1448
-24.6293
-25.1138
-25.5983
-26.0828
-26.5674
-25.2136
-25.2031
-24.1851
-18.5823
-17.3621
-17.1749
-17.0768
-17.1743
-17.6041
-17.5455
-16.0038
-15.2853
-15.3607
-15.8086
-15.7277
-14.3683
-14.2256
-13.1222
-12.4069
-11.3731
-11.6413
-12.7698
-11.8372
-10.8048
-8.36206
-6.67936
-6.52877
-7.23847
-7.02658
-6.86608
-5.63718
-5.56019
-3.83859
-3.5149
-4.5941
-4.85871
-2.87821
-0.453015
-0.340619
-0.309423
0.831773
0.114068
0.322064
0.02326
0.387556
0.239752
0.359947
0.958943
0.788639
0.516635
-0.45147
-0.120074
-0.633778
-0.538882
-0.721687
-0.660591
-1.1012
-1.1548
-1.749
-1.65591
-2.05141
-2.41942
-3.00522
-4.57202
-4.51283
-4.04983
-3.98174
-4.08904
-5.06465
-5.86275
-6.24505
-6.92216
-8.28246
-8.91257
-9.39737
-10.1618
-10.3164
-11.304
-12.2824
-13.3618
-14.236
-15.747
-16.7108
-18.2603
-19.8907
-21.8258
