Input file: C:\Users\Garrett\Desktop\School\Thesis\TMMC\Confirmation_Results\Perfluoroethane\output\220K\out_PERETH_220K_1900_Mie_RUN3.log
Temperature     Box Volume      Midpoint        
220             27000           85              
Vap Dens mol/m3 Liq Dens mol/m3 Vapor Pressure  Surface Tension 
207.848         10809.9         0.342742        0.00751349      
Weight Function 
0
1.02046
1.40551
1.43997
1.24493
0.880383
0.39054
-0.198504
-0.863847
-1.58749
-2.36933
-3.19068
-4.04702
-4.92736
-5.82621
-6.74055
-7.66439
-8.59454
-9.53508
-10.4732
-11.4153
-12.3488
-13.2775
-14.203
-15.1235
-16.0322
-16.9315
-17.8146
-18.6909
-19.5545
-20.4038
-21.2427
-22.067
-22.8838
-23.6812
-24.4561
-25.2184
-25.9672
-26.6954
-27.4048
-28.1002
-28.7889
-29.4559
-30.1075
-30.7464
-31.3692
-31.9787
-32.569
-33.1401
-33.7051
-34.2503
-34.7791
-35.2878
-35.7744
-36.2522
-36.7142
-37.1646
-37.5906
-38.0075
-38.407
-38.7876
-39.1549
-39.5033
-39.8371
-40.1496
-40.4494
-40.7412
-41.0078
-41.2623
-41.5071
-41.7345
-41.9392
-42.1395
-42.3244
-42.4947
-42.6579
-42.796
-42.9259
-43.0372
-43.14
-43.2168
-43.2866
-43.3429
-43.3746
-43.3969
-43.4047
-43.398
-43.3768
-43.341
-43.2903
-43.2313
-43.1492
-43.0517
-42.9425
-42.8144
-42.6835
-42.5304
-42.3645
-42.1873
-41.9858
-41.7703
-41.5448
-41.3023
-41.0414
-40.7621
-40.4742
-40.1714
-39.8441
-39.5129
-39.1669
-38.8026
-38.4235
-38.0321
-37.6252
-37.2052
-36.7683
-36.3162
-35.8462
-35.3631
-34.8511
-34.3299
-33.7965
-33.2553
-32.693
-32.1099
-31.5189
-30.9118
-30.2869
-29.6577
-29.0083
-28.3602
-27.6857
-26.9938
-26.293
-25.5895
-24.8659
-24.1276
-23.3829
-22.627
-21.8528
-21.0529
-20.2684
-19.467
-18.6785
-17.8803
-17.0898
-16.2906
-15.4791
-14.6637
-13.8595
-13.0659
-12.2619
-11.467
-10.6578
-9.86798
-9.10983
-8.35447
-7.61291
-6.87186
-6.1619
-5.48845
-4.80639
-4.14273
-3.53928
-2.97692
-2.44776
-1.93341
-1.50105
-1.05809
-0.676636
-0.388579
-0.119123
0.164334
0.415291
0.598847
0.746404
0.80156
0.760017
0.625374
0.45713
0.189387
-0.144657
-0.4701
-0.832743
-1.33509
-2.03773
-2.81897
-3.77632
-4.97856
-6.3661
-7.38545
-8.77739
-10.2928
-12.166
-14.0521
-15.7941
-17.811
