Input file: C:\Users\Garrett\Desktop\School\Thesis\TMMC\Confirmation_Results\Perfluoroethane\output\220K\out_PERETH_220K_1900_Mie_RUN4.log
Temperature     Box Volume      Midpoint        
220             27000           85              
Vap Dens mol/m3 Liq Dens mol/m3 Vapor Pressure  Surface Tension 
207.713         10748.3         0.34245         0.00750055      
Weight Function 
0
1.02033
1.40357
1.4354
1.24313
0.876566
0.387599
-0.201368
-0.869735
-1.595
-2.37577
-3.19694
-4.0514
-4.93017
-5.82414
-6.7374
-7.65667
-8.58764
-9.5217
-10.4562
-11.3907
-12.3282
-13.2631
-14.1855
-15.1011
-16.0061
-16.9
-17.7844
-18.6642
-19.528
-20.3786
-21.2151
-22.0391
-22.8487
-23.646
-24.4299
-25.1952
-25.9421
-26.675
-27.3867
-28.0899
-28.7744
-29.4438
-30.0956
-30.725
-31.3471
-31.9547
-32.544
-33.1203
-33.6731
-34.2141
-34.7393
-35.2414
-35.7245
-36.2023
-36.6591
-37.1008
-37.5287
-37.9394
-38.3376
-38.7107
-39.0752
-39.4274
-39.7651
-40.0871
-40.3931
-40.6791
-40.9447
-41.2064
-41.4464
-41.6714
-41.878
-42.0723
-42.2497
-42.4087
-42.5535
-42.6915
-42.8211
-42.9288
-43.0186
-43.099
-43.1664
-43.222
-43.2577
-43.2856
-43.296
-43.2879
-43.2666
-43.2291
-43.1794
-43.1126
-43.0334
-42.9439
-42.8264
-42.7001
-42.555
-42.3967
-42.2243
-42.0384
-41.8409
-41.6284
-41.3961
-41.1577
-40.8972
-40.6249
-40.3355
-40.0403
-39.7192
-39.3833
-39.0329
-38.6647
-38.2803
-37.8895
-37.481
-37.0565
-36.6151
-36.1574
-35.6888
-35.2023
-34.7122
-34.1947
-33.6593
-33.1126
-32.5507
-31.9805
-31.3998
-30.809
-30.1786
-29.5553
-28.8956
-28.2339
-27.5639
-26.8731
-26.1685
-25.453
-24.7277
-23.9875
-23.2457
-22.492
-21.7333
-20.9621
-20.1833
-19.3899
-18.5933
-17.7905
-16.977
-16.1656
-15.3711
-14.5681
-13.7504
-12.9365
-12.1314
-11.325
-10.5269
-9.7603
-8.98736
-8.23113
-7.4927
-6.76746
-6.05713
-5.3504
-4.67676
-4.03093
-3.4185
-2.86347
-2.33403
-1.8483
-1.37207
-0.952733
-0.5505
-0.175367
0.169267
0.4689
0.652333
0.811966
0.870199
0.869732
0.776065
0.584299
0.176932
-0.253235
-0.824902
-1.50947
-2.12464
-2.7738
-3.51877
-4.42774
-5.3656
-6.36407
-7.74434
-8.925
-10.3273
-11.9837
-13.8525
-16.0055
-18.3674
