Input file: C:\Users\Garrett\Desktop\School\Thesis\TMMC\Confirmation_Results\Perfluoroethane\output\220K\out_PERETH_220K_1900_Mie_RUN1.log
Temperature     Box Volume      Midpoint        
220             27000           66              
Vap Dens mol/m3 Liq Dens mol/m3 Vapor Pressure  Surface Tension 
227.645         10746.7         0.375896        0.00533254      
Weight Function 
0
1.13912
1.60194
1.70697
1.54919
1.27381
0.864734
0.353656
-0.232422
-0.879599
-1.61588
-2.36385
-3.11193
-3.95451
-4.77309
-5.69107
-6.62004
-7.41212
-8.3512
-8.95478
-9.56845
-10.3584
-11.1648
-11.9104
-12.9262
-13.8573
-14.7757
-15.6016
-16.4413
-17.2195
-17.926
-18.7713
-19.702
-20.182
-20.8538
-21.5487
-22.4767
-23.0756
-23.506
-23.5006
-24.1652
-24.859
-25.6021
-25.4343
-26.4323
-26.9802
-27.4612
-25.6589
-26.3893
-27.711
-28.1059
-28.5869
-25.9323
-25.2466
-24.963
-25.6941
-26.5136
-26.7796
-26.9541
-26.5997
-27.2299
-28.4979
-28.2171
-28.5533
-28.4031
-29.3459
-30.2672
-29.0468
-28.845
-29.326
-28.8947
-28.0337
-28.5147
-28.9957
-27.0694
-26.9606
-27.9757
-28.6083
-29.0395
-26.7704
-25.1742
-24.6903
-25.0692
-26.0921
-26.5731
-22.8676
-22.3959
-22.4002
-22.7651
-23.491
-22.5058
-20.2934
-18.976
-19.1413
-19.2909
-19.7719
-18.8601
-18.8689
-19.1229
-19.4025
-19.1178
-19.0855
-19.392
-19.3677
-20.0522
-22.1224
-21.5869
-21.639
-21.3863
-18.5696
-16.9451
-16.663
-16.3441
-16.8251
-14.626
-13.7455
-14.2265
-12.0698
-10.1676
-9.65615
-10.7213
-9.9877
-10.2984
-10.24
-8.67053
-8.84601
-9.84519
-8.97887
-8.32444
-9.24522
-8.7337
-8.54548
-8.41306
-8.18843
-8.69861
-9.88889
-9.51137
-9.83664
-8.68482
-9.2396
-10.3501
-9.77915
-9.19363
-10.4139
-8.75759
-7.53387
-7.20144
-6.68132
-5.9321
-5.92468
-5.61065
-5.85513
-5.32591
-5.35849
-5.99236
-5.41244
-4.40682
-3.6553
-3.52228
-3.68805
-3.02123
-2.46241
-1.86719
-1.43536
-1.15294
-1.10732
-0.872297
-0.809275
-0.549753
-0.30753
0.0791919
0.459814
0.784737
0.854659
0.960581
0.871803
0.795526
0.734148
0.65577
0.544593
0.408815
0.104537
-0.33564
-0.642218
-1.0047
-1.56037
-2.23645
-2.99373
-3.85771
-4.98348
-6.08596
-7.41934
-8.89482
-10.7285
-11.9537
-13.7826
-15.6718
