Input file: C:\Users\Garrett\Desktop\School\Thesis\Sim_Results\octane\output\470K\out_OCT_470K_4470_RUN6.log
Temperature     Box Volume      Midpoint        
470             42875           60              
Vap Dens mol/m3 Liq Dens mol/m3 Vapor Pressure  Surface Tension 
198.891         4706.69         0.637598        0.00486105      
Weight Function 
1
2.2776
2.92741
3.24021
3.33261
3.26892
3.09152
2.82402
2.48863
2.09813
1.66503
1.20074
0.707738
0.197342
-0.330855
-0.871652
-1.41305
-1.95915
-2.51064
-3.05664
-3.60044
-4.14383
-4.67733
-5.20023
-5.71532
-6.22152
-6.72392
-7.21361
-7.68871
-8.15001
-8.6034
-9.0369
-9.4645
-9.87869
-10.2732
-10.6541
-11.0231
-11.3729
-11.7107
-12.0289
-12.342
-12.6356
-12.9092
-13.168
-13.4159
-13.6488
-13.8613
-14.0645
-14.2482
-14.415
-14.5731
-14.7117
-14.8388
-14.9476
-15.0412
-15.1207
-15.186
-15.2382
-15.2731
-15.2907
-15.2997
-15.2932
-15.2687
-15.2322
-15.1786
-15.1159
-15.0341
-14.9333
-14.8134
-14.6832
-14.5423
-14.3878
-14.2076
-14.027
-13.8238
-13.6116
-13.3853
-13.1357
-12.8839
-12.6182
-12.3395
-12.0399
-11.7354
-11.4107
-11.0713
-10.7269
-10.3758
-10.0024
-9.61942
-9.23271
-8.82971
-8.42371
-8.00531
-7.5811
-7.154
-6.7195
-6.27389
-5.82139
-5.37289
-4.91448
-4.45838
-4.00008
-3.53257
-3.06837
-2.60167
-2.14086
-1.69536
-1.26716
-0.849654
-0.452051
-0.0460473
0.331956
0.704859
1.04596
1.36247
1.66847
1.94177
2.17998
2.37898
2.54678
2.67108
2.74469
2.77469
2.75709
2.6993
2.5724
2.3927
2.15981
1.84451
1.47241
0.992517
0.47092
-0.145777
-0.848974
-1.66707
-2.60937
-3.67246
-4.82866
-6.10726
-7.47575
0
0
