Input file: C:\Users\Garrett\Desktop\School\Thesis\Sim_Results\octane\output\470K\out_OCT_470K_4470_RUN8.log
Temperature     Box Volume      Midpoint        
470             42875           60              
Vap Dens mol/m3 Liq Dens mol/m3 Vapor Pressure  Surface Tension 
198.969         4710.47         0.637568        0.00487768      
Weight Function 
1
2.27196
2.92323
3.24079
3.33595
3.26901
3.08968
2.82314
2.4903
2.10056
1.66593
1.20239
0.707753
0.194816
-0.335622
-0.873259
-1.4149
-1.96123
-2.51707
-3.06201
-3.61285
-4.15408
-4.68572
-5.21136
-5.72769
-6.23493
-6.72757
-7.21521
-7.69034
-8.15008
-8.60322
-9.03256
-9.45599
-9.86973
-10.2644
-10.6499
-11.0189
-11.3761
-11.7191
-12.0455
-12.3525
-12.6405
-12.9185
-13.1872
-13.4334
-13.6646
-13.8851
-14.0863
-14.273
-14.4457
-14.5987
-14.7387
-14.8637
-14.9748
-15.072
-15.1562
-15.2251
-15.2762
-15.3135
-15.335
-15.3463
-15.3382
-15.3101
-15.273
-15.2195
-15.1506
-15.0626
-14.9635
-14.8483
-14.7188
-14.5717
-14.4111
-14.2355
-14.0476
-13.8502
-13.6411
-13.4122
-13.1707
-12.9159
-12.6528
-12.3675
-12.0706
-11.7636
-11.4492
-11.1177
-10.7781
-10.4129
-10.0382
-9.66098
-9.27422
-8.87635
-8.46829
-8.05413
-7.62587
-7.1957
-6.75574
-6.30798
-5.86271
-5.41125
-4.95549
-4.50243
-4.05136
-3.5909
-3.13394
-2.67368
-2.22121
-1.76855
-1.33339
-0.909724
-0.491461
-0.103099
0.283664
0.651827
0.98799
1.31595
1.61352
1.88838
2.14524
2.3484
2.52737
2.65813
2.75599
2.80365
2.79882
2.72408
2.59754
2.41211
2.17867
1.84393
1.47309
1.00456
0.453119
-0.178618
-0.916256
-1.75399
-2.67263
-3.73977
-4.8735
-6.16084
-7.59928
0
0
