Input file: C:\Users\Garrett\Desktop\School\Thesis\Sim_Results\octane\output\470K\out_OCT_470K_4470_RUN7.log
Temperature     Box Volume      Midpoint        
470             42875           60              
Vap Dens mol/m3 Liq Dens mol/m3 Vapor Pressure  Surface Tension 
199.068         4704            0.638893        0.00486843      
Weight Function 
1
2.27569
2.92828
3.24497
3.34497
3.28316
3.10265
2.83774
2.50113
2.10612
1.66971
1.2023
0.708296
0.200788
-0.326821
-0.86773
-1.41774
-1.96755
-2.51546
-3.06556
-3.60527
-4.14768
-4.67889
-5.2026
-5.72081
-6.22572
-6.72092
-7.20153
-7.67904
-8.14235
-8.59436
-9.02837
-9.45448
-9.86839
-10.2687
-10.649
-11.0162
-11.3654
-11.7056
-12.0293
-12.335
-12.6238
-12.8996
-13.1646
-13.4144
-13.6508
-13.8671
-14.0715
-14.2558
-14.4277
-14.5869
-14.7341
-14.8669
-14.9812
-15.0756
-15.1436
-15.2071
-15.2533
-15.2908
-15.3126
-15.3156
-15.2993
-15.2763
-15.2323
-15.1751
-15.1118
-15.0313
-14.9408
-14.8298
-14.7038
-14.5612
-14.4051
-14.2369
-14.0581
-13.8514
-13.6378
-13.4033
-13.1594
-12.8992
-12.6315
-12.3396
-12.0391
-11.7319
-11.4162
-11.0858
-10.7369
-10.38
-10.0047
-9.62356
-9.23307
-8.83158
-8.42629
-8.01649
-7.5872
-7.15731
-6.72112
-6.27773
-5.82714
-5.37015
-4.91486
-4.45376
-3.98257
-3.52168
-3.05609
-2.5954
-2.14441
-1.70282
-1.26062
-0.838333
-0.417442
-0.0115505
0.377541
0.745832
1.09392
1.41701
1.70331
1.974
2.19709
2.39658
2.55777
2.66156
2.74675
2.78625
2.77824
2.71923
2.58932
2.37091
2.1429
1.82789
1.44349
0.989577
0.416768
-0.216441
-0.962449
-1.78096
-2.71297
-3.73658
-4.87028
-6.10339
-7.4414
0
0
