Input file: C:\Users\Garrett\Desktop\School\Thesis\Sim_Results\octane\output\470K\out_OCT_470K_4470_RUN5.log
Temperature     Box Volume      Midpoint        
470             42875           60              
Vap Dens mol/m3 Liq Dens mol/m3 Vapor Pressure  Surface Tension 
199.542         4700.66         0.639608        0.00486266      
Weight Function 
1
2.27459
2.93199
3.25078
3.34368
3.28357
3.10737
2.84266
2.51276
2.11885
1.68565
1.22264
0.732237
0.217731
-0.313674
-0.854379
-1.39208
-1.93579
-2.4799
-3.0304
-3.57381
-4.11371
-4.64872
-5.17472
-5.69683
-6.20523
-6.70644
-7.18994
-7.66965
-8.12755
-8.58196
-9.01616
-9.44267
-9.84887
-10.243
-10.6277
-10.99
-11.3443
-11.6867
-12.011
-12.3158
-12.6093
-12.8918
-13.1498
-13.3914
-13.6253
-13.8464
-14.0476
-14.2337
-14.405
-14.5622
-14.7039
-14.8276
-14.9433
-15.0368
-15.1217
-15.1926
-15.238
-15.2693
-15.2906
-15.2924
-15.2781
-15.249
-15.2069
-15.1491
-15.0815
-15.0023
-14.9035
-14.7881
-14.6584
-14.5173
-14.356
-14.1908
-14.0031
-13.8079
-13.5933
-13.3671
-13.1248
-12.8664
-12.5908
-12.3066
-12.0163
-11.7072
-11.3799
-11.0459
-10.701
-10.3424
-9.97466
-9.60127
-9.20797
-8.81298
-8.40008
-7.97869
-7.55909
-7.1281
-6.6878
-6.23251
-5.77711
-5.32272
-4.86382
-4.40113
-3.93913
-3.47684
-3.01984
-2.56735
-2.11776
-1.68106
-1.24367
-0.819871
-0.396077
-0.00558183
0.364413
0.747708
1.0951
1.4176
1.71559
1.99739
2.22988
2.42208
2.57877
2.70597
2.78656
2.79035
2.77275
2.69414
2.58204
2.37943
2.12603
1.78902
1.37322
0.890212
0.330607
-0.293898
-1.0092
-1.83441
-2.77151
-3.81022
-4.92182
-6.15983
-7.59604
0
0
