Input file: C:\Users\Garrett\Desktop\School\Thesis\TMMC\Confirmation_Results\Ethane\output\220K\out_ETH_220K_1750_Mie_RUN1.log
Temperature     Box Volume      Midpoint        
220             27000           130             
Vap Dens mol/m3 Liq Dens mol/m3 Vapor Pressure  Surface Tension 
302.533         16502.8         0.501308        0.0109996       
Weight Function 
0
1.40576
2.15642
2.53419
2.66205
2.61241
2.41757
2.09873
1.6827
1.18586
0.624421
0.00308273
-0.667355
-1.38549
-2.13833
-2.92067
-3.72791
-4.56294
-5.42328
-6.29742
-7.18436
-8.0899
-9.00493
-9.92927
-10.8635
-11.7974
-12.7279
-13.6672
-14.6006
-15.5361
-16.4675
-17.3998
-18.3285
-19.2517
-20.1707
-21.0834
-21.9955
-22.8966
-23.785
-24.6702
-25.5493
-26.4193
-27.2799
-28.1255
-28.9684
-29.8015
-30.622
-31.434
-32.2295
-33.0194
-33.7979
-34.5613
-35.3204
-36.061
-36.7965
-37.5182
-38.2311
-38.937
-39.6366
-40.315
-40.9773
-41.6336
-42.281
-42.9154
-43.5398
-44.1536
-44.7516
-45.3413
-45.9221
-46.4913
-47.0525
-47.601
-48.1408
-48.665
-49.1821
-49.6841
-50.1812
-50.6677
-51.1457
-51.616
-52.0785
-52.5222
-52.9537
-53.3822
-53.7969
-54.204
-54.605
-54.995
-55.3804
-55.7487
-56.0993
-56.4419
-56.7823
-57.1078
-57.4262
-57.7357
-58.0333
-58.32
-58.6034
-58.8804
-59.1468
-59.3976
-59.6413
-59.8751
-60.1058
-60.3245
-60.528
-60.7214
-60.9097
-61.0953
-61.2682
-61.4276
-61.5828
-61.7278
-61.8581
-61.9908
-62.1137
-62.225
-62.3347
-62.4213
-62.5045
-62.5761
-62.6299
-62.6846
-62.733
-62.7767
-62.8101
-62.8467
-62.8654
-62.877
-62.8806
-62.8732
-62.8586
-62.8393
-62.8099
-62.7682
-62.7205
-62.6652
-62.6042
-62.5348
-62.439
-62.3442
-62.2479
-62.1466
-62.0339
-61.9076
-61.7765
-61.6358
-61.4791
-61.3162
-61.1492
-60.9726
-60.7793
-60.5828
-60.3768
-60.1533
-59.925
-59.6852
-59.4459
-59.1908
-58.9368
-58.66
-58.3665
-58.0675
-57.7646
-57.4603
-57.132
-56.8021
-56.4678
-56.1172
-55.7479
-55.3838
-55.0076
-54.6232
-54.227
-53.8157
-53.394
-52.9661
-52.5235
-52.074
-51.6201
-51.1546
-50.6799
-50.1963
-49.7043
-49.1949
-48.6741
-48.1488
-47.6028
-47.0579
-46.5042
-45.9418
-45.376
-44.8049
-44.2198
-43.6111
-42.9938
-42.3663
-41.735
-41.0987
-40.4416
-39.7772
-39.1072
-38.4302
-37.7282
-37.0267
-36.3173
-35.6064
-34.8817
-34.1546
-33.4198
-32.6693
-31.914
-31.1462
-30.3859
-29.6245
-28.8458
-28.0704
-27.2932
-26.52
-25.7277
-24.9285
-24.1484
-23.3452
-22.5653
-21.7712
-20.9755
-20.1817
-19.3948
-18.6193
-17.8321
-17.0504
-16.2756
-15.4984
-14.7361
-13.9812
-13.2257
-12.498
-11.7506
-11.0273
-10.2958
-9.58734
-8.90508
-8.23942
-7.56766
-6.90949
-6.26363
-5.62597
-5.02051
-4.45405
-3.90628
-3.37402
-2.86196
-2.3971
-1.91734
-1.46277
-1.02981
-0.580249
-0.163487
0.177175
0.499537
0.781899
1.02836
1.28522
1.47619
1.65175
1.78931
1.87007
1.92473
1.9308
1.94526
1.90522
1.77768
1.62054
1.33801
1.01257
0.66723
0.292092
-0.168346
-0.663684
-1.18952
-1.78706
-2.4496
-3.18774
-4.00167
-4.86081
-5.76005
-6.77279
-7.84572
-9.00556
-10.2459
-11.4708
-12.7338
-14.11
-15.5782
-17.1208
-18.7802
-20.4846
-22.3531
-24.2739
