Input file: C:\Users\Garrett\Desktop\School\Thesis\TMMC\Confirmation_Results\Ethane\output\220K\out_ETH_220K_1750_Mie_RUN2.log
Temperature     Box Volume      Midpoint        
220             27000           129             
Vap Dens mol/m3 Liq Dens mol/m3 Vapor Pressure  Surface Tension 
302.628         16475.2         0.502467        0.0110005       
Weight Function 
0
1.40974
2.16148
2.54572
2.67896
2.6235
2.42415
2.10829
1.69233
1.20037
0.634709
0.0127497
-0.660309
-1.37637
-2.12823
-2.91219
-3.72395
-4.5547
-5.40426
-6.27752
-7.16428
-8.06694
-8.9772
-9.89346
-10.8183
-11.7506
-12.686
-13.6212
-14.5594
-15.4953
-16.4318
-17.3622
-18.2934
-19.2201
-20.1399
-21.0565
-21.9588
-22.8518
-23.7433
-24.6284
-25.5006
-26.3658
-27.2222
-28.0727
-28.906
-29.7238
-30.5409
-31.3451
-32.1392
-32.9283
-33.7059
-34.4728
-35.2319
-35.9747
-36.7094
-37.4293
-38.1415
-38.8442
-39.5365
-40.2178
-40.8895
-41.5425
-42.1834
-42.8205
-43.4437
-44.0557
-44.6596
-45.2512
-45.835
-46.4038
-46.9649
-47.5151
-48.0601
-48.59
-49.1075
-49.6169
-50.1142
-50.6004
-51.0795
-51.5461
-52.0078
-52.4617
-52.9
-53.3277
-53.7424
-54.1497
-54.5507
-54.9396
-55.3131
-55.6869
-56.0473
-56.4034
-56.7446
-57.0771
-57.3895
-57.7015
-58.0117
-58.3047
-58.5881
-58.8629
-59.1205
-59.3839
-59.629
-59.8598
-60.0859
-60.2936
-60.4966
-60.6966
-60.8856
-61.0669
-61.231
-61.3938
-61.5436
-61.6965
-61.8386
-61.9647
-62.0865
-62.202
-62.3043
-62.4016
-62.4937
-62.5718
-62.639
-62.7043
-62.7618
-62.8145
-62.8527
-62.8751
-62.8942
-62.9014
-62.8968
-62.899
-62.89
-62.8679
-62.8384
-62.7924
-62.7375
-62.6812
-62.6073
-62.5255
-62.4405
-62.3481
-62.2491
-62.1449
-62.0255
-61.9009
-61.7653
-61.6197
-61.4667
-61.2905
-61.1168
-60.936
-60.7443
-60.5442
-60.3377
-60.1212
-59.8919
-59.6584
-59.4185
-59.1572
-58.8948
-58.6236
-58.3347
-58.0489
-57.7491
-57.439
-57.1015
-56.7738
-56.4258
-56.0649
-55.7081
-55.3395
-54.9411
-54.5633
-54.1724
-53.7633
-53.346
-52.9106
-52.4768
-52.0147
-51.5514
-51.0801
-50.6101
-50.1211
-49.6282
-49.1328
-48.6184
-48.0924
-47.5517
-46.9937
-46.4258
-45.8535
-45.2782
-44.6907
-44.0882
-43.4874
-42.873
-42.2387
-41.5917
-40.9329
-40.2721
-39.6028
-38.9209
-38.2239
-37.5251
-36.8193
-36.0962
-35.3798
-34.6423
-33.887
-33.1388
-32.3791
-31.6161
-30.8565
-30.0833
-29.2979
-28.5319
-27.7519
-26.9655
-26.1825
-25.3917
-24.6143
-23.8423
-23.0558
-22.2631
-21.4642
-20.6535
-19.8713
-19.0772
-18.295
-17.5036
-16.7357
-15.9573
-15.199
-14.4482
-13.6909
-12.9348
-12.2019
-11.492
-10.762
-10.0163
-9.32025
-8.61821
-7.93867
-7.26642
-6.61828
-5.99474
-5.403
-4.82856
-4.25312
-3.70738
-3.15914
-2.6433
-2.14146
-1.68032
-1.22077
-0.762934
-0.337893
0.0327477
0.394889
0.704429
1.01437
1.25721
1.46415
1.61709
1.74763
1.84197
1.89712
1.88466
1.8632
1.81274
1.72988
1.60812
1.43586
1.2787
1.03114
0.764184
0.382624
-0.0836347
-0.592694
-1.07675
-1.64111
-2.27407
-2.93803
-3.66759
-4.48985
-5.40591
-6.31767
-7.38323
-8.47708
-9.61764
-10.8339
-12.2186
-13.722
-15.3263
-16.9312
-18.59
-20.3606
-22.291
-24.2097
