Input file: C:\Users\Garrett\Desktop\School\Thesis\TMMC\Confirmation_Results\Ethane\output\220K\out_ETH_220K_1750_RUN1.log
Temperature     Box Volume      Midpoint        
220             27000           130             
Vap Dens mol/m3 Liq Dens mol/m3 Vapor Pressure  Surface Tension 
394.53          16413.4         0.641343        0.00966069      
Weight Function 
0
1.63755
2.6142
3.22315
3.5715
3.73125
3.7453
3.64115
3.4359
3.14905
2.7828
2.36185
1.88981
1.36956
0.805506
0.204656
-0.425493
-1.08284
-1.76339
-2.47004
-3.19429
-3.93294
-4.68399
-5.44894
-6.22679
-7.01424
-7.80539
-8.60274
-9.40239
-10.2028
-11.0094
-11.813
-12.6163
-13.4218
-14.2244
-15.0274
-15.8242
-16.616
-17.4029
-18.1879
-18.9681
-19.743
-20.5126
-21.2794
-22.0334
-22.7794
-23.519
-24.2515
-24.9779
-25.6956
-26.4002
-27.1064
-27.798
-28.4835
-29.1572
-29.8223
-30.4773
-31.1248
-31.7645
-32.3953
-33.0185
-33.6297
-34.235
-34.8288
-35.4142
-35.9933
-36.5604
-37.1145
-37.6582
-38.1966
-38.7254
-39.2474
-39.7504
-40.2471
-40.7338
-41.2174
-41.6893
-42.1513
-42.5982
-43.0471
-43.4838
-43.9082
-44.3195
-44.7213
-45.1187
-45.5044
-45.8796
-46.2451
-46.6015
-46.9509
-47.2959
-47.6291
-47.9544
-48.2674
-48.5744
-48.8709
-49.1611
-49.4387
-49.7062
-49.9667
-50.2217
-50.4652
-50.7015
-50.9201
-51.1296
-51.3433
-51.543
-51.7338
-51.9173
-52.0888
-52.2579
-52.4183
-52.5757
-52.7148
-52.8491
-52.9707
-53.0853
-53.1919
-53.2856
-53.3758
-53.4599
-53.5333
-53.5971
-53.66
-53.7126
-53.7474
-53.7763
-53.8085
-53.8205
-53.8195
-53.8208
-53.813
-53.7925
-53.7672
-53.7375
-53.689
-53.6323
-53.579
-53.5162
-53.4352
-53.3542
-53.2641
-53.1631
-53.0597
-52.9471
-52.8167
-52.6817
-52.5472
-52.3992
-52.2315
-52.0648
-51.8906
-51.7029
-51.5046
-51.3036
-51.0987
-50.879
-50.6529
-50.4097
-50.165
-49.9048
-49.6312
-49.3508
-49.0652
-48.7706
-48.4653
-48.1573
-47.8393
-47.5123
-47.1739
-46.8271
-46.4829
-46.1219
-45.7503
-45.3743
-44.9871
-44.5918
-44.1913
-43.7794
-43.3499
-42.9232
-42.4804
-42.0304
-41.5627
-41.0953
-40.6178
-40.128
-39.6369
-39.1282
-38.6128
-38.0857
-37.554
-37.0118
-36.4703
-35.9241
-35.3638
-34.7911
-34.2075
-33.6167
-33.0264
-32.4169
-31.8112
-31.1987
-30.5772
-29.9581
-29.3203
-28.6849
-28.0409
-27.3906
-26.7501
-26.1136
-25.4618
-24.7907
-24.1204
-23.451
-22.7775
-22.1038
-21.427
-20.7407
-20.0476
-19.3621
-18.6701
-17.9952
-17.3078
-16.6301
-15.9525
-15.2611
-14.5861
-13.9029
-13.226
-12.5527
-11.8985
-11.2431
-10.5915
-9.9546
-9.32505
-8.6877
-8.08205
-7.4826
-6.89245
-6.3161
-5.74695
-5.1896
-4.64255
-4.0928
-3.56275
-3.0449
-2.54025
-2.0764
-1.61274
-1.17959
-0.759944
-0.362693
0.042757
0.414007
0.752758
1.06931
1.38936
1.69061
1.95716
2.20261
2.42466
2.63381
2.79996
2.93921
3.02236
3.07331
3.10896
3.11281
3.06686
2.99001
2.83246
2.66741
2.48597
2.23972
1.96927
1.64772
1.31587
0.925118
0.478568
-0.0895816
-0.665131
-1.23658
-1.86293
-2.50848
-3.21253
-4.01618
-4.86883
-5.71518
-6.54113
-7.46328
-8.57353
-9.58908
-10.693
-11.9136
-13.1577
-14.6382
-15.9978
-17.4107
-19.3037
