Input file: C:\Users\Garrett\Desktop\School\Thesis\TMMC\Confirmation_Results\Ethane\output\220K\out_ETH_220K_1750_RUN2.log
Temperature     Box Volume      Midpoint        
220             27000           129             
Vap Dens mol/m3 Liq Dens mol/m3 Vapor Pressure  Surface Tension 
395.61          16428.5         0.64267         0.00966174      
Weight Function 
0
1.63714
2.61188
3.21932
3.57376
3.7432
3.75984
3.65828
3.45652
3.16776
2.8039
2.37944
1.90138
1.38322
0.820165
0.218006
-0.412754
-1.06931
-1.75587
-2.46133
-3.18319
-3.91785
-4.66531
-5.43047
-6.20293
-6.98829
-7.78115
-8.58381
-9.38007
-10.1861
-10.99
-11.8013
-12.6148
-13.4228
-14.2263
-15.0223
-15.8227
-16.6142
-17.4058
-18.1922
-18.9726
-19.7475
-20.5198
-21.2875
-22.0454
-22.7958
-23.5392
-24.2743
-25.0058
-25.7237
-26.4352
-27.1362
-27.8281
-28.515
-29.1921
-29.8558
-30.5112
-31.16
-31.799
-32.4265
-33.0523
-33.6673
-34.2731
-34.8671
-35.4455
-36.0175
-36.5765
-37.1352
-37.6856
-38.2255
-38.7536
-39.273
-39.7861
-40.2826
-40.7717
-41.2478
-41.7175
-42.176
-42.6258
-43.0625
-43.4902
-43.9195
-44.3387
-44.7501
-45.1422
-45.5249
-45.8998
-46.2667
-46.6232
-46.9725
-47.3125
-47.6486
-47.9739
-48.2906
-48.5864
-48.8826
-49.1746
-49.4529
-49.7241
-49.9827
-50.238
-50.4796
-50.7134
-50.938
-51.1558
-51.3559
-51.5562
-51.7556
-51.9397
-52.1176
-52.2877
-52.4447
-52.5959
-52.7351
-52.8604
-52.9807
-53.0936
-53.2036
-53.3039
-53.394
-53.4748
-53.5546
-53.6216
-53.6781
-53.7294
-53.7671
-53.8009
-53.8238
-53.8463
-53.857
-53.8546
-53.8488
-53.828
-53.8014
-53.7629
-53.7175
-53.6689
-53.605
-53.5288
-53.4513
-53.3644
-53.2706
-53.167
-53.0574
-52.9351
-52.799
-52.6672
-52.5273
-52.3758
-52.2117
-52.0416
-51.8593
-51.6724
-51.4705
-51.2662
-51.0619
-50.8402
-50.6087
-50.3747
-50.1307
-49.8669
-49.6006
-49.3229
-49.0434
-48.7567
-48.4509
-48.1537
-47.8387
-47.5107
-47.1692
-46.8156
-46.4574
-46.0944
-45.7247
-45.3452
-44.9575
-44.5553
-44.1439
-43.7273
-43.3046
-42.8708
-42.4296
-41.9786
-41.519
-41.0456
-40.5688
-40.0782
-39.5837
-39.0807
-38.5657
-38.0477
-37.5137
-36.9765
-36.4362
-35.8682
-35.2968
-34.7108
-34.1293
-33.5433
-32.948
-32.3402
-31.7368
-31.1112
-30.4936
-29.8632
-29.2335
-28.5913
-27.9399
-27.2993
-26.6466
-25.987
-25.3247
-24.6589
-23.9833
-23.3153
-22.6394
-21.9524
-21.2678
-20.59
-19.9081
-19.2281
-18.5511
-17.8631
-17.1759
-16.4858
-15.7941
-15.111
-14.4316
-13.7658
-13.1101
-12.4525
-11.7857
-11.132
-10.4869
-9.83875
-9.20851
-8.58027
-7.97983
-7.37789
-6.78165
-6.19481
-5.62817
-5.05653
-4.50919
-3.97475
-3.43851
-2.93067
-2.44113
-1.96428
-1.52334
-1.0758
-0.647263
-0.249723
0.138617
0.515058
0.857298
1.18874
1.49178
1.75592
2.01256
2.2264
2.40514
2.58568
2.74472
2.85276
2.9444
2.98704
3.02298
3.03422
3.03846
3.005
2.91484
2.80928
2.61342
2.38307
2.15061
1.83535
1.48399
1.11053
0.664167
0.193908
-0.319052
-0.894812
-1.48547
-2.14073
-2.85619
-3.65375
-4.52571
-5.41147
-6.33363
-7.25939
-8.23545
-9.31311
-10.4164
-11.5709
-12.8079
-14.1911
-15.6193
-17.1813
-18.8515
