Input file: C:\Users\Garrett\Desktop\School\Thesis\TMMC\Confirmation_Results\Ethane\output\220K\out_ETH_220K_1750_RUN3.log
Temperature     Box Volume      Midpoint        
220             27000           129             
Vap Dens mol/m3 Liq Dens mol/m3 Vapor Pressure  Surface Tension 
394.932         16436.3         0.642723        0.00968685      
Weight Function 
0
1.63866
2.62002
3.22508
3.58294
3.7467
3.76086
3.65472
3.45058
3.15634
2.7986
2.38326
1.90602
1.38258
0.815543
0.210104
-0.417236
-1.07588
-1.76412
-2.46656
-3.1895
-3.92163
-4.66887
-5.43461
-6.21195
-6.99479
-7.78623
-8.58517
-9.38781
-10.197
-11.0014
-11.8059
-12.6142
-13.4244
-14.237
-15.0403
-15.8411
-16.6378
-17.4302
-18.2212
-19.0045
-19.7811
-20.5507
-21.3187
-22.0814
-22.8337
-23.5755
-24.3125
-25.0414
-25.7605
-26.4694
-27.1707
-27.8679
-28.5582
-29.2378
-29.9026
-30.5645
-31.2137
-31.8541
-32.4875
-33.1109
-33.7213
-34.3242
-34.9237
-35.5124
-36.0876
-36.6579
-37.2153
-37.7633
-38.2957
-38.8252
-39.3457
-39.8491
-40.3511
-40.845
-41.3317
-41.8029
-42.2643
-42.7159
-43.164
-43.5938
-44.0145
-44.426
-44.839
-45.2382
-45.6309
-46.0128
-46.3812
-46.7424
-47.0939
-47.434
-47.7696
-48.0937
-48.4122
-48.7164
-49.0138
-49.3019
-49.5842
-49.8586
-50.1251
-50.3827
-50.6272
-50.8531
-51.0784
-51.2966
-51.5055
-51.7043
-51.8955
-52.0802
-52.2571
-52.4246
-52.5828
-52.7291
-52.8692
-52.99
-53.1222
-53.2321
-53.3361
-53.4385
-53.5331
-53.6133
-53.69
-53.7502
-53.804
-53.8533
-53.8952
-53.9287
-53.9552
-53.9804
-53.9853
-53.982
-53.9759
-53.9524
-53.9194
-53.8919
-53.8521
-53.7996
-53.745
-53.6731
-53.5975
-53.5081
-53.4188
-53.3192
-53.2141
-53.0969
-52.973
-52.836
-52.6959
-52.5439
-52.3848
-52.2169
-52.0434
-51.8682
-51.6719
-51.4627
-51.2517
-51.025
-50.7894
-50.5531
-50.3048
-50.0523
-49.7951
-49.5196
-49.2342
-48.9434
-48.6456
-48.3364
-48.0162
-47.6891
-47.3533
-47.0024
-46.6499
-46.2805
-45.9131
-45.5385
-45.1484
-44.7527
-44.3504
-43.935
-43.5089
-43.0741
-42.6331
-42.1879
-41.7312
-41.2541
-40.7726
-40.2819
-39.7829
-39.2736
-38.7595
-38.2314
-37.7013
-37.1703
-36.6273
-36.0639
-35.506
-34.9378
-34.3644
-33.7786
-33.185
-32.5929
-31.9867
-31.3767
-30.7558
-30.1317
-29.4997
-28.8606
-28.2106
-27.5703
-26.9212
-26.2534
-25.5882
-24.9352
-24.2777
-23.5965
-22.9232
-22.2415
-21.558
-20.8786
-20.1935
-19.5108
-18.8334
-18.1592
-17.4756
-16.783
-16.107
-15.4244
-14.7571
-14.0933
-13.4279
-12.759
-12.1052
-11.4565
-10.8163
-10.1806
-9.53674
-8.90758
-8.28122
-7.66686
-7.0683
-6.47304
-5.88498
-5.30172
-4.73446
-4.1925
-3.65894
-3.14098
-2.64192
-2.15326
-1.6872
-1.22714
-0.784579
-0.349218
0.0508419
0.440002
0.790562
1.12922
1.44348
1.69854
1.9619
2.17946
2.38642
2.56668
2.72044
2.841
2.93286
3.03183
3.07839
3.06815
3.04041
2.98147
2.92823
2.78399
2.60715
2.40241
2.16327
1.90213
1.55229
1.18025
0.744808
0.256369
-0.314471
-0.955911
-1.59575
-2.29219
-3.01463
-3.81247
-4.64141
-5.54485
-6.49949
-7.49943
-8.48267
-9.58481
-10.7887
-11.9988
-13.2495
-14.6953
-16.1092
-17.6533
-19.1914
