Input file: C:\Users\Garrett\Desktop\School\Thesis\TMMC\Confirmation_Results\Ethane\output\220K\out_ETH_220K_1750_Mie_RUN4.log
Temperature     Box Volume      Midpoint        
220             27000           130             
Vap Dens mol/m3 Liq Dens mol/m3 Vapor Pressure  Surface Tension 
301.999         16456.6         0.501369        0.0110369       
Weight Function 
0
1.40415
2.15729
2.54174
2.67038
2.61373
2.41277
2.09122
1.67406
1.18061
0.621453
0.0033982
-0.672557
-1.38701
-2.14487
-2.92752
-3.73578
-4.56653
-5.42538
-6.30674
-7.19629
-8.09985
-9.014
-9.93826
-10.875
-11.8057
-12.7402
-13.6773
-14.6151
-15.5549
-16.4933
-17.4229
-18.3534
-19.2752
-20.1968
-21.121
-22.0363
-22.9323
-23.8258
-24.712
-25.5924
-26.4623
-27.3236
-28.1719
-29.0107
-29.8478
-30.6576
-31.4734
-32.275
-33.0677
-33.8479
-34.6198
-35.3839
-36.1297
-36.8579
-37.5797
-38.288
-38.9915
-39.6829
-40.3557
-41.0216
-41.6783
-42.3201
-42.9545
-43.5759
-44.1913
-44.7902
-45.3726
-45.9466
-46.5136
-47.0745
-47.6156
-48.1445
-48.6698
-49.1826
-49.6909
-50.189
-50.6744
-51.1564
-51.6269
-52.0774
-52.5265
-52.972
-53.408
-53.8277
-54.2446
-54.6465
-55.0382
-55.4276
-55.7975
-56.1598
-56.5118
-56.8414
-57.1696
-57.4946
-57.8084
-58.1159
-58.403
-58.6912
-58.9659
-59.2423
-59.5009
-59.7455
-59.9838
-60.2176
-60.4373
-60.6462
-60.8488
-61.0412
-61.2218
-61.3914
-61.5501
-61.7035
-61.8476
-61.9902
-62.1271
-62.2471
-62.356
-62.4634
-62.557
-62.6533
-62.7323
-62.8033
-62.8704
-62.9231
-62.9665
-63.0002
-63.0304
-63.0594
-63.0766
-63.0786
-63.0772
-63.0561
-63.0226
-62.9985
-62.9675
-62.9284
-62.8645
-62.7944
-62.717
-62.6312
-62.5341
-62.4297
-62.3128
-62.1805
-62.0554
-61.9223
-61.7782
-61.6219
-61.4677
-61.299
-61.1201
-60.926
-60.7248
-60.5018
-60.2798
-60.0573
-59.8155
-59.5706
-59.3079
-59.0394
-58.7633
-58.4756
-58.1859
-57.8832
-57.5705
-57.2447
-56.9163
-56.5863
-56.2338
-55.8664
-55.4873
-55.119
-54.7301
-54.3337
-53.9221
-53.4984
-53.0675
-52.6371
-52.1952
-51.7417
-51.283
-50.806
-50.3053
-49.8091
-49.3043
-48.7786
-48.2377
-47.7004
-47.1563
-46.598
-46.0293
-45.453
-44.8691
-44.2764
-43.6631
-43.0345
-42.409
-41.7721
-41.1202
-40.4657
-39.793
-39.1113
-38.4219
-37.7393
-37.0306
-36.3083
-35.5913
-34.8702
-34.1446
-33.4057
-32.6623
-31.9048
-31.1586
-30.3879
-29.6229
-28.8492
-28.0745
-27.295
-26.5135
-25.7207
-24.9286
-24.1361
-23.333
-22.5411
-21.7424
-20.9412
-20.1455
-19.3526
-18.5595
-17.7759
-17.0005
-16.2344
-15.4694
-14.687
-13.9181
-13.1478
-12.3987
-11.6591
-10.9378
-10.2241
-9.53238
-8.86144
-8.20049
-7.54455
-6.8743
-6.24776
-5.61781
-5.00017
-4.41022
-3.82728
-3.26263
-2.70949
-2.18444
-1.6605
-1.19395
-0.753406
-0.35106
0.038085
0.39493
0.707276
0.965721
1.22757
1.46921
1.66196
1.8179
1.94065
1.98319
1.96904
1.93728
1.79843
1.68077
1.53072
1.31126
1.09271
0.810755
0.5025
0.141446
-0.279009
-0.779964
-1.30972
-1.85127
-2.52613
-3.24768
-3.99704
-4.79559
-5.59095
-6.5451
-7.58226
-8.66801
-9.84967
-11.0858
-12.5137
-13.8908
-15.3911
-16.9709
-18.6538
-20.4364
-22.2665
-24.1162
