Input file: C:\Users\Garrett\Desktop\School\Thesis\TMMC\Confirmation_Results\Ethane\output\220K\out_ETH_220K_1750_Mie_RUN3.log
Temperature     Box Volume      Midpoint        
220             27000           130             
Vap Dens mol/m3 Liq Dens mol/m3 Vapor Pressure  Surface Tension 
302.041         16446           0.500059        0.0109848       
Weight Function 
0
1.40191
2.14783
2.53114
2.65646
2.59637
2.39519
2.0808
1.66912
1.17633
0.61525
-0.00613536
-0.67502
-1.38401
-2.13739
-2.91998
-3.73016
-4.57045
-5.42713
-6.29912
-7.1846
-8.08179
-8.98707
-9.90316
-10.8253
-11.758
-12.6953
-13.6333
-14.5738
-15.5056
-16.4402
-17.3722
-18.3001
-19.2239
-20.1406
-21.0497
-21.955
-22.8518
-23.7409
-24.6281
-25.5033
-26.3685
-27.2278
-28.0695
-28.9096
-29.7408
-30.5582
-31.3664
-32.166
-32.9488
-33.722
-34.4811
-35.2272
-35.9721
-36.7047
-37.4277
-38.1379
-38.8301
-39.519
-40.1956
-40.8622
-41.5188
-42.1699
-42.8056
-43.4255
-44.0453
-44.6478
-45.2337
-45.8081
-46.3792
-46.9359
-47.4809
-48.0192
-48.5474
-49.0703
-49.582
-50.083
-50.5689
-51.0564
-51.5216
-51.9848
-52.4334
-52.8713
-53.2904
-53.7058
-54.1178
-54.5148
-54.8971
-55.2758
-55.6359
-55.9929
-56.3468
-56.6941
-57.031
-57.3537
-57.6651
-57.9693
-58.2639
-58.5496
-58.8167
-59.076
-59.3257
-59.5658
-59.8061
-60.0281
-60.2484
-60.461
-60.6626
-60.846
-61.0297
-61.2038
-61.3588
-61.504
-61.6442
-61.7824
-61.9065
-62.025
-62.1412
-62.243
-62.3317
-62.4072
-62.4823
-62.5502
-62.603
-62.658
-62.7099
-62.7483
-62.7698
-62.7918
-62.8026
-62.8031
-62.7959
-62.7803
-62.7634
-62.7277
-62.6875
-62.6343
-62.5778
-62.5135
-62.4353
-62.3495
-62.2495
-62.1503
-62.0372
-61.9133
-61.7832
-61.6411
-61.492
-61.3309
-61.1682
-60.9989
-60.816
-60.6204
-60.4156
-60.2124
-59.9922
-59.7659
-59.5243
-59.2841
-59.032
-58.76
-58.4816
-58.2041
-57.9154
-57.6007
-57.2877
-56.9624
-56.6321
-56.2961
-55.9466
-55.5904
-55.2251
-54.8443
-54.4527
-54.05
-53.6468
-53.2278
-52.7982
-52.3622
-51.9136
-51.455
-50.9876
-50.5062
-50.0167
-49.5195
-49.0124
-48.4993
-47.9637
-47.4216
-46.8764
-46.3243
-45.7512
-45.173
-44.5836
-43.991
-43.3769
-42.7532
-42.1222
-41.4824
-40.8379
-40.1759
-39.5124
-38.8444
-38.1542
-37.4532
-36.7598
-36.0411
-35.3156
-34.5893
-33.8613
-33.1144
-32.3706
-31.6115
-30.8455
-30.0829
-29.2967
-28.5202
-27.7385
-26.941
-26.1621
-25.3714
-24.5865
-23.7959
-23.0039
-22.1885
-21.3781
-20.5859
-19.7805
-19.0006
-18.2203
-17.4343
-16.6604
-15.8844
-15.0862
-14.3152
-13.5487
-12.791
-12.0461
-11.319
-10.6028
-9.89201
-9.19949
-8.50528
-7.84786
-7.16535
-6.52553
-5.86972
-5.235
-4.63279
-4.04007
-3.45126
-2.91694
-2.41043
-1.91961
-1.4523
-1.03568
-0.634468
-0.273953
0.0888616
0.420977
0.740892
1.03371
1.27302
1.49244
1.67045
1.83797
1.91528
1.9304
1.92841
1.88143
1.80184
1.64536
1.49787
1.30009
1.0544
0.759016
0.443631
0.104046
-0.335739
-0.868224
-1.40211
-2.01099
-2.69508
-3.43276
-4.17715
-5.06163
-5.92632
-6.8634
-7.86879
-8.98717
-10.2568
-11.5645
-12.9918
-14.5234
-16.1596
-17.8516
-19.6156
-21.6244
-23.4518
-25.328
