Input file: 200K\out_ETH_200K_1700_RUN2.log
Temperature     Box Volume      Midpoint        
200             27000           135             
Vap Dens mol/m3 Liq Dens mol/m3 Vapor Pressure  Surface Tension 
194.652         17386.1         0.302404        0.0133739       
Weight Function 
0
1.01812
1.39014
1.39245
1.14967
0.722088
0.154505
-0.530277
-1.30476
-2.15934
-3.08412
-4.06171
-5.08309
-6.14947
-7.24635
-8.36934
-9.51422
-10.6838
-11.874
-13.0736
-14.286
-15.51
-16.7344
-17.9624
-19.192
-20.4229
-21.6536
-22.8795
-24.1056
-25.3272
-26.537
-27.7429
-28.9417
-30.1283
-31.3106
-32.4774
-33.6404
-34.7839
-35.9155
-37.0343
-38.1397
-39.2296
-40.3103
-41.3754
-42.4313
-43.466
-44.4944
-45.5029
-46.5003
-47.4814
-48.4468
-49.404
-50.3406
-51.2628
-52.1772
-53.0713
-53.958
-54.8247
-55.6815
-56.5236
-57.3579
-58.1748
-58.9713
-59.7646
-60.5463
-61.3062
-62.0479
-62.7879
-63.5109
-64.2219
-64.9291
-65.618
-66.2943
-66.9546
-67.6081
-68.2483
-68.8794
-69.4941
-70.0963
-70.6891
-71.2744
-71.841
-72.4004
-72.9431
-73.4771
-73.9951
-74.5068
-75.0062
-75.4893
-75.9708
-76.4386
-76.893
-77.3414
-77.7757
-78.1976
-78.6082
-79.0042
-79.3763
-79.75
-80.1075
-80.4613
-80.8034
-81.1329
-81.4481
-81.746
-82.0412
-82.3292
-82.6032
-82.8663
-83.1212
-83.3651
-83.5958
-83.8129
-84.0202
-84.2248
-84.4168
-84.5965
-84.7609
-84.9218
-85.0694
-85.2031
-85.3257
-85.4498
-85.5607
-85.6631
-85.7557
-85.8395
-85.9282
-85.9932
-86.052
-86.1072
-86.148
-86.1769
-86.209
-86.2279
-86.2399
-86.2389
-86.2247
-86.2078
-86.187
-86.1442
-86.1058
-86.0518
-85.9864
-85.9162
-85.8367
-85.7391
-85.6336
-85.5223
-85.3922
-85.2535
-85.1036
-84.95
-84.7834
-84.6115
-84.4266
-84.2331
-84.0346
-83.8124
-83.5654
-83.3238
-83.0685
-82.8018
-82.526
-82.2351
-81.9377
-81.6263
-81.3006
-80.9795
-80.6364
-80.2817
-79.9114
-79.5269
-79.134
-78.7281
-78.3118
-77.8926
-77.456
-77.0039
-76.5454
-76.0805
-75.6008
-75.1008
-74.6006
-74.0945
-73.5691
-73.0423
-72.4969
-71.9283
-71.3496
-70.7712
-70.1782
-69.5711
-68.9533
-68.3333
-67.6793
-67.0139
-66.3409
-65.6583
-64.9678
-64.2496
-63.5179
-62.7883
-62.0332
-61.2757
-60.5023
-59.7085
-58.8983
-58.0834
-57.2619
-56.4179
-55.5708
-54.708
-53.8372
-52.9463
-52.046
-51.125
-50.1906
-49.2649
-48.3217
-47.366
-46.411
-45.457
-44.4832
-43.5037
-42.512
-41.5183
-40.5302
-39.5309
-38.5101
-37.4908
-36.477
-35.4666
-34.4355
-33.4254
-32.41
-31.3996
-30.3673
-29.3398
-28.3254
-27.3102
-26.3094
-25.3209
-24.3347
-23.3448
-22.3581
-21.4048
-20.4396
-19.4792
-18.5383
-17.6091
-16.6841
-15.7729
-14.8829
-14.0079
-13.1485
-12.3097
-11.476
-10.6909
-9.89346
-9.12624
-8.39512
-7.69321
-7.03869
-6.39717
-5.74925
-5.13304
-4.54072
-3.9788
-3.47268
-2.94897
-2.49585
-2.05003
-1.62071
-1.2583
-0.901178
-0.563461
-0.307643
-0.0554256
0.167992
0.299209
0.403427
0.456945
0.487562
0.48408
0.413397
0.305115
0.178332
-0.0822502
-0.381133
-0.748115
-1.1665
-1.61078
-2.14226
-2.70575
-3.32453
-3.98171
-4.79609
-5.64757
-6.53346
