Input file: 200K\out_ETH_200K_1700_RUN4.log
Temperature     Box Volume      Midpoint        
200             27000           135             
Vap Dens mol/m3 Liq Dens mol/m3 Vapor Pressure  Surface Tension 
194.385         17365.1         0.301844        0.0133802       
Weight Function 
0
1.01827
1.38424
1.38582
1.14339
0.713762
0.145735
-0.538093
-1.31492
-2.16745
-3.08638
-4.0611
-5.08933
-6.14986
-7.23929
-8.36221
-9.50764
-10.6792
-11.867
-13.0678
-14.2772
-15.4988
-16.7256
-17.955
-19.1863
-20.4149
-21.6417
-22.8671
-24.0914
-25.3127
-26.527
-27.7335
-28.9299
-30.1177
-31.2961
-32.4608
-33.6205
-34.7689
-35.903
-37.0229
-38.1282
-39.2241
-40.3114
-41.3778
-42.4373
-43.4808
-44.5085
-45.5217
-46.5216
-47.5054
-48.4791
-49.4329
-50.3755
-51.3036
-52.2209
-53.1225
-54.0064
-54.8824
-55.7439
-56.5943
-57.4254
-58.243
-59.0463
-59.8409
-60.6183
-61.3811
-62.1332
-62.8757
-63.603
-64.3215
-65.0234
-65.711
-66.3858
-67.0507
-67.7048
-68.3405
-68.9704
-69.5912
-70.202
-70.7984
-71.382
-71.9554
-72.516
-73.066
-73.6091
-74.1328
-74.6469
-75.1463
-75.6304
-76.1007
-76.5647
-77.0216
-77.4609
-77.8938
-78.3135
-78.7261
-79.1185
-79.5069
-79.8778
-80.2369
-80.5841
-80.9228
-81.2493
-81.5678
-81.8693
-82.1638
-82.4392
-82.7136
-82.9779
-83.2254
-83.4621
-83.6841
-83.8999
-84.1156
-84.3057
-84.4965
-84.6784
-84.8419
-84.9928
-85.1399
-85.2799
-85.407
-85.5316
-85.6511
-85.753
-85.8414
-85.9245
-86.0073
-86.0662
-86.123
-86.1656
-86.2017
-86.2314
-86.252
-86.266
-86.2794
-86.2753
-86.2568
-86.2319
-86.2038
-86.1689
-86.1218
-86.0576
-85.9884
-85.9094
-85.8187
-85.724
-85.6145
-85.492
-85.3722
-85.2287
-85.0786
-84.9224
-84.7518
-84.5669
-84.3681
-84.176
-83.9599
-83.7353
-83.5016
-83.2635
-83.0156
-82.7542
-82.4808
-82.188
-81.8961
-81.5839
-81.2586
-80.9148
-80.5742
-80.218
-79.8428
-79.4646
-79.0701
-78.6668
-78.2463
-77.822
-77.391
-76.9386
-76.4783
-76.0042
-75.524
-75.0238
-74.5163
-74.0018
-73.4735
-72.9343
-72.3844
-71.8241
-71.2427
-70.6605
-70.0665
-69.454
-68.8267
-68.189
-67.5384
-66.8803
-66.2035
-65.5127
-64.8128
-64.0992
-63.3635
-62.6297
-61.8844
-61.1297
-60.3491
-59.5589
-58.7646
-57.9657
-57.1378
-56.3121
-55.4599
-54.5939
-53.7184
-52.8306
-51.9316
-51.0067
-50.0868
-49.1531
-48.2125
-47.2565
-46.2979
-45.3283
-44.3553
-43.3706
-42.3773
-41.3797
-40.389
-39.3988
-38.3992
-37.3926
-36.3807
-35.3487
-34.3356
-33.3041
-32.2827
-31.2405
-30.2165
-29.1872
-28.1658
-27.1569
-26.1674
-25.1579
-24.1683
-23.171
-22.1954
-21.2402
-20.2768
-19.3232
-18.3819
-17.4595
-16.5529
-15.6582
-14.801
-13.9457
-13.1047
-12.2443
-11.4106
-10.6017
-9.82264
-9.06957
-8.31989
-7.62402
-6.93325
-6.29468
-5.6702
-5.04223
-4.42916
-3.85069
-3.28861
-2.78654
-2.31677
-1.8624
-1.46473
-1.10275
-0.76698
-0.478408
-0.244635
-0.010263
0.201809
0.365682
0.449254
0.497827
0.477899
0.464972
0.380644
0.208016
-0.00771112
-0.259239
-0.520066
-0.845594
-1.21952
-1.63085
-2.11808
-2.684
-3.29783
-3.98966
-4.73059
-5.58381
-6.44904
