Input file: 200K\out_ETH_200K_1700_RUN1.log
Temperature     Box Volume      Midpoint        
200             27000           135             
Vap Dens mol/m3 Liq Dens mol/m3 Vapor Pressure  Surface Tension 
194.564         17345.9         0.302095        0.0133442       
Weight Function 
0
1.02099
1.38558
1.38757
1.14376
0.719045
0.151434
-0.529477
-1.30649
-2.1603
-3.08161
-4.05152
-5.07023
-6.12714
-7.21595
-8.34107
-9.48858
-10.6602
-11.8437
-13.0406
-14.2513
-15.4652
-16.6876
-17.9165
-19.1455
-20.3744
-21.6008
-22.8296
-24.0531
-25.2718
-26.4857
-27.696
-28.8875
-30.0729
-31.2502
-32.4182
-33.5708
-34.71
-35.8423
-36.9584
-38.0634
-39.157
-40.2409
-41.3062
-42.3616
-43.4021
-44.4235
-45.4306
-46.4269
-47.4103
-48.3762
-49.3283
-50.2721
-51.197
-52.1126
-53.0115
-53.8992
-54.7652
-55.6138
-56.4547
-57.2819
-58.0982
-58.9056
-59.6959
-60.4727
-61.2432
-61.9912
-62.725
-63.4432
-64.1561
-64.8503
-65.5305
-66.2027
-66.8719
-67.5267
-68.1642
-68.7892
-69.4067
-70.0145
-70.6007
-71.1818
-71.7509
-72.3083
-72.8548
-73.386
-73.9074
-74.4188
-74.9152
-75.4002
-75.8712
-76.3297
-76.7843
-77.2245
-77.6535
-78.0673
-78.4775
-78.8774
-79.2664
-79.6369
-79.9935
-80.3419
-80.6832
-81.004
-81.3228
-81.628
-81.9164
-82.1948
-82.4715
-82.7295
-82.9746
-83.2088
-83.436
-83.659
-83.8731
-84.0785
-84.262
-84.4337
-84.6042
-84.762
-84.9066
-85.0498
-85.1722
-85.2918
-85.3919
-85.4955
-85.5924
-85.6749
-85.7523
-85.821
-85.8756
-85.9261
-85.9629
-85.9948
-86.0195
-86.0353
-86.0477
-86.0357
-86.023
-86.0048
-85.9704
-85.9266
-85.8682
-85.8166
-85.7549
-85.6927
-85.608
-85.51
-85.4068
-85.2939
-85.1703
-85.0198
-84.8722
-84.7013
-84.5386
-84.3541
-84.1716
-83.9633
-83.7531
-83.5287
-83.2975
-83.0531
-82.7902
-82.5241
-82.2393
-81.9449
-81.6319
-81.3158
-80.9909
-80.6635
-80.3217
-79.962
-79.5828
-79.2044
-78.8038
-78.392
-77.9821
-77.5546
-77.1201
-76.6626
-76.2045
-75.731
-75.25
-74.7552
-74.2456
-73.7277
-73.1918
-72.6441
-72.0935
-71.5275
-70.9447
-70.359
-69.7612
-69.1407
-68.5186
-67.8783
-67.2186
-66.5582
-65.8798
-65.1874
-64.4957
-63.7894
-63.0601
-62.3337
-61.5806
-60.8231
-60.0545
-59.2718
-58.4833
-57.678
-56.8643
-56.0229
-55.1707
-54.3048
-53.4309
-52.544
-51.6358
-50.729
-49.8107
-48.8731
-47.9257
-46.9854
-46.0438
-45.0864
-44.1263
-43.1329
-42.146
-41.1554
-40.1566
-39.1639
-38.161
-37.1536
-36.1613
-35.1539
-34.1393
-33.1099
-32.0833
-31.0742
-30.0543
-29.0278
-28.0149
-27.0065
-26.0121
-25.0269
-24.0294
-23.0421
-22.0809
-21.1232
-20.1641
-19.2252
-18.2767
-17.3508
-16.4405
-15.5361
-14.6238
-13.7589
-12.9036
-12.0636
-11.2589
-10.4474
-9.68336
-8.93167
-8.18348
-7.46979
-6.7835
-6.12411
-5.46992
-4.86564
-4.23925
-3.68336
-3.12587
-2.60458
-2.16019
-1.7206
-1.32811
-0.951424
-0.632735
-0.370046
-0.133557
0.0905316
0.289021
0.39911
0.477998
0.489787
0.458176
0.333465
0.229454
0.107443
-0.0401678
-0.258979
-0.54269
-0.864001
-1.22801
-1.70472
-2.17173
-2.77525
-3.36566
-4.07997
-4.79208
-5.62439
-6.4968
