Input file: C:\Users\Garrett\Desktop\School\Thesis\TMMC\Confirmation_Results\Methane\output\170K\out_MET_170K_1220_RUN2.log
Temperature     Box Volume      Midpoint        
170             27000           167             
Vap Dens mol/m3 Liq Dens mol/m3 Vapor Pressure  Surface Tension 
2398.43         18007.6         2.38187         0.00203787      
Weight Function 
0
3.06006
5.44162
7.43149
9.15165
10.6632
12.0087
13.2213
14.3153
15.3025
16.1951
17.0128
17.7648
18.447
19.0773
19.6513
20.1834
20.6595
21.094
21.4941
21.8554
22.1835
22.4809
22.7472
22.9901
23.2057
23.4008
23.5676
23.7107
23.8426
23.953
24.0452
24.1231
24.1803
24.224
24.2543
24.2686
24.2696
24.2617
24.2379
24.2048
24.1603
24.1047
24.0392
23.9699
23.8893
23.8025
23.7113
23.606
23.495
23.3779
23.2578
23.1318
23.0017
22.8669
22.7239
22.5761
22.4268
22.2779
22.1246
21.9649
21.8022
21.6386
21.4726
21.3083
21.1381
20.9652
20.7952
20.622
20.4482
20.2703
20.0906
19.9155
19.7362
19.5575
19.375
19.19
19.0042
18.8181
18.634
18.4568
18.2775
18.0985
17.9152
17.7352
17.5546
17.3734
17.1942
17.0152
16.8381
16.6637
16.4938
16.3204
16.1499
15.9867
15.8229
15.6566
15.491
15.3243
15.1607
14.994
14.8314
14.6743
14.5154
14.3632
14.2116
14.0652
13.9148
13.7662
13.6158
13.4665
13.3234
13.182
13.0381
12.9025
12.7667
12.6299
12.5048
12.371
12.2454
12.1238
11.9992
11.8835
11.7696
11.6557
11.5446
11.4356
11.3272
11.2217
11.1171
11.0161
10.9207
10.83
10.7414
10.6556
10.5681
10.4808
10.3949
10.3155
10.2328
10.1597
10.0854
10.0098
9.9451
9.87956
9.81522
9.75388
9.69565
9.64751
9.59817
9.54953
9.5018
9.45556
9.41632
9.37428
9.34084
9.30941
9.27737
9.24733
9.22309
9.19836
9.17902
9.16298
9.14664
9.138
9.12927
9.12063
9.11719
9.11835
9.12482
9.12948
9.13274
9.1404
9.15366
9.16973
9.18339
9.20465
9.22241
9.24568
9.27044
9.2947
9.32866
9.36492
9.41109
9.45305
9.49551
9.54327
9.59544
9.6467
9.70016
9.75442
9.81098
9.87225
9.93491
10.0017
10.0752
10.1433
10.2167
10.2973
10.3777
10.457
10.5392
10.6271
10.7177
10.8132
10.9111
11.009
11.109
11.2122
11.3198
11.4289
11.5321
11.6373
11.749
11.8671
11.9831
12.0993
12.223
12.3429
12.4676
12.5988
12.7304
12.864
12.996
13.128
13.2683
13.4071
13.5468
13.6907
13.8325
13.9809
14.1296
14.2815
14.4348
14.5907
14.7421
14.8964
15.0623
15.2207
15.3922
15.5557
15.7202
15.879
16.049
16.2115
16.3768
16.5492
16.7206
16.8934
17.067
17.2345
17.4174
17.5974
17.7784
17.9588
18.1348
18.3187
18.4904
18.6707
18.8507
19.0301
19.2198
19.4052
19.5893
19.7693
19.9478
20.1287
20.3124
20.4928
20.669
20.8454
21.0265
21.2024
21.3807
21.5576
21.7357
21.9084
22.0752
22.2467
22.4144
22.5789
22.7477
22.9123
23.0738
23.2356
23.3965
23.5581
23.7104
23.8701
24.0193
24.1585
24.3039
24.4403
24.5796
24.7169
24.8423
24.9749
25.1002
25.2217
25.3441
