Input file: C:\Users\Garrett\Desktop\School\Thesis\TMMC\Confirmation_Results\Methane\output\170K\out_MET_170K_1220_Mie_RUN1.log
Temperature     Box Volume      Midpoint        
170             27000           170             
Vap Dens mol/m3 Liq Dens mol/m3 Vapor Pressure  Surface Tension 
2388.6          18032.1         2.37115         0.00205186      
Weight Function 
0
3.05938
5.43665
7.42843
9.14581
10.654
11.9994
13.2008
14.2905
15.2777
16.1742
16.9957
17.7417
18.4171
19.0406
19.6079
20.1303
20.6016
21.0346
21.4312
21.7906
22.1185
22.4147
22.6764
22.9137
23.1268
23.3121
23.4799
23.625
23.7497
23.8535
23.9402
24.0097
24.0645
24.1023
24.1315
24.1441
24.1442
24.1253
24.0996
24.059
24.0165
23.9594
23.8952
23.8208
23.7429
23.659
23.5695
23.4707
23.3608
23.2426
23.1245
22.9961
22.8671
22.734
22.5992
22.4542
22.3072
22.1528
21.995
21.8364
21.6735
21.5091
21.3421
21.1744
21.0011
20.823
20.6512
20.474
20.2948
20.1114
19.932
19.7526
19.5694
19.385
19.2003
19.0227
18.8427
18.6613
18.4835
18.3018
18.1208
17.9408
17.7614
17.5825
17.4066
17.2258
17.0434
16.8627
16.6858
16.5056
16.3319
16.1579
15.9801
15.8076
15.6347
15.4626
15.2947
15.126
14.9547
14.7888
14.6302
14.4695
14.311
14.1566
14.0031
13.8543
13.7027
13.5527
13.4038
13.2618
13.1266
12.9866
12.8516
12.7195
12.5871
12.4622
12.3311
12.1978
12.0697
11.9505
11.8291
11.716
11.6025
11.4885
11.3683
11.2598
11.1555
11.0459
10.9397
10.8383
10.7424
10.6434
10.5479
10.4601
10.3769
10.2937
10.2105
10.1358
10.0612
9.99029
9.91597
9.84294
9.77562
9.7129
9.64597
9.58485
9.53113
9.4767
9.42138
9.37645
9.32913
9.28371
9.24148
9.20716
9.16534
9.13141
9.10229
9.07547
9.05354
9.02582
9.00179
8.98807
8.97675
8.96742
8.9559
8.93928
8.92645
8.92183
8.91911
8.91898
8.92026
8.92353
8.94001
8.95109
8.96896
8.98284
9.00522
9.02299
9.05077
9.07985
9.11222
9.1424
9.17587
9.21275
9.25073
9.2945
9.34138
9.39106
9.44533
9.49991
9.55778
9.61226
9.67674
9.73931
9.79989
9.86807
9.94954
10.0268
10.1052
10.1838
10.2674
10.3469
10.4336
10.518
10.6091
10.7014
10.7953
10.8922
10.9842
11.0893
11.1987
11.3052
11.4187
11.5309
11.647
11.7663
11.8855
12.0108
12.1291
12.2514
12.3803
12.5111
12.6428
12.7778
12.9167
13.0585
13.2067
13.348
13.4888
13.6352
13.7789
13.9242
14.0746
14.2291
14.3814
14.5402
14.6966
14.8536
15.0175
15.1786
15.3451
15.5119
15.6741
15.8463
16.0172
16.1884
16.3572
16.5347
16.7151
16.8925
17.0732
17.2489
17.4237
17.6015
17.7887
17.9701
18.1502
18.334
18.5194
18.7056
18.8947
19.0784
19.2535
19.4393
19.6217
19.8059
19.9798
20.1627
20.3521
20.5399
20.7233
20.9122
21.0923
21.2773
21.4574
21.6423
21.8113
21.9854
22.1601
22.3285
22.5061
22.6805
22.8446
23.0176
23.1811
23.3355
23.5006
23.6546
23.8197
23.9804
24.1484
24.301
24.4437
24.5883
24.74
24.884
25.0246
25.1653
25.3035
