Input file: C:\Users\Garrett\Desktop\School\Thesis\TMMC\Confirmation_Results\Methane\output\170K\out_MET_170K_1220_Mie_RUN4.log
Temperature     Box Volume      Midpoint        
170             27000           168             
Vap Dens mol/m3 Liq Dens mol/m3 Vapor Pressure  Surface Tension 
2393.57         18025.4         2.37282         0.00204991      
Weight Function 
0
3.06223
5.44196
7.43059
9.14791
10.6595
12.0039
13.2092
14.2975
15.2863
16.1858
17.0051
17.7512
18.4284
19.0478
19.6204
20.1447
20.6183
21.0507
21.4422
21.8022
22.1294
22.4213
22.6868
22.9254
23.1375
23.3192
23.4821
23.6228
23.7462
23.8556
23.9468
24.0187
24.0735
24.1168
24.147
24.1608
24.1607
24.1466
24.124
24.0916
24.0482
23.9954
23.9287
23.8587
23.7765
23.6877
23.5931
23.4852
23.3781
23.265
23.1476
23.0214
22.8903
22.7553
22.6193
22.4748
22.3282
22.1759
22.023
21.8719
21.7134
21.553
21.3861
21.22
21.0463
20.8721
20.6982
20.5193
20.3415
20.1586
19.9791
19.7949
19.6144
19.4388
19.2586
19.0807
18.9013
18.7166
18.537
18.3534
18.1696
17.9869
17.8069
17.6259
17.445
17.2639
17.0905
16.9128
16.7359
16.5599
16.3791
16.2004
16.0236
15.8535
15.686
15.517
15.3468
15.1803
15.0187
14.8533
14.6923
14.5379
14.382
14.2226
14.0688
13.9145
13.761
13.6085
13.462
13.3217
13.1822
13.034
12.8982
12.7703
12.6418
12.5072
12.3765
12.2485
12.1217
12.0004
11.8832
11.7671
11.6496
11.5388
11.4249
11.3142
11.2114
11.1024
10.9921
10.8883
10.7847
10.6941
10.602
10.5177
10.4298
10.3464
10.2669
10.1816
10.0989
10.0261
9.94823
9.87706
9.81018
9.74801
9.68454
9.63357
9.5776
9.52433
9.47196
9.42838
9.38101
9.33614
9.29277
9.2547
9.21793
9.18506
9.15398
9.12401
9.09724
9.06487
9.0352
9.01503
9.00056
8.98448
8.96801
8.96064
8.95187
8.9407
8.94113
8.94245
8.94448
8.94881
8.95764
8.97077
8.9814
8.99443
9.01315
9.04288
9.07341
9.10024
9.12577
9.1655
9.20873
9.24745
9.28908
9.32991
9.36834
9.41607
9.4686
9.52693
9.58615
9.64428
9.70681
9.77224
9.83727
9.8984
9.96983
10.0447
10.1199
10.1993
10.2791
10.3618
10.4512
10.5432
10.6312
10.7203
10.8197
10.9265
11.0294
11.1319
11.2383
11.3413
11.4477
11.5583
11.6689
11.7893
11.9108
12.0349
12.1536
12.2784
12.4076
12.5358
12.6692
12.8084
12.9487
13.0907
13.2325
13.3807
13.5298
13.6715
13.8128
13.9656
14.113
14.2663
14.428
14.5826
14.7449
14.9012
15.0604
15.2194
15.3874
15.5574
15.7221
15.8886
16.0513
16.2209
16.3956
16.5718
16.7464
16.9171
17.0889
17.2694
17.4554
17.643
17.8154
17.9917
18.1772
18.3604
18.5484
18.7347
18.9288
19.1101
19.2873
19.4748
19.657
19.8442
20.0244
20.2172
20.4086
20.5854
20.7674
20.9472
21.1301
21.3139
21.4987
21.6832
21.8627
22.0388
22.2177
22.386
22.5565
22.7249
22.8981
23.0596
23.2224
23.3905
23.5578
23.715
23.8696
24.0218
24.1721
24.3275
24.4779
24.6194
24.7598
24.8925
25.024
25.1622
25.293
