Input file: C:\Users\Garrett\Desktop\School\Thesis\TMMC\Confirmation_Results\Methane\output\170K\out_MET_170K_1220_RUN4.log
Temperature     Box Volume      Midpoint        
170             27000           168             
Vap Dens mol/m3 Liq Dens mol/m3 Vapor Pressure  Surface Tension 
2397.78         18006.6         2.38003         0.00204369      
Weight Function 
0
3.06269
5.44387
7.43366
9.15925
10.6708
12.0157
13.2269
14.319
15.3093
16.2108
17.0287
17.7765
18.4587
19.0835
19.6568
20.182
20.661
21.0949
21.4951
21.8546
22.1868
22.4863
22.7574
22.9956
23.2072
23.3971
23.56
23.7073
23.8354
23.9422
24.0295
24.0976
24.1573
24.1992
24.2242
24.2348
24.2344
24.2234
24.2003
24.1693
24.1248
24.0715
24.0101
23.9414
23.8645
23.7779
23.6886
23.5884
23.4783
23.3669
23.2432
23.1206
22.9897
22.8579
22.7215
22.5771
22.4277
22.2758
22.1203
21.9614
21.7983
21.6389
21.4751
21.3057
21.136
20.9678
20.7943
20.6152
20.4421
20.2645
20.0854
19.9048
19.7234
19.5443
19.3657
19.1847
18.9964
18.8099
18.624
18.4411
18.2566
18.0775
17.8969
17.7184
17.5389
17.358
17.1807
17.0038
16.8244
16.6508
16.4752
16.3017
16.1277
15.9579
15.7896
15.6278
15.4628
15.2898
15.1258
14.9663
14.8045
14.6421
14.4845
14.3327
14.179
14.0248
13.8694
13.7176
13.5701
13.4224
13.2799
13.1381
12.9965
12.8619
12.7281
12.5876
12.4507
12.3259
12.1971
12.0733
11.9486
11.8269
11.7071
11.5878
11.4711
11.3587
11.2543
11.1516
11.0437
10.941
10.8413
10.7479
10.6566
10.5666
10.4816
10.3989
10.3262
10.2486
10.17
10.0955
10.0209
9.95089
9.88498
9.81976
9.75825
9.69854
9.64053
9.58691
9.534
9.48879
9.44317
9.40236
9.35365
9.30904
9.27252
9.24031
9.2099
9.18259
9.15717
9.13196
9.11525
9.10143
9.08392
9.07071
9.0571
9.04868
9.04607
9.03966
9.04045
9.05133
9.06072
9.06871
9.08159
9.09738
9.11237
9.13706
9.16244
9.18393
9.21522
9.2457
9.28129
9.31528
9.35357
9.39765
9.44834
9.50173
9.54862
9.6026
9.65319
9.70988
9.76576
9.82665
9.89144
9.94863
10.0104
10.0782
10.1536
10.2289
10.3056
10.3868
10.466
10.5473
10.6341
10.7285
10.8245
10.9272
11.0357
11.1352
11.2443
11.3485
11.4594
11.565
11.6792
11.7905
11.9123
12.0292
12.1538
12.2814
12.4112
12.5398
12.6663
12.7977
12.9328
13.0666
13.2083
13.3504
13.4906
13.6311
13.7774
13.9199
14.0637
14.2192
14.3733
14.5283
14.6854
14.8444
15.0086
15.1695
15.3312
15.489
15.6571
15.8279
15.9894
16.1584
16.332
16.5113
16.6867
16.8588
17.0363
17.2118
17.3992
17.5744
17.7533
17.9316
18.1099
18.296
18.4715
18.6514
18.8305
19.0083
19.1922
19.3655
19.5456
19.7252
19.9085
20.0971
20.2784
20.4623
20.6342
20.8142
20.9966
21.1782
21.3481
21.5214
21.697
21.8682
22.0453
22.2172
22.3895
22.564
22.7347
22.8975
23.0617
23.223
23.3788
23.5263
23.685
23.8451
23.9987
24.1504
24.2983
24.4349
24.5714
24.7045
24.8332
24.9491
25.0742
25.1907
25.3065
