Input file: C:\Users\Garrett\Desktop\School\Thesis\TMMC\Confirmation_Results\Methane\output\170K\out_MET_170K_1220_RUN1.log
Temperature     Box Volume      Midpoint        
170             27000           167             
Vap Dens mol/m3 Liq Dens mol/m3 Vapor Pressure  Surface Tension 
2402.65         18005.3         2.37947         0.00203777      
Weight Function 
0
3.05822
5.44864
7.44376
9.16948
10.6865
12.0323
13.2351
14.3237
15.3109
16.2141
17.0341
17.7808
18.4632
19.0894
19.6621
20.1868
20.6681
21.099
21.4896
21.8494
22.1778
22.473
22.7425
22.984
23.1962
23.3827
23.5504
23.6947
23.8155
23.9228
24.0155
24.0874
24.137
24.1805
24.2056
24.2209
24.2249
24.215
24.1943
24.1648
24.1205
24.068
24.0091
23.9444
23.8661
23.7824
23.6883
23.5843
23.4817
23.3738
23.2549
23.1287
22.9964
22.8612
22.7223
22.5794
22.4308
22.2838
22.1301
21.977
21.8192
21.6594
21.4976
21.3342
21.1626
20.9933
20.8174
20.6396
20.4616
20.2852
20.1065
19.9224
19.7426
19.5632
19.3863
19.2073
19.0193
18.8439
18.6606
18.4771
18.2992
18.1151
17.9337
17.7489
17.5663
17.3914
17.21
17.0327
16.852
16.6827
16.5133
16.3417
16.1677
15.9948
15.8225
15.6539
15.483
15.3136
15.1484
14.9887
14.8243
14.6643
14.5085
14.35
14.2022
14.0505
13.9018
13.7572
13.6112
13.4646
13.3232
13.1779
13.0338
12.8898
12.7516
12.6155
12.4841
12.3503
12.226
12.1046
11.9817
11.8585
11.7386
11.6218
11.5073
11.4
11.2952
11.1882
11.0871
10.9888
10.8973
10.7992
10.7025
10.6124
10.5282
10.4437
10.3628
10.2793
10.1988
10.1249
10.0535
9.98514
9.91446
9.84948
9.7876
9.72902
9.67384
9.61806
9.56228
9.5157
9.47132
9.43604
9.39366
9.35938
9.3235
9.28463
9.25195
9.22837
9.20089
9.17171
9.15593
9.13695
9.11957
9.10539
9.09291
9.08253
9.07745
9.07787
9.07819
9.08121
9.08894
9.09766
9.10418
9.1235
9.14192
9.16054
9.18486
9.20688
9.2364
9.27032
9.30704
9.33966
9.37658
9.4178
9.46292
9.51555
9.56297
9.61369
9.66321
9.71273
9.77175
9.83457
9.89359
9.95981
10.0242
10.0954
10.1728
10.246
10.3221
10.3955
10.4775
10.5556
10.6422
10.7261
10.8163
10.9111
11.0068
11.1063
11.2075
11.3126
11.4229
11.534
11.6404
11.7529
11.8704
11.9929
12.1141
12.2396
12.3608
12.4836
12.6152
12.7438
12.8799
13.0178
13.1492
13.2848
13.4274
13.5699
13.718
13.8683
14.0201
14.1724
14.3284
14.4895
14.6472
14.804
14.9666
15.1301
15.2918
15.455
15.6188
15.7815
15.946
16.1267
16.2993
16.4722
16.6387
16.8145
16.9901
17.1651
17.3454
17.522
17.697
17.8723
18.0467
18.2263
18.4046
18.5946
18.7814
18.9691
19.1541
19.3387
19.5254
19.7111
19.8963
20.0689
20.2529
20.4316
20.6054
20.7875
20.9693
21.1557
21.3275
21.5059
21.6849
21.8634
22.0417
22.2189
22.3995
22.5774
22.747
22.9137
23.0732
23.2303
23.3883
23.5522
23.701
23.8513
23.9945
24.1466
24.2877
24.4242
24.5509
24.6857
24.8192
24.9463
25.0655
25.1855
25.2961
