Input file: C:\Users\Garrett\Desktop\School\Thesis\TMMC\Confirmation_Results\Methane\output\170K\out_MET_170K_1220_Mie_RUN3.log
Temperature     Box Volume      Midpoint        
170             27000           168             
Vap Dens mol/m3 Liq Dens mol/m3 Vapor Pressure  Surface Tension 
2393.5          18028.7         2.37244         0.00205733      
Weight Function 
0
3.05765
5.43651
7.43136
9.15391
10.666
12.0119
13.2168
14.3039
15.2895
16.1868
17.0038
17.7491
18.4323
19.0574
19.6256
20.1415
20.6137
21.0433
21.4389
21.8015
22.1257
22.4175
22.6819
22.9233
23.1329
23.3162
23.4822
23.6247
23.7517
23.8583
23.948
24.0196
24.0762
24.1188
24.1471
24.1582
24.1548
24.1405
24.1203
24.0799
24.0352
23.9758
23.9085
23.8356
23.7568
23.6685
23.5798
23.4841
23.3747
23.2593
23.144
23.0254
22.8961
22.7616
22.6238
22.48
22.3337
22.1904
22.0392
21.8799
21.7218
21.5636
21.4043
21.2375
21.0642
20.8911
20.715
20.5387
20.3619
20.1866
20.0092
19.8269
19.649
19.4696
19.2869
19.1063
18.9258
18.7412
18.5557
18.373
18.1924
18.0093
17.827
17.6456
17.4602
17.2807
17.1011
16.9215
16.7349
16.5534
16.3789
16.2059
16.0294
15.8572
15.6877
15.5142
15.3444
15.1773
15.0104
14.8444
14.678
14.5168
14.3587
14.1965
14.0422
13.8838
13.7344
13.5853
13.4381
13.2926
13.149
13.0067
12.8647
12.7227
12.5924
12.4611
12.3265
12.1968
12.0743
11.9516
11.8273
11.7109
11.597
11.4853
11.3726
11.2624
11.161
11.0605
10.9563
10.8522
10.753
10.6585
10.5637
10.4771
10.3884
10.3011
10.2162
10.1327
10.055
9.97936
9.90281
9.83226
9.75961
9.69327
9.62982
9.57257
9.51902
9.46078
9.40313
9.35428
9.30793
9.26459
9.22714
9.18509
9.14904
9.1178
9.08345
9.0536
9.02195
8.99381
8.97016
8.94871
8.92916
8.90982
8.90697
8.89822
8.89157
8.88313
8.88368
8.88623
8.88928
8.89814
8.90899
8.92064
8.93889
8.96135
8.9779
9.00315
9.03111
9.06866
9.09491
9.12596
9.15732
9.19197
9.23852
9.28857
9.33403
9.37828
9.43763
9.48998
9.54664
9.59879
9.65544
9.71309
9.77235
9.8444
9.91675
9.9853
10.0652
10.1437
10.2286
10.311
10.3927
10.4849
10.5744
10.6721
10.767
10.8688
10.9658
11.066
11.167
11.276
11.3836
11.4948
11.6112
11.7296
11.8455
11.9648
12.0861
12.2093
12.342
12.4716
12.5992
12.7346
12.8728
13.0105
13.1593
13.299
13.4392
13.5836
13.7308
13.8761
14.0377
14.1906
14.3376
14.5032
14.6631
14.8184
14.9832
15.1453
15.3105
15.4724
15.6349
15.8042
15.97
16.1473
16.324
16.4994
16.6762
16.8598
17.0385
17.2175
17.3994
17.5814
17.7621
17.9416
18.121
18.3066
18.4935
18.6756
18.8621
19.049
19.2375
19.4179
19.604
19.7896
19.9747
20.1615
20.3511
20.5354
20.7171
20.8956
21.0766
21.2618
21.4444
21.6286
21.8038
21.984
22.1672
22.3453
22.5194
22.7024
22.8821
23.0489
23.2218
23.3823
23.5468
23.7131
23.8704
24.0284
24.1715
24.3199
24.4732
24.6159
24.7549
24.8939
25.0322
25.1635
25.2873
