Input file: C:\Users\Garrett\Desktop\School\Thesis\TMMC\Confirmation_Results\Methane\output\170K\out_MET_170K_1220_Mie_RUN2.log
Temperature     Box Volume      Midpoint        
170             27000           169             
Vap Dens mol/m3 Liq Dens mol/m3 Vapor Pressure  Surface Tension 
2398.94         18034.7         2.37555         0.00204774      
Weight Function 
0
3.05058
5.42495
7.41283
9.13021
10.6432
11.9923
13.1995
14.2893
15.2751
16.1751
16.9889
17.7346
18.4184
19.0444
19.6164
20.1384
20.6162
21.0563
21.454
21.8143
22.1441
22.4409
22.7037
22.9444
23.1566
23.3425
23.5083
23.6552
23.7783
23.885
23.973
24.0441
24.1018
24.142
24.1692
24.1837
24.1844
24.1709
24.1531
24.122
24.0755
24.0214
23.9632
23.8953
23.815
23.7273
23.6316
23.5319
23.4192
23.3041
23.1836
23.0628
22.9406
22.8093
22.6706
22.5285
22.3865
22.2428
22.09
21.9287
21.7667
21.6034
21.4403
21.2719
21.1042
20.9312
20.7567
20.5826
20.4087
20.2336
20.0525
19.8709
19.6903
19.5057
19.3236
19.1413
18.9619
18.7719
18.5884
18.4027
18.2239
18.0457
17.8674
17.6841
17.5056
17.3301
17.1514
16.9755
16.7949
16.6223
16.4526
16.2818
16.1109
15.9392
15.7711
15.6053
15.442
15.2744
15.1039
14.9424
14.7849
14.6257
14.4688
14.3026
14.1428
13.989
13.8373
13.6861
13.5378
13.3907
13.249
13.1144
12.9776
12.8343
12.6973
12.5579
12.4243
12.2901
12.157
12.0308
11.9099
11.7988
11.6799
11.5687
11.457
11.3446
11.2388
11.129
11.0254
10.9262
10.8272
10.733
10.6384
10.5462
10.4576
10.3697
10.2872
10.2072
10.1311
10.0468
9.97726
9.90553
9.83661
9.77059
9.71137
9.65524
9.59752
9.5457
9.49487
9.44965
9.40403
9.3601
9.31358
9.28026
9.24094
9.20871
9.18019
9.15357
9.12174
9.09652
9.0798
9.06378
9.05385
9.04013
9.03031
9.01178
8.99846
8.99774
8.99671
8.99919
9.00637
9.00965
9.02292
9.0359
9.05648
9.07275
9.08943
9.11051
9.13288
9.15996
9.19124
9.22842
9.26959
9.31027
9.34455
9.38222
9.4255
9.47198
9.52625
9.57523
9.62791
9.68959
9.74756
9.81574
9.87862
9.94849
10.0232
10.1006
10.1756
10.2545
10.3361
10.4237
10.5123
10.6011
10.6882
10.7822
10.8825
10.9818
11.0831
11.1856
11.2826
11.3845
11.4961
11.6041
11.7172
11.8297
11.9432
12.0609
12.1792
12.2979
12.4164
12.5504
12.6826
12.8148
12.9431
13.0897
13.2293
13.3718
13.5079
13.65
13.8002
13.9532
14.1039
14.2553
14.4167
14.5805
14.7441
14.9067
15.0674
15.2241
15.3805
15.5428
15.7021
15.8686
16.0336
16.2049
16.3833
16.5624
16.7355
16.9084
17.0802
17.2545
17.4382
17.6155
17.7954
17.9788
18.1649
18.3484
18.5274
18.7087
18.8936
19.0738
19.2603
19.4416
19.616
19.8008
19.9886
20.1649
20.3493
20.5322
20.724
20.9041
21.0913
21.2715
21.4582
21.638
21.8181
21.9958
22.1778
22.3481
22.5277
22.7123
22.8872
23.0608
23.2239
23.3941
23.5574
23.7167
23.8761
24.0391
24.1986
24.3459
24.4954
24.6482
24.7948
24.9394
25.0789
25.2173
25.353
