Input file: C:\Users\Garrett\Desktop\School\Thesis\TMMC\Confirmation_Results\Methane\output\170K\out_MET_170K_1220_RUN3.log
Temperature     Box Volume      Midpoint        
170             27000           169             
Vap Dens mol/m3 Liq Dens mol/m3 Vapor Pressure  Surface Tension 
2396.2          18011.5         2.3804          0.0020433       
Weight Function 
0
3.05996
5.44943
7.44749
9.16736
10.6801
12.0262
13.2351
14.3382
15.3282
16.2299
17.0479
17.7969
18.4869
19.1178
19.6934
20.2158
20.6924
21.1243
21.515
21.872
22.199
22.4956
22.7665
23.0051
23.2198
23.4088
23.5707
23.72
23.8439
23.9493
24.0376
24.1093
24.1671
24.2051
24.2296
24.2404
24.2377
24.2251
24.2001
24.168
24.1217
24.0724
24.0125
23.9398
23.8574
23.7719
23.6795
23.577
23.4721
23.3638
23.2515
23.1346
23.0053
22.8718
22.7311
22.5865
22.4398
22.2912
22.1363
21.9803
21.8185
21.6542
21.4845
21.3185
21.1464
20.9726
20.7957
20.6175
20.4411
20.2634
20.08
19.8989
19.7177
19.5297
19.3442
19.1629
18.981
18.7985
18.6149
18.4302
18.2455
18.0627
17.8776
17.6983
17.5139
17.3297
17.1462
16.9649
16.7892
16.6136
16.4396
16.2658
16.0904
15.92
15.7503
15.5814
15.4138
15.247
15.0846
14.923
14.7572
14.5948
14.4339
14.2772
14.1237
13.9746
13.8261
13.6772
13.528
13.3804
13.2344
13.0962
12.9509
12.8143
12.6866
12.5534
12.4162
12.284
12.1556
12.0275
11.9051
11.7837
11.6741
11.5577
11.4515
11.3406
11.234
11.1322
11.0288
10.9285
10.8327
10.7408
10.649
10.5583
10.4686
10.3842
10.3044
10.2331
10.1592
10.0848
10.0139
9.94487
9.87693
9.8175
9.75346
9.69173
9.63339
9.58255
9.53212
9.48088
9.43495
9.39071
9.34957
9.31594
9.2849
9.25666
9.23013
9.19849
9.17356
9.14722
9.12388
9.10795
9.10051
9.08858
9.07804
9.0639
9.06047
9.05933
9.057
9.06016
9.06992
9.08159
9.09045
9.10461
9.12108
9.13794
9.16361
9.19127
9.22153
9.2527
9.29346
9.33483
9.37329
9.41835
9.46922
9.52378
9.57515
9.63161
9.68817
9.74474
9.8028
9.86226
9.92223
9.98809
10.0478
10.1217
10.1932
10.2644
10.3433
10.4284
10.5125
10.5998
10.6848
10.7782
10.8706
10.9709
11.0759
11.1824
11.2825
11.3863
11.4946
11.606
11.7167
11.8335
11.946
12.0649
12.1829
12.3061
12.4349
12.5638
12.6941
12.8294
12.9625
13.1001
13.2386
13.3819
13.5301
13.6766
13.8218
13.9708
14.1255
14.2756
14.4295
14.5856
14.742
14.8947
15.053
15.2141
15.3765
15.5412
15.7054
15.8685
16.0362
16.2073
16.3804
16.5545
16.7259
16.8925
17.0673
17.2346
17.4055
17.579
17.7603
17.9405
18.1138
18.2998
18.473
18.6582
18.8366
19.016
19.1973
19.3849
19.5694
19.742
19.9167
20.0957
20.2825
20.4604
20.6365
20.8115
20.9868
21.1646
21.3377
21.514
21.6809
21.8574
22.0386
22.2187
22.383
22.5515
22.7141
22.873
23.0353
23.1944
23.3536
23.5178
23.6738
23.8302
23.9798
24.1311
24.2814
24.4238
24.5734
24.7093
24.8388
24.965
25.0865
25.2138
25.3365
