Input file: C:\Users\Garrett\Desktop\School\Thesis\TMMC\Confirmation_Results\Ethane\output\240K\out_ETH_240K_1800_Mie_RUN2.log
Temperature     Box Volume      Midpoint        
240             27000           125             
Vap Dens mol/m3 Liq Dens mol/m3 Vapor Pressure  Surface Tension 
582.375         15482.5         0.984136        0.00739734      
Weight Function 
0
1.94445
3.22421
4.13386
4.77961
5.23767
5.54632
5.72967
5.81563
5.81748
5.74374
5.60679
5.41274
5.1633
4.87865
4.5553
4.19546
3.79961
3.38386
2.94542
2.48047
1.99362
1.49308
0.978731
0.452584
-0.0865622
-0.636509
-1.19216
-1.7587
-2.32545
-2.89959
-3.47854
-4.06409
-4.65083
-5.23818
-5.82633
-6.41357
-6.99922
-7.58527
-8.17171
-8.74876
-9.32911
-9.90265
-10.4777
-11.0465
-11.6169
-12.1733
-12.734
-13.2891
-13.8296
-14.3725
-14.9095
-15.4394
-15.9566
-16.4696
-16.982
-17.4848
-17.9834
-18.4684
-18.9486
-19.4241
-19.896
-20.3618
-20.8156
-21.2665
-21.7057
-22.137
-22.5604
-22.9844
-23.4009
-23.811
-24.2125
-24.6072
-24.9863
-25.3546
-25.7196
-26.0801
-26.4306
-26.7725
-27.1103
-27.4443
-27.7659
-28.0854
-28.3902
-28.6897
-28.9767
-29.2582
-29.5359
-29.8081
-30.0699
-30.3241
-30.5659
-30.8061
-31.034
-31.2552
-31.4686
-31.6761
-31.8746
-32.0704
-32.2605
-32.4393
-32.6088
-32.7711
-32.9258
-33.0788
-33.2249
-33.364
-33.4914
-33.6116
-33.7297
-33.8325
-33.9306
-34.0193
-34.1098
-34.198
-34.2853
-34.3508
-34.414
-34.4713
-34.511
-34.5511
-34.5849
-34.6068
-34.624
-34.6277
-34.6317
-34.6242
-34.6113
-34.5961
-34.5755
-34.544
-34.5008
-34.452
-34.3963
-34.3254
-34.249
-34.1657
-34.0831
-34.0036
-33.9031
-33.7937
-33.6881
-33.5685
-33.4403
-33.3068
-33.16
-33.0083
-32.85
-32.6775
-32.5106
-32.3305
-32.1463
-31.9561
-31.7528
-31.5466
-31.334
-31.118
-30.8906
-30.6541
-30.4191
-30.1711
-29.9158
-29.6458
-29.3753
-29.1027
-28.8167
-28.5218
-28.2276
-27.9226
-27.6192
-27.2925
-26.9566
-26.619
-26.2656
-25.9182
-25.5629
-25.2035
-24.8225
-24.4391
-24.0537
-23.671
-23.2689
-22.8571
-22.4502
-22.0297
-21.6094
-21.1831
-20.7571
-20.315
-19.8692
-19.4219
-18.9747
-18.5132
-18.0549
-17.5869
-17.11
-16.6219
-16.1414
-15.6451
-15.1584
-14.6727
-14.1815
-13.6891
-13.1886
-12.6842
-12.1849
-11.681
-11.1718
-10.6691
-10.1477
-9.63226
-9.12011
-8.59906
-8.0927
-7.58975
-7.08199
-6.58114
-6.09439
-5.59213
-5.10008
-4.61543
-4.12997
-3.65862
-3.18787
-2.72401
-2.27396
-1.83961
-1.39305
-0.947999
-0.527946
-0.108692
0.298162
0.689915
1.08507
1.46902
1.83018
2.16973
2.50478
2.84004
3.15919
3.45294
3.7163
3.97855
4.2259
4.44066
4.62831
4.80536
4.94832
5.08357
5.15312
5.20838
5.25913
5.28719
5.27554
5.24479
5.20325
5.1009
4.98695
4.84731
4.65326
4.41521
4.17757
3.87912
3.52677
3.14833
2.80058
2.35543
1.87859
1.35614
0.756795
0.102149
-0.563898
-1.35894
-2.16759
-2.98324
-3.84668
-4.75013
-5.79498
-6.88592
-7.96547
-9.08572
-10.3103
-11.5948
-12.8411
-14.2103
-15.6383
-17.1482
-18.7643
-20.3844
-22.0696
-23.8126
-25.6253
