Input file: C:\Users\Garrett\Desktop\School\Thesis\TMMC\Confirmation_Results\Ethane\output\240K\out_ETH_240K_1800_Mie_RUN4.log
Temperature     Box Volume      Midpoint        
240             27000           125             
Vap Dens mol/m3 Liq Dens mol/m3 Vapor Pressure  Surface Tension 
581.82          15463.4         0.986379        0.00738242      
Weight Function 
0
1.94693
3.22907
4.1357
4.79153
5.25326
5.5676
5.75813
5.84526
5.8399
5.76173
5.62076
5.4232
5.18333
4.89016
4.56139
4.19913
3.80986
3.39509
2.95283
2.49686
2.01599
1.51863
1.00376
0.471791
-0.0658755
-0.613943
-1.16521
-1.72348
-2.29644
-2.87291
-3.44498
-4.02474
-4.60851
-5.19568
-5.78045
-6.36931
-6.95368
-7.54815
-8.13621
-8.71958
-9.29415
-9.87341
-10.4475
-11.0178
-11.5842
-12.1435
-12.7035
-13.2574
-13.805
-14.3497
-14.883
-15.4085
-15.9251
-16.4402
-16.9564
-17.4604
-17.9532
-18.4406
-18.9177
-19.3971
-19.8712
-20.332
-20.7879
-21.2303
-21.6659
-22.098
-22.5227
-22.9372
-23.3444
-23.7483
-24.1421
-24.5344
-24.9177
-25.294
-25.659
-26.0189
-26.3728
-26.7124
-27.048
-27.3772
-27.7001
-28.0146
-28.3258
-28.6247
-28.9131
-29.2044
-29.4804
-29.7483
-30.0146
-30.2672
-30.5131
-30.7505
-30.9859
-31.2095
-31.4346
-31.6385
-31.8374
-32.0324
-32.2221
-32.3999
-32.567
-32.7344
-32.8876
-33.0354
-33.1741
-33.3095
-33.4381
-33.556
-33.6734
-33.7732
-33.8748
-33.9652
-34.0529
-34.1328
-34.1998
-34.2596
-34.3113
-34.3573
-34.4007
-34.4406
-34.4801
-34.5006
-34.5167
-34.5293
-34.5307
-34.525
-34.5033
-34.479
-34.4536
-34.4144
-34.3697
-34.3141
-34.2533
-34.1901
-34.1117
-34.031
-33.9462
-33.8577
-33.7566
-33.6536
-33.5319
-33.4071
-33.2846
-33.1538
-33.0027
-32.8598
-32.7019
-32.5402
-32.3578
-32.1775
-31.9904
-31.7951
-31.593
-31.3872
-31.1723
-30.9458
-30.7177
-30.4821
-30.2415
-29.9982
-29.7335
-29.4698
-29.1954
-28.9113
-28.6149
-28.3221
-28.0232
-27.7129
-27.4009
-27.0722
-26.7462
-26.4204
-26.0772
-25.7276
-25.3684
-25.0088
-24.6347
-24.2541
-23.8702
-23.4785
-23.0819
-22.6735
-22.2737
-21.859
-21.4354
-21.0173
-20.5767
-20.1432
-19.7075
-19.259
-18.8005
-18.3504
-17.8828
-17.4107
-16.9405
-16.4614
-15.9915
-15.5014
-15.0081
-14.497
-13.9944
-13.5001
-13.0013
-12.495
-11.9905
-11.4966
-10.9893
-10.4753
-9.96091
-9.44337
-8.93994
-8.42311
-7.90888
-7.39894
-6.89181
-6.38588
-5.88344
-5.39181
-4.91438
-4.42394
-3.93671
-3.46608
-2.99995
-2.53431
-2.08558
-1.62905
-1.19371
-0.740081
-0.301748
0.109285
0.505518
0.906751
1.29488
1.66442
2.02845
2.37248
2.70262
3.00215
3.29328
3.57821
3.84435
4.09458
4.31601
4.51415
4.71318
4.87241
5.01255
5.10598
5.18291
5.25324
5.28938
5.29941
5.26024
5.24208
5.16671
5.08934
4.96778
4.79041
4.57874
4.34047
4.10471
3.80674
3.50587
3.17761
2.81664
2.40467
1.95041
1.41704
0.839871
0.179404
-0.460863
-1.17483
-1.9044
-2.72686
-3.61903
-4.5182
-5.48226
-6.54713
-7.6358
-8.84397
-10.1747
-11.566
-12.9927
-14.4419
-15.9847
-17.6059
-19.2666
-20.9282
-22.7306
-24.6382
