Input file: C:\Users\Garrett\Desktop\School\Thesis\TMMC\Confirmation_Results\Ethane\output\240K\out_ETH_240K_1800_Mie_RUN3.log
Temperature     Box Volume      Midpoint        
240             27000           125             
Vap Dens mol/m3 Liq Dens mol/m3 Vapor Pressure  Surface Tension 
581.755         15485.6         0.986169        0.00740521      
Weight Function 
0
1.94805
3.2346
4.13985
4.7894
5.24965
5.55951
5.75106
5.84171
5.84226
5.76441
5.62426
5.43171
5.17976
4.88671
4.55546
4.19242
3.79827
3.38372
2.93827
2.47622
1.99597
1.50012
0.990673
0.468424
-0.0712253
-0.621074
-1.17612
-1.73317
-2.30432
-2.87717
-3.45892
-4.03507
-4.62202
-5.20897
-5.79612
-6.38646
-6.97601
-7.56786
-8.15521
-8.73456
-9.31201
-9.88246
-10.4562
-11.0291
-11.5961
-12.1565
-12.7129
-13.2645
-13.8061
-14.3422
-14.8777
-15.407
-15.9344
-16.4566
-16.9688
-17.4773
-17.9676
-18.4563
-18.9316
-19.4018
-19.8723
-20.3308
-20.789
-21.2353
-21.6784
-22.1097
-22.5395
-22.9596
-23.3728
-23.7787
-24.1799
-24.573
-24.9581
-25.3426
-25.7087
-26.066
-26.4146
-26.7596
-27.0989
-27.4232
-27.7375
-28.0497
-28.3555
-28.6552
-28.9524
-29.2344
-29.5151
-29.7846
-30.052
-30.3043
-30.5551
-30.7905
-31.0147
-31.2416
-31.4608
-31.6784
-31.875
-32.0668
-32.2555
-32.4348
-32.6151
-32.7774
-32.9416
-33.0954
-33.2429
-33.3734
-33.5034
-33.6191
-33.7353
-33.8463
-33.945
-34.042
-34.1335
-34.2171
-34.2865
-34.3498
-34.4034
-34.4609
-34.5144
-34.5586
-34.5939
-34.6145
-34.6261
-34.6289
-34.6302
-34.6277
-34.6143
-34.5953
-34.5685
-34.5306
-34.4857
-34.4367
-34.3826
-34.3203
-34.2528
-34.1777
-34.1012
-34.0076
-33.909
-33.7946
-33.6838
-33.5594
-33.4384
-33.3106
-33.1722
-33.0237
-32.8659
-32.7028
-32.5317
-32.3535
-32.1632
-31.9711
-31.7656
-31.5557
-31.3317
-31.1012
-30.8699
-30.6407
-30.4043
-30.1535
-29.9032
-29.6413
-29.3721
-29.0875
-28.8011
-28.5187
-28.2237
-27.9226
-27.607
-27.2807
-26.9576
-26.6309
-26.2911
-25.9356
-25.5785
-25.2144
-24.8386
-24.4698
-24.0848
-23.6912
-23.292
-22.8904
-22.4866
-22.0827
-21.6653
-21.2229
-20.784
-20.3509
-19.9092
-19.4609
-19.0019
-18.5491
-18.0874
-17.6225
-17.1501
-16.6731
-16.1792
-15.6836
-15.1954
-14.6988
-14.2113
-13.7087
-13.2128
-12.7055
-12.2028
-11.6886
-11.1766
-10.681
-10.1854
-9.67699
-9.17054
-8.66249
-8.14684
-7.62819
-7.12534
-6.61749
-6.11474
-5.61838
-5.12403
-4.62688
-4.13673
-3.66308
-3.18413
-2.70778
-2.24263
-1.78938
-1.34073
-0.907874
-0.462423
-0.0361724
0.351279
0.75043
1.12268
1.49123
1.85868
2.19343
2.51938
2.84214
3.13869
3.44254
3.69159
3.92644
4.16809
4.38944
4.60959
4.78364
4.91379
5.04365
5.1429
5.23075
5.2935
5.31895
5.3509
5.33185
5.3021
5.21385
5.062
4.88356
4.64631
4.40816
4.11011
3.79686
3.43281
3.02996
2.58371
2.07266
1.55861
1.01687
0.425816
-0.189933
-0.866182
-1.60223
-2.38658
-3.22393
-4.10688
-5.05453
-6.11488
-7.21742
-8.36277
-9.60132
-10.8678
-12.1806
-13.5372
-15.0055
-16.489
-18.0245
-19.5844
-21.2555
-23.0072
-24.8387
