Input file: C:\Users\Garrett\Desktop\School\Thesis\TMMC\Confirmation_Results\Ethane\output\240K\out_ETH_240K_1800_Mie_RUN1.log
Temperature     Box Volume      Midpoint        
240             27000           124             
Vap Dens mol/m3 Liq Dens mol/m3 Vapor Pressure  Surface Tension 
580.093         15490.7         0.985311        0.00738779      
Weight Function 
0
1.95072
3.23594
4.14516
4.79508
5.2563
5.56802
5.75534
5.83675
5.82957
5.75279
5.60801
5.41153
5.16055
4.86977
4.54199
4.18181
3.79053
3.37205
2.93037
2.47029
1.98871
1.49003
0.975345
0.452864
-0.0846164
-0.633297
-1.18868
-1.75056
-2.32054
-2.89262
-3.4787
-4.06128
-4.64306
-5.22764
-5.80812
-6.3936
-6.97548
-7.56096
-8.14705
-8.72703
-9.30521
-9.88299
-10.4525
-11.0175
-11.5824
-12.1462
-12.6989
-13.2534
-13.7972
-14.3397
-14.8737
-15.3991
-15.921
-16.4367
-16.9474
-17.4502
-17.9467
-18.4409
-18.9283
-19.4
-19.871
-20.33
-20.779
-21.2265
-21.6663
-22.0992
-22.5278
-22.9534
-23.3667
-23.7685
-24.1688
-24.562
-24.9455
-25.3197
-25.69
-26.0487
-26.3962
-26.7402
-27.0701
-27.4018
-27.7208
-28.0316
-28.336
-28.6354
-28.9253
-29.2102
-29.4807
-29.7459
-30.0069
-30.2576
-30.5048
-30.7407
-30.9732
-31.1954
-31.4126
-31.6187
-31.8162
-32.0111
-32.1995
-32.3748
-32.5486
-32.7156
-32.8724
-33.0319
-33.176
-33.3106
-33.4387
-33.5594
-33.6685
-33.7748
-33.8749
-33.969
-34.0539
-34.1405
-34.2159
-34.2807
-34.3423
-34.3918
-34.4354
-34.4706
-34.4976
-34.5189
-34.5362
-34.5462
-34.5436
-34.5401
-34.5284
-34.504
-34.4771
-34.4373
-34.3985
-34.3384
-34.2813
-34.2166
-34.1481
-34.0733
-33.9901
-33.8948
-33.7944
-33.6962
-33.5839
-33.4579
-33.3297
-33.1938
-33.0535
-32.9041
-32.7489
-32.5922
-32.4197
-32.2373
-32.053
-31.8613
-31.6642
-31.4598
-31.2481
-31.0243
-30.7917
-30.5503
-30.3097
-30.0622
-29.8049
-29.5365
-29.2696
-28.9999
-28.7177
-28.4206
-28.1214
-27.8062
-27.4855
-27.1649
-26.8353
-26.4968
-26.1615
-25.8152
-25.4586
-25.0985
-24.7309
-24.3617
-23.9704
-23.5814
-23.1879
-22.7944
-22.3945
-21.9805
-21.5688
-21.1506
-20.7206
-20.2904
-19.85
-19.404
-18.9496
-18.4777
-17.9991
-17.5346
-17.0624
-16.574
-16.0882
-15.6022
-15.118
-14.6334
-14.1409
-13.6362
-13.1246
-12.6198
-12.1066
-11.5941
-11.089
-10.583
-10.0683
-9.55104
-9.03642
-8.5157
-8.01208
-7.50626
-6.99794
-6.48962
-5.9854
-5.49258
-5.00246
-4.51834
-4.02923
-3.54571
-3.06809
-2.59927
-2.13065
-1.68663
-1.23531
-0.80859
-0.38147
0.0212489
0.425068
0.831688
1.21821
1.58663
1.93395
2.27106
2.59078
2.9005
3.18402
3.45814
3.72136
3.94768
4.1555
4.35702
4.56704
4.74486
4.90208
5.0371
5.14132
5.19574
5.27956
5.31017
5.33519
5.30521
5.22633
5.14645
5.03107
4.86319
4.68441
4.46983
4.21205
3.91117
3.57429
3.20141
2.79553
2.35595
1.83046
1.30978
0.718503
0.0790226
-0.594958
-1.34684
-2.18912
-3.0528
-3.90958
-4.79046
-5.74714
-6.80482
-7.9133
-9.11078
-10.3105
-11.6245
-12.9902
-14.3727
-15.8216
-17.3312
-18.9383
-20.5708
-22.3318
-24.3564
