Input file: C:\Users\Garrett\Desktop\School\Thesis\TMMC\Confirmation_Results\Perfluoroethane\output\210K\out_PERETH_210K_1875_Mie_RUN2.log
Temperature     Box Volume      Midpoint        
210             27000           84              
Vap Dens mol/m3 Liq Dens mol/m3 Vapor Pressure  Surface Tension 
116.65          11026.6         0.189414        0.010936        
Weight Function 
0
0.49134
0.38168
-0.0601803
-0.75324
-1.5861
-2.55206
-3.58592
-4.68718
-5.88394
-7.1384
-8.37716
-9.63562
-10.9425
-12.2807
-13.5554
-14.8658
-16.1595
-17.5057
-18.8699
-20.1845
-21.4629
-22.7192
-23.9746
-25.3481
-26.5944
-27.9153
-29.1231
-30.2956
-31.5454
-32.7259
-33.8924
-35.0707
-36.23
-37.3768
-38.4297
-39.5912
-40.5709
-41.7486
-42.6282
-43.5979
-44.6447
-45.7027
-46.6194
-47.4621
-48.6509
-49.9298
-50.4371
-51.5829
-52.5712
-53.5294
-54.6866
-55.2157
-56.056
-56.8326
-58.0223
-58.8877
-59.8649
-60.7956
-61.8503
-62.2221
-62.6112
-64.0556
-64.8386
-63.8442
-64.1301
-65.3937
-66.0645
-66.8159
-65.0926
-62.6921
-63.2076
-62.4568
-63.5884
-64.1264
-64.5041
-65.0315
-65.1908
-65.1103
-65.2214
-65.2218
-65.7698
-65.8478
-67.0535
-67.8048
-66.0889
-64.2891
-64.8986
-66.0925
-66.8438
-63.6201
-63.2683
-61.9742
-61.1217
-60.9864
-60.3438
-60.5948
-60.5151
-60.6545
-61.1091
-62.1528
-61.4184
-61.1487
-60.4449
-60.2688
-61.0202
-61.7716
-59.2731
-55.4026
-54.2632
-54.226
-54.2406
-55.1982
-55.6154
-56.5716
-57.5529
-58.3043
-54.1313
-52.2301
-52.9815
-50.7832
-48.2564
-39.2278
-39.9792
-38.0711
-36.4726
-35.9809
-31.0407
-27.9033
-27.3928
-27.6084
-28.5041
-28.6388
-28.901
-28.7793
-29.0872
-28.7674
-24.9723
-23.2512
-24.9394
-25.0704
-25.0556
-24.2211
-24.3637
-24.2846
-23.7571
-23.0502
-22.2476
-21.3549
-20.4769
-19.5465
-18.7992
-17.8659
-16.9634
-16.0774
-15.2044
-14.352
-13.3949
-12.5144
-11.7013
-10.8662
-10.091
-9.34483
-8.59719
-7.82475
-7.04941
-6.38567
-5.76873
-5.06069
-4.38075
-3.66821
-2.97377
-2.56213
-2.1187
-1.68186
-1.26992
-0.842575
-0.655635
-0.506795
-0.314456
-0.409716
-0.529976
-0.761936
-0.922996
-1.19306
-1.65772
-2.34038
-3.06964
-3.9368
-4.74426
-5.58692
-6.74598
-7.99644
-9.573
-11.3088
-13.2393
-14.9246
-16.8893
-19.1755
-21.1843
