Input file: C:\Users\Garrett\Desktop\School\Thesis\TMMC\Confirmation_Results\Perfluoroethane\output\210K\out_PERETH_210K_1875_Mie_RUN3.log
Temperature     Box Volume      Midpoint        
210             27000           87              
Vap Dens mol/m3 Liq Dens mol/m3 Vapor Pressure  Surface Tension 
138.208         11172.4         0.223843        0.00911654      
Weight Function 
0
0.664541
0.700081
0.390022
-0.146037
-0.843796
-1.65576
-2.56601
-3.54757
-4.58173
-5.66259
-6.77645
-7.91811
-9.08287
-10.253
-11.4376
-12.6236
-13.814
-14.9966
-16.1768
-17.3524
-18.5212
-19.6774
-20.8195
-21.942
-23.0597
-24.1536
-25.2337
-26.2992
-27.3477
-28.3814
-29.3891
-30.3801
-31.3509
-32.3008
-33.2303
-34.1419
-35.0367
-35.9102
-36.767
-37.6083
-38.4227
-39.2154
-39.9856
-40.7329
-41.4686
-42.1866
-42.8896
-43.5704
-44.2326
-44.8786
-45.503
-46.1136
-46.7042
-47.2774
-47.832
-48.3661
-48.8807
-49.3855
-49.8661
-50.3254
-50.7656
-51.1804
-51.5857
-51.9755
-52.3433
-52.7026
-53.0378
-53.3688
-53.6816
-53.9713
-54.2436
-54.4967
-54.7245
-54.9419
-55.1387
-55.3165
-55.4852
-55.6382
-55.7786
-55.8902
-56.0003
-56.094
-56.1758
-56.2292
-56.2769
-56.3021
-56.3198
-56.3193
-56.305
-56.2662
-56.2207
-56.1629
-56.0892
-55.9931
-55.8807
-55.7532
-55.6004
-55.4363
-55.2657
-55.0769
-54.8667
-54.6386
-54.3965
-54.132
-53.8501
-53.549
-53.2312
-52.8977
-52.5567
-52.2005
-51.8135
-51.4125
-50.9966
-50.5577
-50.1125
-49.6418
-49.1535
-48.6482
-48.1188
-47.5662
-47.0186
-46.4449
-45.8539
-45.2361
-44.6
-43.9473
-43.2754
-42.5914
-41.8988
-41.1816
-40.4554
-39.7026
-38.9305
-38.1382
-37.3225
-36.4945
-35.6433
-34.7768
-33.899
-33.0089
-32.1101
-31.1955
-30.255
-29.3192
-28.3661
-27.3885
-26.403
-25.4057
-24.4089
-23.4025
-22.4036
-21.4079
-20.3938
-19.3646
-18.3751
-17.3886
-16.3808
-15.3804
-14.3919
-13.4125
-12.4343
-11.4607
-10.5175
-9.55482
-8.64008
-7.78044
-6.9554
-6.14786
-5.37981
-4.63287
-3.92313
-3.29929
-2.73125
-2.24721
-1.78017
-1.36783
-0.997988
-0.725948
-0.484607
-0.267466
-0.175525
-0.143885
-0.163044
-0.262503
-0.409462
-0.691222
-1.15368
-1.74524
-2.4342
-3.08396
-4.04722
-5.09558
-6.37154
-7.7644
-9.21655
-10.9709
-12.3487
-14.5955
-17.9106
