Input file: C:\Users\Garrett\Desktop\School\Thesis\TMMC\Confirmation_Results\Perfluoroethane\output\210K\out_PERETH_210K_1875_Mie_RUN4.log
Temperature     Box Volume      Midpoint        
210             27000           88              
Vap Dens mol/m3 Liq Dens mol/m3 Vapor Pressure  Surface Tension 
138.088         11191.1         0.223761        0.0091367       
Weight Function 
0
0.665071
0.699243
0.389614
-0.148115
-0.846644
-1.66367
-2.569
-3.55003
-4.58856
-5.66869
-6.78122
-7.92054
-9.08137
-10.2562
-11.4358
-12.62
-13.8078
-14.9898
-16.172
-17.3485
-18.5082
-19.6582
-20.7959
-21.9184
-23.0305
-24.1301
-25.2088
-26.2708
-27.321
-28.3532
-29.3634
-30.3551
-31.3282
-32.2847
-33.2191
-34.1346
-35.0264
-35.8993
-36.7575
-37.5944
-38.4038
-39.1964
-39.9677
-40.7284
-41.4628
-42.1841
-42.8855
-43.5676
-44.2308
-44.8767
-45.503
-46.1106
-46.702
-47.2706
-47.8259
-48.3684
-48.892
-49.3942
-49.8731
-50.3363
-50.7821
-51.2032
-51.6141
-52.0058
-52.3776
-52.7312
-53.0714
-53.3905
-53.6856
-53.9706
-54.2392
-54.494
-54.7334
-54.9542
-55.1586
-55.3447
-55.5171
-55.6702
-55.8142
-55.9361
-56.0496
-56.1448
-56.2209
-56.281
-56.3188
-56.3492
-56.3621
-56.3689
-56.3503
-56.3161
-56.2701
-56.207
-56.1245
-56.0214
-55.9048
-55.77
-55.6217
-55.4541
-55.2729
-55.0741
-54.8624
-54.6297
-54.3848
-54.1243
-53.8384
-53.5357
-53.2161
-52.874
-52.5164
-52.1507
-51.7649
-51.3567
-50.9355
-50.494
-50.0293
-49.5542
-49.0697
-48.5545
-48.0212
-47.4841
-46.9182
-46.3284
-45.724
-45.1179
-44.48
-43.8147
-43.1391
-42.4553
-41.7501
-41.0406
-40.3024
-39.5329
-38.7588
-37.965
-37.1554
-36.3197
-35.473
-34.6167
-33.725
-32.8254
-31.9045
-30.9713
-30.0428
-29.1032
-28.1395
-27.1723
-26.1935
-25.1999
-24.2184
-23.2294
-22.2368
-21.2418
-20.2434
-19.2393
-18.2246
-17.2297
-16.2512
-15.255
-14.2872
-13.3146
-12.3418
-11.4033
-10.4903
-9.59121
-8.69944
-7.83677
-7.0443
-6.27183
-5.52336
-4.79158
-4.13021
-3.50834
-2.95807
-2.4153
-1.93473
-1.53466
-1.22129
-0.834315
-0.512943
-0.362172
-0.227101
-0.265729
-0.126758
0.00891308
-0.181516
-0.547844
-1.10117
-2.046
-2.71393
-3.42306
-4.27489
-5.22862
-6.42285
-7.92277
-9.2112
-10.9695
-12.765
-14.2348
-16.7951
