Input file: C:\Users\Garrett\Desktop\School\Thesis\TMMC\Confirmation_Results\Perfluoroethane\output\210K\out_PERETH_210K_1875_Mie_RUN1.log
Temperature     Box Volume      Midpoint        
210             27000           87              
Vap Dens mol/m3 Liq Dens mol/m3 Vapor Pressure  Surface Tension 
139.064         11133           0.225407        0.00907547      
Weight Function 
0
0.672067
0.714334
0.410201
-0.120533
-0.815866
-1.6279
-2.53313
-3.51117
-4.5405
-5.61423
-6.72456
-7.8577
-9.01173
-10.1823
-11.3601
-12.5402
-13.726
-14.906
-16.0832
-17.2538
-18.4179
-19.5689
-20.7033
-21.8295
-22.9444
-24.0378
-25.1113
-26.1734
-27.214
-28.2417
-29.2513
-30.2426
-31.211
-32.158
-33.0839
-34.0003
-34.8912
-35.7668
-36.617
-37.4509
-38.2647
-39.0539
-39.8325
-40.5825
-41.3178
-42.0409
-42.7339
-43.412
-44.0744
-44.7178
-45.3447
-45.9407
-46.5261
-47.0882
-47.6396
-48.1662
-48.6802
-49.1753
-49.6536
-50.1191
-50.5535
-50.9811
-51.3808
-51.7621
-52.1301
-52.4814
-52.8154
-53.1238
-53.4195
-53.7015
-53.9708
-54.2237
-54.4509
-54.6677
-54.8667
-55.0537
-55.2191
-55.3628
-55.4889
-55.6047
-55.7033
-55.7859
-55.8445
-55.8976
-55.9252
-55.9471
-55.9626
-55.9485
-55.9383
-55.9042
-55.8451
-55.7674
-55.6804
-55.5818
-55.4678
-55.3313
-55.1744
-54.9974
-54.8099
-54.5997
-54.3828
-54.1415
-53.8884
-53.6078
-53.324
-53.0227
-52.6948
-52.3668
-52.0109
-51.6394
-51.2453
-50.8391
-50.4179
-49.976
-49.5215
-49.0426
-48.5364
-48.0325
-47.5058
-46.9598
-46.3966
-45.8112
-45.2165
-44.6032
-43.9629
-43.3147
-42.6533
-41.9702
-41.2692
-40.5543
-39.8151
-39.0637
-38.2733
-37.4858
-36.6837
-35.8467
-34.9962
-34.1375
-33.2479
-32.351
-31.4693
-30.5521
-29.6386
-28.6985
-27.768
-26.7984
-25.8218
-24.8276
-23.8335
-22.8235
-21.8098
-20.8051
-19.7702
-18.7544
-17.7356
-16.7175
-15.7085
-14.7119
-13.7397
-12.7739
-11.846
-10.8988
-9.9985
-9.10743
-8.25557
-7.4433
-6.70423
-5.95957
-5.2535
-4.53693
-3.83857
-3.1793
-2.59083
-2.05166
-1.5691
-1.22053
-0.849764
-0.526297
-0.288031
-0.120764
0.0463032
-0.03513
-0.238663
-0.363496
-0.832229
-1.11496
-1.4757
-1.96413
-2.89996
-3.8899
-4.87333
-6.19936
-7.47879
-8.62483
-10.1563
-12.046
-13.7242
-15.4827
-17.7805
